[1.155s] Invoking command in '/home/a4x/hezixiang/ws_rm_robot/src/moveit2/moveit_configs_utils': PYTHONPATH=/home/a4x/hezixiang/ws_rm_robot/build/moveit_configs_utils/prefix_override:/home/a4x/hezixiang/ws_rm_robot/install/moveit_configs_utils/lib/python3.10/site-packages:${PYTHONPATH} /usr/bin/python3 -W ignore:setup.py install is deprecated setup.py egg_info --egg-base ../../../build/moveit_configs_utils build --build-base /home/a4x/hezixiang/ws_rm_robot/build/moveit_configs_utils/build install --record /home/a4x/hezixiang/ws_rm_robot/build/moveit_configs_utils/install.log --single-version-externally-managed install_data
[1.359s] running egg_info
[1.360s] writing ../../../build/moveit_configs_utils/moveit_configs_utils.egg-info/PKG-INFO
[1.360s] writing dependency_links to ../../../build/moveit_configs_utils/moveit_configs_utils.egg-info/dependency_links.txt
[1.360s] writing entry points to ../../../build/moveit_configs_utils/moveit_configs_utils.egg-info/entry_points.txt
[1.360s] writing requirements to ../../../build/moveit_configs_utils/moveit_configs_utils.egg-info/requires.txt
[1.360s] writing top-level names to ../../../build/moveit_configs_utils/moveit_configs_utils.egg-info/top_level.txt
[1.361s] reading manifest file '../../../build/moveit_configs_utils/moveit_configs_utils.egg-info/SOURCES.txt'
[1.362s] writing manifest file '../../../build/moveit_configs_utils/moveit_configs_utils.egg-info/SOURCES.txt'
[1.362s] running build
[1.362s] running build_py
[1.362s] running install
[1.363s] running install_lib
[1.363s] running install_data
[1.364s] running install_egg_info
[1.365s] removing '/home/a4x/hezixiang/ws_rm_robot/install/moveit_configs_utils/lib/python3.10/site-packages/moveit_configs_utils-2.5.5-py3.10.egg-info' (and everything under it)
[1.365s] Copying ../../../build/moveit_configs_utils/moveit_configs_utils.egg-info to /home/a4x/hezixiang/ws_rm_robot/install/moveit_configs_utils/lib/python3.10/site-packages/moveit_configs_utils-2.5.5-py3.10.egg-info
[1.365s] running install_scripts
[1.379s] writing list of installed files to '/home/a4x/hezixiang/ws_rm_robot/build/moveit_configs_utils/install.log'
[1.398s] Invoked command in '/home/a4x/hezixiang/ws_rm_robot/src/moveit2/moveit_configs_utils' returned '0': PYTHONPATH=/home/a4x/hezixiang/ws_rm_robot/build/moveit_configs_utils/prefix_override:/home/a4x/hezixiang/ws_rm_robot/install/moveit_configs_utils/lib/python3.10/site-packages:${PYTHONPATH} /usr/bin/python3 -W ignore:setup.py install is deprecated setup.py egg_info --egg-base ../../../build/moveit_configs_utils build --build-base /home/a4x/hezixiang/ws_rm_robot/build/moveit_configs_utils/build install --record /home/a4x/hezixiang/ws_rm_robot/build/moveit_configs_utils/install.log --single-version-externally-managed install_data
