[  0%] Built target rm_ros_interfaces__cpp
[ 12%] Built target rm_ros_interfaces__rosidl_generator_c
[ 12%] Built target ament_cmake_python_copy_rm_ros_interfaces
[ 24%] Built target rm_ros_interfaces__rosidl_typesupport_cpp
[ 39%] Built target rm_ros_interfaces__rosidl_typesupport_fastrtps_cpp
[ 48%] Built target rm_ros_interfaces__rosidl_typesupport_c
[ 71%] Built target rm_ros_interfaces__rosidl_typesupport_fastrtps_c
[ 73%] Built target rm_ros_interfaces__rosidl_typesupport_introspection_c
[ 86%] Built target rm_ros_interfaces__rosidl_typesupport_introspection_cpp
[ 86%] Built target rm_ros_interfaces
[ 86%] Built target rm_ros_interfaces__py
[ 98%] Built target rm_ros_interfaces__rosidl_generator_py
[100%] Built target rm_ros_interfaces__rosidl_typesupport_fastrtps_c__pyext
[100%] Built target rm_ros_interfaces__rosidl_typesupport_c__pyext
[100%] Built target rm_ros_interfaces__rosidl_typesupport_introspection_c__pyext
running egg_info
writing rm_ros_interfaces.egg-info/PKG-INFO
writing dependency_links to rm_ros_interfaces.egg-info/dependency_links.txt
writing top-level names to rm_ros_interfaces.egg-info/top_level.txt
reading manifest file 'rm_ros_interfaces.egg-info/SOURCES.txt'
writing manifest file 'rm_ros_interfaces.egg-info/SOURCES.txt'
[100%] Built target ament_cmake_python_build_rm_ros_interfaces_egg
-- Install configuration: ""
-- Up-to-date: /home/a4x/hezixiang/ws_rm_robot/install/rm_ros_interfaces/share/ament_index/resource_index/rosidl_interfaces/rm_ros_interfaces
-- Up-to-date: /home/a4x/hezixiang/ws_rm_robot/install/rm_ros_interfaces/include/rm_ros_interfaces/rm_ros_interfaces
-- Up-to-date: /home/a4x/hezixiang/ws_rm_robot/install/rm_ros_interfaces/include/rm_ros_interfaces/rm_ros_interfaces/msg
-- Up-to-date: /home/a4x/hezixiang/ws_rm_robot/install/rm_ros_interfaces/include/rm_ros_interfaces/rm_ros_interfaces/msg/rosidl_generator_c__visibility_control.h
-- Up-to-date: /home/a4x/hezixiang/ws_rm_robot/install/rm_ros_interfaces/include/rm_ros_interfaces/rm_ros_interfaces/msg/getallframe.h
-- Up-to-date: /home/a4x/hezixiang/ws_rm_robot/install/rm_ros_interfaces/include/rm_ros_interfaces/rm_ros_interfaces/msg/liftspeed.h
-- Up-to-date: /home/a4x/hezixiang/ws_rm_robot/install/rm_ros_interfaces/include/rm_ros_interfaces/rm_ros_interfaces/msg/gripperpick.h
-- Up-to-date: /home/a4x/hezixiang/ws_rm_robot/install/rm_ros_interfaces/include/rm_ros_interfaces/rm_ros_interfaces/msg/detail
-- Up-to-date: /home/a4x/hezixiang/ws_rm_robot/install/rm_ros_interfaces/include/rm_ros_interfaces/rm_ros_interfaces/msg/detail/handseq__functions.h
-- Up-to-date: /home/a4x/hezixiang/ws_rm_robot/install/rm_ros_interfaces/include/rm_ros_interfaces/rm_ros_interfaces/msg/detail/cartepos__type_support.h
-- Up-to-date: /home/a4x/hezixiang/ws_rm_robot/install/rm_ros_interfaces/include/rm_ros_interfaces/rm_ros_interfaces/msg/detail/movejp__functions.h
-- Up-to-date: /home/a4x/hezixiang/ws_rm_robot/install/rm_ros_interfaces/include/rm_ros_interfaces/rm_ros_interfaces/msg/detail/handspeed__struct.h
-- Up-to-date: /home/a4x/hezixiang/ws_rm_robot/install/rm_ros_interfaces/include/rm_ros_interfaces/rm_ros_interfaces/msg/detail/movej__type_support.h
-- Up-to-date: /home/a4x/hezixiang/ws_rm_robot/install/rm_ros_interfaces/include/rm_ros_interfaces/rm_ros_interfaces/msg/detail/forcepositionmovejoint__struct.h
-- Up-to-date: /home/a4x/hezixiang/ws_rm_robot/install/rm_ros_interfaces/include/rm_ros_interfaces/rm_ros_interfaces/msg/detail/movej__struct.h
-- Up-to-date: /home/a4x/hezixiang/ws_rm_robot/install/rm_ros_interfaces/include/rm_ros_interfaces/rm_ros_interfaces/msg/detail/cartepos__functions.h
-- Up-to-date: /home/a4x/hezixiang/ws_rm_robot/install/rm_ros_interfaces/include/rm_ros_interfaces/rm_ros_interfaces/msg/detail/gripperset__functions.c
-- Up-to-date: /home/a4x/hezixiang/ws_rm_robot/install/rm_ros_interfaces/include/rm_ros_interfaces/rm_ros_interfaces/msg/detail/liftstate__functions.c
-- Up-to-date: /home/a4x/hezixiang/ws_rm_robot/install/rm_ros_interfaces/include/rm_ros_interfaces/rm_ros_interfaces/msg/detail/handspeed__functions.c
-- Up-to-date: /home/a4x/hezixiang/ws_rm_robot/install/rm_ros_interfaces/include/rm_ros_interfaces/rm_ros_interfaces/msg/detail/getallframe__struct.h
-- Up-to-date: /home/a4x/hezixiang/ws_rm_robot/install/rm_ros_interfaces/include/rm_ros_interfaces/rm_ros_interfaces/msg/detail/handposture__struct.h
-- Up-to-date: /home/a4x/hezixiang/ws_rm_robot/install/rm_ros_interfaces/include/rm_ros_interfaces/rm_ros_interfaces/msg/detail/liftstate__struct.h
-- Up-to-date: /home/a4x/hezixiang/ws_rm_robot/install/rm_ros_interfaces/include/rm_ros_interfaces/rm_ros_interfaces/msg/detail/liftheight__type_support.h
-- Up-to-date: /home/a4x/hezixiang/ws_rm_robot/install/rm_ros_interfaces/include/rm_ros_interfaces/rm_ros_interfaces/msg/detail/handangle__functions.h
-- Up-to-date: /home/a4x/hezixiang/ws_rm_robot/install/rm_ros_interfaces/include/rm_ros_interfaces/rm_ros_interfaces/msg/detail/getallframe__type_support.h
-- Up-to-date: /home/a4x/hezixiang/ws_rm_robot/install/rm_ros_interfaces/include/rm_ros_interfaces/rm_ros_interfaces/msg/detail/sixforce__struct.h
-- Up-to-date: /home/a4x/hezixiang/ws_rm_robot/install/rm_ros_interfaces/include/rm_ros_interfaces/rm_ros_interfaces/msg/detail/movel__functions.h
-- Up-to-date: /home/a4x/hezixiang/ws_rm_robot/install/rm_ros_interfaces/include/rm_ros_interfaces/rm_ros_interfaces/msg/detail/movec__functions.h
-- Up-to-date: /home/a4x/hezixiang/ws_rm_robot/install/rm_ros_interfaces/include/rm_ros_interfaces/rm_ros_interfaces/msg/detail/armsoftversion__functions.c
-- Up-to-date: /home/a4x/hezixiang/ws_rm_robot/install/rm_ros_interfaces/include/rm_ros_interfaces/rm_ros_interfaces/msg/detail/handangle__struct.h
-- Up-to-date: /home/a4x/hezixiang/ws_rm_robot/install/rm_ros_interfaces/include/rm_ros_interfaces/rm_ros_interfaces/msg/detail/handseq__type_support.h
-- Up-to-date: /home/a4x/hezixiang/ws_rm_robot/install/rm_ros_interfaces/include/rm_ros_interfaces/rm_ros_interfaces/msg/detail/gripperset__functions.h
-- Up-to-date: /home/a4x/hezixiang/ws_rm_robot/install/rm_ros_interfaces/include/rm_ros_interfaces/rm_ros_interfaces/msg/detail/liftstate__functions.h
-- Up-to-date: /home/a4x/hezixiang/ws_rm_robot/install/rm_ros_interfaces/include/rm_ros_interfaces/rm_ros_interfaces/msg/detail/forcepositionmovepose__functions.h
-- Up-to-date: /home/a4x/hezixiang/ws_rm_robot/install/rm_ros_interfaces/include/rm_ros_interfaces/rm_ros_interfaces/msg/detail/handforce__struct.h
-- Up-to-date: /home/a4x/hezixiang/ws_rm_robot/install/rm_ros_interfaces/include/rm_ros_interfaces/rm_ros_interfaces/msg/detail/forcepositionmovepose__functions.c
-- Up-to-date: /home/a4x/hezixiang/ws_rm_robot/install/rm_ros_interfaces/include/rm_ros_interfaces/rm_ros_interfaces/msg/detail/jointpos__type_support.h
-- Up-to-date: /home/a4x/hezixiang/ws_rm_robot/install/rm_ros_interfaces/include/rm_ros_interfaces/rm_ros_interfaces/msg/detail/armsoftversion__struct.h
-- Up-to-date: /home/a4x/hezixiang/ws_rm_robot/install/rm_ros_interfaces/include/rm_ros_interfaces/rm_ros_interfaces/msg/detail/gripperpick__type_support.h
-- Up-to-date: /home/a4x/hezixiang/ws_rm_robot/install/rm_ros_interfaces/include/rm_ros_interfaces/rm_ros_interfaces/msg/detail/movec__struct.h
-- Up-to-date: /home/a4x/hezixiang/ws_rm_robot/install/rm_ros_interfaces/include/rm_ros_interfaces/rm_ros_interfaces/msg/detail/armoriginalstate__functions.h
-- Up-to-date: /home/a4x/hezixiang/ws_rm_robot/install/rm_ros_interfaces/include/rm_ros_interfaces/rm_ros_interfaces/msg/detail/movel__functions.c
-- Up-to-date: /home/a4x/hezixiang/ws_rm_robot/install/rm_ros_interfaces/include/rm_ros_interfaces/rm_ros_interfaces/msg/detail/armsoftversion__type_support.h
-- Up-to-date: /home/a4x/hezixiang/ws_rm_robot/install/rm_ros_interfaces/include/rm_ros_interfaces/rm_ros_interfaces/msg/detail/jointerrclear__functions.c
-- Up-to-date: /home/a4x/hezixiang/ws_rm_robot/install/rm_ros_interfaces/include/rm_ros_interfaces/rm_ros_interfaces/msg/detail/jointpos__functions.c
-- Up-to-date: /home/a4x/hezixiang/ws_rm_robot/install/rm_ros_interfaces/include/rm_ros_interfaces/rm_ros_interfaces/msg/detail/armstate__functions.c
-- Up-to-date: /home/a4x/hezixiang/ws_rm_robot/install/rm_ros_interfaces/include/rm_ros_interfaces/rm_ros_interfaces/msg/detail/liftspeed__functions.c
-- Up-to-date: /home/a4x/hezixiang/ws_rm_robot/install/rm_ros_interfaces/include/rm_ros_interfaces/rm_ros_interfaces/msg/detail/movejp__struct.h
-- Up-to-date: /home/a4x/hezixiang/ws_rm_robot/install/rm_ros_interfaces/include/rm_ros_interfaces/rm_ros_interfaces/msg/detail/liftheight__struct.h
-- Up-to-date: /home/a4x/hezixiang/ws_rm_robot/install/rm_ros_interfaces/include/rm_ros_interfaces/rm_ros_interfaces/msg/detail/jointerrclear__functions.h
-- Up-to-date: /home/a4x/hezixiang/ws_rm_robot/install/rm_ros_interfaces/include/rm_ros_interfaces/rm_ros_interfaces/msg/detail/handspeed__type_support.h
-- Up-to-date: /home/a4x/hezixiang/ws_rm_robot/install/rm_ros_interfaces/include/rm_ros_interfaces/rm_ros_interfaces/msg/detail/gripperpick__functions.c
-- Up-to-date: /home/a4x/hezixiang/ws_rm_robot/install/rm_ros_interfaces/include/rm_ros_interfaces/rm_ros_interfaces/msg/detail/gripperset__struct.h
-- Up-to-date: /home/a4x/hezixiang/ws_rm_robot/install/rm_ros_interfaces/include/rm_ros_interfaces/rm_ros_interfaces/msg/detail/handposture__functions.c
-- Up-to-date: /home/a4x/hezixiang/ws_rm_robot/install/rm_ros_interfaces/include/rm_ros_interfaces/rm_ros_interfaces/msg/detail/jointpos__functions.h
-- Up-to-date: /home/a4x/hezixiang/ws_rm_robot/install/rm_ros_interfaces/include/rm_ros_interfaces/rm_ros_interfaces/msg/detail/setrealtimepush__struct.h
-- Up-to-date: /home/a4x/hezixiang/ws_rm_robot/install/rm_ros_interfaces/include/rm_ros_interfaces/rm_ros_interfaces/msg/detail/gripperpick__functions.h
-- Up-to-date: /home/a4x/hezixiang/ws_rm_robot/install/rm_ros_interfaces/include/rm_ros_interfaces/rm_ros_interfaces/msg/detail/movejp__type_support.h
-- Up-to-date: /home/a4x/hezixiang/ws_rm_robot/install/rm_ros_interfaces/include/rm_ros_interfaces/rm_ros_interfaces/msg/detail/handposture__type_support.h
-- Up-to-date: /home/a4x/hezixiang/ws_rm_robot/install/rm_ros_interfaces/include/rm_ros_interfaces/rm_ros_interfaces/msg/detail/movec__type_support.h
-- Up-to-date: /home/a4x/hezixiang/ws_rm_robot/install/rm_ros_interfaces/include/rm_ros_interfaces/rm_ros_interfaces/msg/detail/forcepositionmovepose__type_support.h
-- Up-to-date: /home/a4x/hezixiang/ws_rm_robot/install/rm_ros_interfaces/include/rm_ros_interfaces/rm_ros_interfaces/msg/detail/liftspeed__type_support.h
-- Up-to-date: /home/a4x/hezixiang/ws_rm_robot/install/rm_ros_interfaces/include/rm_ros_interfaces/rm_ros_interfaces/msg/detail/movel__type_support.h
-- Up-to-date: /home/a4x/hezixiang/ws_rm_robot/install/rm_ros_interfaces/include/rm_ros_interfaces/rm_ros_interfaces/msg/detail/jointerrorcode__struct.h
-- Up-to-date: /home/a4x/hezixiang/ws_rm_robot/install/rm_ros_interfaces/include/rm_ros_interfaces/rm_ros_interfaces/msg/detail/liftheight__functions.h
-- Up-to-date: /home/a4x/hezixiang/ws_rm_robot/install/rm_ros_interfaces/include/rm_ros_interfaces/rm_ros_interfaces/msg/detail/movej__functions.h
-- Up-to-date: /home/a4x/hezixiang/ws_rm_robot/install/rm_ros_interfaces/include/rm_ros_interfaces/rm_ros_interfaces/msg/detail/armsoftversion__functions.h
-- Up-to-date: /home/a4x/hezixiang/ws_rm_robot/install/rm_ros_interfaces/include/rm_ros_interfaces/rm_ros_interfaces/msg/detail/getallframe__functions.h
-- Up-to-date: /home/a4x/hezixiang/ws_rm_robot/install/rm_ros_interfaces/include/rm_ros_interfaces/rm_ros_interfaces/msg/detail/sixforce__functions.h
-- Up-to-date: /home/a4x/hezixiang/ws_rm_robot/install/rm_ros_interfaces/include/rm_ros_interfaces/rm_ros_interfaces/msg/detail/setrealtimepush__functions.h
-- Up-to-date: /home/a4x/hezixiang/ws_rm_robot/install/rm_ros_interfaces/include/rm_ros_interfaces/rm_ros_interfaces/msg/detail/handposture__functions.h
-- Up-to-date: /home/a4x/hezixiang/ws_rm_robot/install/rm_ros_interfaces/include/rm_ros_interfaces/rm_ros_interfaces/msg/detail/setforceposition__functions.h
-- Up-to-date: /home/a4x/hezixiang/ws_rm_robot/install/rm_ros_interfaces/include/rm_ros_interfaces/rm_ros_interfaces/msg/detail/handforce__functions.h
-- Up-to-date: /home/a4x/hezixiang/ws_rm_robot/install/rm_ros_interfaces/include/rm_ros_interfaces/rm_ros_interfaces/msg/detail/forcepositionmovepose__struct.h
-- Up-to-date: /home/a4x/hezixiang/ws_rm_robot/install/rm_ros_interfaces/include/rm_ros_interfaces/rm_ros_interfaces/msg/detail/handforce__type_support.h
-- Up-to-date: /home/a4x/hezixiang/ws_rm_robot/install/rm_ros_interfaces/include/rm_ros_interfaces/rm_ros_interfaces/msg/detail/jointpos__struct.h
-- Up-to-date: /home/a4x/hezixiang/ws_rm_robot/install/rm_ros_interfaces/include/rm_ros_interfaces/rm_ros_interfaces/msg/detail/handforce__functions.c
-- Up-to-date: /home/a4x/hezixiang/ws_rm_robot/install/rm_ros_interfaces/include/rm_ros_interfaces/rm_ros_interfaces/msg/detail/armstate__type_support.h
-- Up-to-date: /home/a4x/hezixiang/ws_rm_robot/install/rm_ros_interfaces/include/rm_ros_interfaces/rm_ros_interfaces/msg/detail/cartepos__functions.c
-- Up-to-date: /home/a4x/hezixiang/ws_rm_robot/install/rm_ros_interfaces/include/rm_ros_interfaces/rm_ros_interfaces/msg/detail/movec__functions.c
-- Up-to-date: /home/a4x/hezixiang/ws_rm_robot/install/rm_ros_interfaces/include/rm_ros_interfaces/rm_ros_interfaces/msg/detail/forcepositionmovejoint__functions.c
-- Up-to-date: /home/a4x/hezixiang/ws_rm_robot/install/rm_ros_interfaces/include/rm_ros_interfaces/rm_ros_interfaces/msg/detail/armoriginalstate__struct.h
-- Up-to-date: /home/a4x/hezixiang/ws_rm_robot/install/rm_ros_interfaces/include/rm_ros_interfaces/rm_ros_interfaces/msg/detail/setrealtimepush__type_support.h
-- Up-to-date: /home/a4x/hezixiang/ws_rm_robot/install/rm_ros_interfaces/include/rm_ros_interfaces/rm_ros_interfaces/msg/detail/sixforce__functions.c
-- Up-to-date: /home/a4x/hezixiang/ws_rm_robot/install/rm_ros_interfaces/include/rm_ros_interfaces/rm_ros_interfaces/msg/detail/handangle__functions.c
-- Up-to-date: /home/a4x/hezixiang/ws_rm_robot/install/rm_ros_interfaces/include/rm_ros_interfaces/rm_ros_interfaces/msg/detail/liftstate__type_support.h
-- Up-to-date: /home/a4x/hezixiang/ws_rm_robot/install/rm_ros_interfaces/include/rm_ros_interfaces/rm_ros_interfaces/msg/detail/forcepositionmovejoint__functions.h
-- Up-to-date: /home/a4x/hezixiang/ws_rm_robot/install/rm_ros_interfaces/include/rm_ros_interfaces/rm_ros_interfaces/msg/detail/handspeed__functions.h
-- Up-to-date: /home/a4x/hezixiang/ws_rm_robot/install/rm_ros_interfaces/include/rm_ros_interfaces/rm_ros_interfaces/msg/detail/jointerrorcode__functions.h
-- Up-to-date: /home/a4x/hezixiang/ws_rm_robot/install/rm_ros_interfaces/include/rm_ros_interfaces/rm_ros_interfaces/msg/detail/armoriginalstate__functions.c
-- Up-to-date: /home/a4x/hezixiang/ws_rm_robot/install/rm_ros_interfaces/include/rm_ros_interfaces/rm_ros_interfaces/msg/detail/armoriginalstate__type_support.h
-- Up-to-date: /home/a4x/hezixiang/ws_rm_robot/install/rm_ros_interfaces/include/rm_ros_interfaces/rm_ros_interfaces/msg/detail/liftspeed__functions.h
-- Up-to-date: /home/a4x/hezixiang/ws_rm_robot/install/rm_ros_interfaces/include/rm_ros_interfaces/rm_ros_interfaces/msg/detail/movej__functions.c
-- Up-to-date: /home/a4x/hezixiang/ws_rm_robot/install/rm_ros_interfaces/include/rm_ros_interfaces/rm_ros_interfaces/msg/detail/armstate__functions.h
-- Up-to-date: /home/a4x/hezixiang/ws_rm_robot/install/rm_ros_interfaces/include/rm_ros_interfaces/rm_ros_interfaces/msg/detail/jointerrorcode__functions.c
-- Up-to-date: /home/a4x/hezixiang/ws_rm_robot/install/rm_ros_interfaces/include/rm_ros_interfaces/rm_ros_interfaces/msg/detail/jointerrorcode__type_support.h
-- Up-to-date: /home/a4x/hezixiang/ws_rm_robot/install/rm_ros_interfaces/include/rm_ros_interfaces/rm_ros_interfaces/msg/detail/handangle__type_support.h
-- Up-to-date: /home/a4x/hezixiang/ws_rm_robot/install/rm_ros_interfaces/include/rm_ros_interfaces/rm_ros_interfaces/msg/detail/setforceposition__type_support.h
-- Up-to-date: /home/a4x/hezixiang/ws_rm_robot/install/rm_ros_interfaces/include/rm_ros_interfaces/rm_ros_interfaces/msg/detail/jointerrclear__type_support.h
-- Up-to-date: /home/a4x/hezixiang/ws_rm_robot/install/rm_ros_interfaces/include/rm_ros_interfaces/rm_ros_interfaces/msg/detail/forcepositionmovejoint__type_support.h
-- Up-to-date: /home/a4x/hezixiang/ws_rm_robot/install/rm_ros_interfaces/include/rm_ros_interfaces/rm_ros_interfaces/msg/detail/liftspeed__struct.h
-- Up-to-date: /home/a4x/hezixiang/ws_rm_robot/install/rm_ros_interfaces/include/rm_ros_interfaces/rm_ros_interfaces/msg/detail/setforceposition__struct.h
-- Up-to-date: /home/a4x/hezixiang/ws_rm_robot/install/rm_ros_interfaces/include/rm_ros_interfaces/rm_ros_interfaces/msg/detail/gripperpick__struct.h
-- Up-to-date: /home/a4x/hezixiang/ws_rm_robot/install/rm_ros_interfaces/include/rm_ros_interfaces/rm_ros_interfaces/msg/detail/setforceposition__functions.c
-- Up-to-date: /home/a4x/hezixiang/ws_rm_robot/install/rm_ros_interfaces/include/rm_ros_interfaces/rm_ros_interfaces/msg/detail/gripperset__type_support.h
-- Up-to-date: /home/a4x/hezixiang/ws_rm_robot/install/rm_ros_interfaces/include/rm_ros_interfaces/rm_ros_interfaces/msg/detail/armstate__struct.h
-- Up-to-date: /home/a4x/hezixiang/ws_rm_robot/install/rm_ros_interfaces/include/rm_ros_interfaces/rm_ros_interfaces/msg/detail/setrealtimepush__functions.c
-- Up-to-date: /home/a4x/hezixiang/ws_rm_robot/install/rm_ros_interfaces/include/rm_ros_interfaces/rm_ros_interfaces/msg/detail/sixforce__type_support.h
-- Up-to-date: /home/a4x/hezixiang/ws_rm_robot/install/rm_ros_interfaces/include/rm_ros_interfaces/rm_ros_interfaces/msg/detail/movel__struct.h
-- Up-to-date: /home/a4x/hezixiang/ws_rm_robot/install/rm_ros_interfaces/include/rm_ros_interfaces/rm_ros_interfaces/msg/detail/movejp__functions.c
-- Up-to-date: /home/a4x/hezixiang/ws_rm_robot/install/rm_ros_interfaces/include/rm_ros_interfaces/rm_ros_interfaces/msg/detail/cartepos__struct.h
-- Up-to-date: /home/a4x/hezixiang/ws_rm_robot/install/rm_ros_interfaces/include/rm_ros_interfaces/rm_ros_interfaces/msg/detail/handseq__struct.h
-- Up-to-date: /home/a4x/hezixiang/ws_rm_robot/install/rm_ros_interfaces/include/rm_ros_interfaces/rm_ros_interfaces/msg/detail/handseq__functions.c
-- Up-to-date: /home/a4x/hezixiang/ws_rm_robot/install/rm_ros_interfaces/include/rm_ros_interfaces/rm_ros_interfaces/msg/detail/jointerrclear__struct.h
-- Up-to-date: /home/a4x/hezixiang/ws_rm_robot/install/rm_ros_interfaces/include/rm_ros_interfaces/rm_ros_interfaces/msg/detail/liftheight__functions.c
-- Up-to-date: /home/a4x/hezixiang/ws_rm_robot/install/rm_ros_interfaces/include/rm_ros_interfaces/rm_ros_interfaces/msg/detail/getallframe__functions.c
-- Up-to-date: /home/a4x/hezixiang/ws_rm_robot/install/rm_ros_interfaces/include/rm_ros_interfaces/rm_ros_interfaces/msg/cartepos.h
-- Up-to-date: /home/a4x/hezixiang/ws_rm_robot/install/rm_ros_interfaces/include/rm_ros_interfaces/rm_ros_interfaces/msg/jointpos.h
-- Up-to-date: /home/a4x/hezixiang/ws_rm_robot/install/rm_ros_interfaces/include/rm_ros_interfaces/rm_ros_interfaces/msg/forcepositionmovepose.h
-- Up-to-date: /home/a4x/hezixiang/ws_rm_robot/install/rm_ros_interfaces/include/rm_ros_interfaces/rm_ros_interfaces/msg/forcepositionmovejoint.h
-- Up-to-date: /home/a4x/hezixiang/ws_rm_robot/install/rm_ros_interfaces/include/rm_ros_interfaces/rm_ros_interfaces/msg/handangle.h
-- Up-to-date: /home/a4x/hezixiang/ws_rm_robot/install/rm_ros_interfaces/include/rm_ros_interfaces/rm_ros_interfaces/msg/setrealtimepush.h
-- Up-to-date: /home/a4x/hezixiang/ws_rm_robot/install/rm_ros_interfaces/include/rm_ros_interfaces/rm_ros_interfaces/msg/sixforce.h
-- Up-to-date: /home/a4x/hezixiang/ws_rm_robot/install/rm_ros_interfaces/include/rm_ros_interfaces/rm_ros_interfaces/msg/handseq.h
-- Up-to-date: /home/a4x/hezixiang/ws_rm_robot/install/rm_ros_interfaces/include/rm_ros_interfaces/rm_ros_interfaces/msg/handspeed.h
-- Up-to-date: /home/a4x/hezixiang/ws_rm_robot/install/rm_ros_interfaces/include/rm_ros_interfaces/rm_ros_interfaces/msg/movec.h
-- Up-to-date: /home/a4x/hezixiang/ws_rm_robot/install/rm_ros_interfaces/include/rm_ros_interfaces/rm_ros_interfaces/msg/handforce.h
-- Up-to-date: /home/a4x/hezixiang/ws_rm_robot/install/rm_ros_interfaces/include/rm_ros_interfaces/rm_ros_interfaces/msg/movel.h
-- Up-to-date: /home/a4x/hezixiang/ws_rm_robot/install/rm_ros_interfaces/include/rm_ros_interfaces/rm_ros_interfaces/msg/jointerrclear.h
-- Up-to-date: /home/a4x/hezixiang/ws_rm_robot/install/rm_ros_interfaces/include/rm_ros_interfaces/rm_ros_interfaces/msg/jointerrorcode.h
-- Up-to-date: /home/a4x/hezixiang/ws_rm_robot/install/rm_ros_interfaces/include/rm_ros_interfaces/rm_ros_interfaces/msg/armoriginalstate.h
-- Up-to-date: /home/a4x/hezixiang/ws_rm_robot/install/rm_ros_interfaces/include/rm_ros_interfaces/rm_ros_interfaces/msg/armstate.h
-- Up-to-date: /home/a4x/hezixiang/ws_rm_robot/install/rm_ros_interfaces/include/rm_ros_interfaces/rm_ros_interfaces/msg/liftheight.h
-- Up-to-date: /home/a4x/hezixiang/ws_rm_robot/install/rm_ros_interfaces/include/rm_ros_interfaces/rm_ros_interfaces/msg/movej.h
-- Up-to-date: /home/a4x/hezixiang/ws_rm_robot/install/rm_ros_interfaces/include/rm_ros_interfaces/rm_ros_interfaces/msg/armsoftversion.h
-- Up-to-date: /home/a4x/hezixiang/ws_rm_robot/install/rm_ros_interfaces/include/rm_ros_interfaces/rm_ros_interfaces/msg/handposture.h
-- Up-to-date: /home/a4x/hezixiang/ws_rm_robot/install/rm_ros_interfaces/include/rm_ros_interfaces/rm_ros_interfaces/msg/movejp.h
-- Up-to-date: /home/a4x/hezixiang/ws_rm_robot/install/rm_ros_interfaces/include/rm_ros_interfaces/rm_ros_interfaces/msg/setforceposition.h
-- Up-to-date: /home/a4x/hezixiang/ws_rm_robot/install/rm_ros_interfaces/include/rm_ros_interfaces/rm_ros_interfaces/msg/gripperset.h
-- Up-to-date: /home/a4x/hezixiang/ws_rm_robot/install/rm_ros_interfaces/include/rm_ros_interfaces/rm_ros_interfaces/msg/liftstate.h
-- Up-to-date: /home/a4x/hezixiang/ws_rm_robot/install/rm_ros_interfaces/share/rm_ros_interfaces/environment/library_path.sh
-- Up-to-date: /home/a4x/hezixiang/ws_rm_robot/install/rm_ros_interfaces/share/rm_ros_interfaces/environment/library_path.dsv
-- Up-to-date: /home/a4x/hezixiang/ws_rm_robot/install/rm_ros_interfaces/lib/librm_ros_interfaces__rosidl_generator_c.so
-- Up-to-date: /home/a4x/hezixiang/ws_rm_robot/install/rm_ros_interfaces/include/rm_ros_interfaces/rm_ros_interfaces
-- Up-to-date: /home/a4x/hezixiang/ws_rm_robot/install/rm_ros_interfaces/include/rm_ros_interfaces/rm_ros_interfaces/msg
-- Up-to-date: /home/a4x/hezixiang/ws_rm_robot/install/rm_ros_interfaces/include/rm_ros_interfaces/rm_ros_interfaces/msg/detail
-- Up-to-date: /home/a4x/hezixiang/ws_rm_robot/install/rm_ros_interfaces/include/rm_ros_interfaces/rm_ros_interfaces/msg/detail/jointerrorcode__rosidl_typesupport_fastrtps_c.h
-- Up-to-date: /home/a4x/hezixiang/ws_rm_robot/install/rm_ros_interfaces/include/rm_ros_interfaces/rm_ros_interfaces/msg/detail/liftspeed__rosidl_typesupport_fastrtps_c.h
-- Up-to-date: /home/a4x/hezixiang/ws_rm_robot/install/rm_ros_interfaces/include/rm_ros_interfaces/rm_ros_interfaces/msg/detail/gripperset__rosidl_typesupport_fastrtps_c.h
-- Up-to-date: /home/a4x/hezixiang/ws_rm_robot/install/rm_ros_interfaces/include/rm_ros_interfaces/rm_ros_interfaces/msg/detail/jointpos__rosidl_typesupport_fastrtps_c.h
-- Up-to-date: /home/a4x/hezixiang/ws_rm_robot/install/rm_ros_interfaces/include/rm_ros_interfaces/rm_ros_interfaces/msg/detail/setrealtimepush__rosidl_typesupport_fastrtps_c.h
-- Up-to-date: /home/a4x/hezixiang/ws_rm_robot/install/rm_ros_interfaces/include/rm_ros_interfaces/rm_ros_interfaces/msg/detail/armsoftversion__rosidl_typesupport_fastrtps_c.h
-- Up-to-date: /home/a4x/hezixiang/ws_rm_robot/install/rm_ros_interfaces/include/rm_ros_interfaces/rm_ros_interfaces/msg/detail/getallframe__rosidl_typesupport_fastrtps_c.h
-- Up-to-date: /home/a4x/hezixiang/ws_rm_robot/install/rm_ros_interfaces/include/rm_ros_interfaces/rm_ros_interfaces/msg/detail/liftheight__rosidl_typesupport_fastrtps_c.h
-- Up-to-date: /home/a4x/hezixiang/ws_rm_robot/install/rm_ros_interfaces/include/rm_ros_interfaces/rm_ros_interfaces/msg/detail/handangle__rosidl_typesupport_fastrtps_c.h
-- Up-to-date: /home/a4x/hezixiang/ws_rm_robot/install/rm_ros_interfaces/include/rm_ros_interfaces/rm_ros_interfaces/msg/detail/jointerrclear__rosidl_typesupport_fastrtps_c.h
-- Up-to-date: /home/a4x/hezixiang/ws_rm_robot/install/rm_ros_interfaces/include/rm_ros_interfaces/rm_ros_interfaces/msg/detail/forcepositionmovepose__rosidl_typesupport_fastrtps_c.h
-- Up-to-date: /home/a4x/hezixiang/ws_rm_robot/install/rm_ros_interfaces/include/rm_ros_interfaces/rm_ros_interfaces/msg/detail/handspeed__rosidl_typesupport_fastrtps_c.h
-- Up-to-date: /home/a4x/hezixiang/ws_rm_robot/install/rm_ros_interfaces/include/rm_ros_interfaces/rm_ros_interfaces/msg/detail/movejp__rosidl_typesupport_fastrtps_c.h
-- Up-to-date: /home/a4x/hezixiang/ws_rm_robot/install/rm_ros_interfaces/include/rm_ros_interfaces/rm_ros_interfaces/msg/detail/liftstate__rosidl_typesupport_fastrtps_c.h
-- Up-to-date: /home/a4x/hezixiang/ws_rm_robot/install/rm_ros_interfaces/include/rm_ros_interfaces/rm_ros_interfaces/msg/detail/movej__rosidl_typesupport_fastrtps_c.h
-- Up-to-date: /home/a4x/hezixiang/ws_rm_robot/install/rm_ros_interfaces/include/rm_ros_interfaces/rm_ros_interfaces/msg/detail/gripperpick__rosidl_typesupport_fastrtps_c.h
-- Up-to-date: /home/a4x/hezixiang/ws_rm_robot/install/rm_ros_interfaces/include/rm_ros_interfaces/rm_ros_interfaces/msg/detail/handseq__rosidl_typesupport_fastrtps_c.h
-- Up-to-date: /home/a4x/hezixiang/ws_rm_robot/install/rm_ros_interfaces/include/rm_ros_interfaces/rm_ros_interfaces/msg/detail/handforce__rosidl_typesupport_fastrtps_c.h
-- Up-to-date: /home/a4x/hezixiang/ws_rm_robot/install/rm_ros_interfaces/include/rm_ros_interfaces/rm_ros_interfaces/msg/detail/forcepositionmovejoint__rosidl_typesupport_fastrtps_c.h
-- Up-to-date: /home/a4x/hezixiang/ws_rm_robot/install/rm_ros_interfaces/include/rm_ros_interfaces/rm_ros_interfaces/msg/detail/handposture__rosidl_typesupport_fastrtps_c.h
-- Up-to-date: /home/a4x/hezixiang/ws_rm_robot/install/rm_ros_interfaces/include/rm_ros_interfaces/rm_ros_interfaces/msg/detail/sixforce__rosidl_typesupport_fastrtps_c.h
-- Up-to-date: /home/a4x/hezixiang/ws_rm_robot/install/rm_ros_interfaces/include/rm_ros_interfaces/rm_ros_interfaces/msg/detail/armstate__rosidl_typesupport_fastrtps_c.h
-- Up-to-date: /home/a4x/hezixiang/ws_rm_robot/install/rm_ros_interfaces/include/rm_ros_interfaces/rm_ros_interfaces/msg/detail/movec__rosidl_typesupport_fastrtps_c.h
-- Up-to-date: /home/a4x/hezixiang/ws_rm_robot/install/rm_ros_interfaces/include/rm_ros_interfaces/rm_ros_interfaces/msg/detail/movel__rosidl_typesupport_fastrtps_c.h
-- Up-to-date: /home/a4x/hezixiang/ws_rm_robot/install/rm_ros_interfaces/include/rm_ros_interfaces/rm_ros_interfaces/msg/detail/armoriginalstate__rosidl_typesupport_fastrtps_c.h
-- Up-to-date: /home/a4x/hezixiang/ws_rm_robot/install/rm_ros_interfaces/include/rm_ros_interfaces/rm_ros_interfaces/msg/detail/setforceposition__rosidl_typesupport_fastrtps_c.h
-- Up-to-date: /home/a4x/hezixiang/ws_rm_robot/install/rm_ros_interfaces/include/rm_ros_interfaces/rm_ros_interfaces/msg/detail/cartepos__rosidl_typesupport_fastrtps_c.h
-- Up-to-date: /home/a4x/hezixiang/ws_rm_robot/install/rm_ros_interfaces/include/rm_ros_interfaces/rm_ros_interfaces/msg/rosidl_typesupport_fastrtps_c__visibility_control.h
-- Up-to-date: /home/a4x/hezixiang/ws_rm_robot/install/rm_ros_interfaces/lib/librm_ros_interfaces__rosidl_typesupport_fastrtps_c.so
-- Up-to-date: /home/a4x/hezixiang/ws_rm_robot/install/rm_ros_interfaces/include/rm_ros_interfaces/rm_ros_interfaces
-- Up-to-date: /home/a4x/hezixiang/ws_rm_robot/install/rm_ros_interfaces/include/rm_ros_interfaces/rm_ros_interfaces/msg
-- Up-to-date: /home/a4x/hezixiang/ws_rm_robot/install/rm_ros_interfaces/include/rm_ros_interfaces/rm_ros_interfaces/msg/detail
-- Up-to-date: /home/a4x/hezixiang/ws_rm_robot/install/rm_ros_interfaces/include/rm_ros_interfaces/rm_ros_interfaces/msg/detail/setforceposition__rosidl_typesupport_introspection_c.h
-- Up-to-date: /home/a4x/hezixiang/ws_rm_robot/install/rm_ros_interfaces/include/rm_ros_interfaces/rm_ros_interfaces/msg/detail/forcepositionmovejoint__rosidl_typesupport_introspection_c.h
-- Up-to-date: /home/a4x/hezixiang/ws_rm_robot/install/rm_ros_interfaces/include/rm_ros_interfaces/rm_ros_interfaces/msg/detail/setrealtimepush__rosidl_typesupport_introspection_c.h
-- Up-to-date: /home/a4x/hezixiang/ws_rm_robot/install/rm_ros_interfaces/include/rm_ros_interfaces/rm_ros_interfaces/msg/detail/gripperset__rosidl_typesupport_introspection_c.h
-- Up-to-date: /home/a4x/hezixiang/ws_rm_robot/install/rm_ros_interfaces/include/rm_ros_interfaces/rm_ros_interfaces/msg/detail/handangle__rosidl_typesupport_introspection_c.h
-- Up-to-date: /home/a4x/hezixiang/ws_rm_robot/install/rm_ros_interfaces/include/rm_ros_interfaces/rm_ros_interfaces/msg/detail/armsoftversion__rosidl_typesupport_introspection_c.h
-- Up-to-date: /home/a4x/hezixiang/ws_rm_robot/install/rm_ros_interfaces/include/rm_ros_interfaces/rm_ros_interfaces/msg/detail/handspeed__type_support.c
-- Up-to-date: /home/a4x/hezixiang/ws_rm_robot/install/rm_ros_interfaces/include/rm_ros_interfaces/rm_ros_interfaces/msg/detail/gripperpick__type_support.c
-- Up-to-date: /home/a4x/hezixiang/ws_rm_robot/install/rm_ros_interfaces/include/rm_ros_interfaces/rm_ros_interfaces/msg/detail/liftspeed__type_support.c
-- Up-to-date: /home/a4x/hezixiang/ws_rm_robot/install/rm_ros_interfaces/include/rm_ros_interfaces/rm_ros_interfaces/msg/detail/sixforce__rosidl_typesupport_introspection_c.h
-- Up-to-date: /home/a4x/hezixiang/ws_rm_robot/install/rm_ros_interfaces/include/rm_ros_interfaces/rm_ros_interfaces/msg/detail/movej__type_support.c
-- Up-to-date: /home/a4x/hezixiang/ws_rm_robot/install/rm_ros_interfaces/include/rm_ros_interfaces/rm_ros_interfaces/msg/detail/forcepositionmovepose__rosidl_typesupport_introspection_c.h
-- Up-to-date: /home/a4x/hezixiang/ws_rm_robot/install/rm_ros_interfaces/include/rm_ros_interfaces/rm_ros_interfaces/msg/detail/handposture__rosidl_typesupport_introspection_c.h
-- Up-to-date: /home/a4x/hezixiang/ws_rm_robot/install/rm_ros_interfaces/include/rm_ros_interfaces/rm_ros_interfaces/msg/detail/armsoftversion__type_support.c
-- Up-to-date: /home/a4x/hezixiang/ws_rm_robot/install/rm_ros_interfaces/include/rm_ros_interfaces/rm_ros_interfaces/msg/detail/armoriginalstate__type_support.c
-- Up-to-date: /home/a4x/hezixiang/ws_rm_robot/install/rm_ros_interfaces/include/rm_ros_interfaces/rm_ros_interfaces/msg/detail/forcepositionmovepose__type_support.c
-- Up-to-date: /home/a4x/hezixiang/ws_rm_robot/install/rm_ros_interfaces/include/rm_ros_interfaces/rm_ros_interfaces/msg/detail/jointerrorcode__rosidl_typesupport_introspection_c.h
-- Up-to-date: /home/a4x/hezixiang/ws_rm_robot/install/rm_ros_interfaces/include/rm_ros_interfaces/rm_ros_interfaces/msg/detail/handposture__type_support.c
-- Up-to-date: /home/a4x/hezixiang/ws_rm_robot/install/rm_ros_interfaces/include/rm_ros_interfaces/rm_ros_interfaces/msg/detail/armstate__rosidl_typesupport_introspection_c.h
-- Up-to-date: /home/a4x/hezixiang/ws_rm_robot/install/rm_ros_interfaces/include/rm_ros_interfaces/rm_ros_interfaces/msg/detail/movel__rosidl_typesupport_introspection_c.h
-- Up-to-date: /home/a4x/hezixiang/ws_rm_robot/install/rm_ros_interfaces/include/rm_ros_interfaces/rm_ros_interfaces/msg/detail/handspeed__rosidl_typesupport_introspection_c.h
-- Up-to-date: /home/a4x/hezixiang/ws_rm_robot/install/rm_ros_interfaces/include/rm_ros_interfaces/rm_ros_interfaces/msg/detail/liftheight__rosidl_typesupport_introspection_c.h
-- Up-to-date: /home/a4x/hezixiang/ws_rm_robot/install/rm_ros_interfaces/include/rm_ros_interfaces/rm_ros_interfaces/msg/detail/jointpos__rosidl_typesupport_introspection_c.h
-- Up-to-date: /home/a4x/hezixiang/ws_rm_robot/install/rm_ros_interfaces/include/rm_ros_interfaces/rm_ros_interfaces/msg/detail/handangle__type_support.c
-- Up-to-date: /home/a4x/hezixiang/ws_rm_robot/install/rm_ros_interfaces/include/rm_ros_interfaces/rm_ros_interfaces/msg/detail/jointpos__type_support.c
-- Up-to-date: /home/a4x/hezixiang/ws_rm_robot/install/rm_ros_interfaces/include/rm_ros_interfaces/rm_ros_interfaces/msg/detail/liftstate__type_support.c
-- Up-to-date: /home/a4x/hezixiang/ws_rm_robot/install/rm_ros_interfaces/include/rm_ros_interfaces/rm_ros_interfaces/msg/detail/armstate__type_support.c
-- Up-to-date: /home/a4x/hezixiang/ws_rm_robot/install/rm_ros_interfaces/include/rm_ros_interfaces/rm_ros_interfaces/msg/detail/movej__rosidl_typesupport_introspection_c.h
-- Up-to-date: /home/a4x/hezixiang/ws_rm_robot/install/rm_ros_interfaces/include/rm_ros_interfaces/rm_ros_interfaces/msg/detail/cartepos__type_support.c
-- Up-to-date: /home/a4x/hezixiang/ws_rm_robot/install/rm_ros_interfaces/include/rm_ros_interfaces/rm_ros_interfaces/msg/detail/handseq__type_support.c
-- Up-to-date: /home/a4x/hezixiang/ws_rm_robot/install/rm_ros_interfaces/include/rm_ros_interfaces/rm_ros_interfaces/msg/detail/movejp__type_support.c
-- Up-to-date: /home/a4x/hezixiang/ws_rm_robot/install/rm_ros_interfaces/include/rm_ros_interfaces/rm_ros_interfaces/msg/detail/cartepos__rosidl_typesupport_introspection_c.h
-- Up-to-date: /home/a4x/hezixiang/ws_rm_robot/install/rm_ros_interfaces/include/rm_ros_interfaces/rm_ros_interfaces/msg/detail/setforceposition__type_support.c
-- Up-to-date: /home/a4x/hezixiang/ws_rm_robot/install/rm_ros_interfaces/include/rm_ros_interfaces/rm_ros_interfaces/msg/detail/movejp__rosidl_typesupport_introspection_c.h
-- Up-to-date: /home/a4x/hezixiang/ws_rm_robot/install/rm_ros_interfaces/include/rm_ros_interfaces/rm_ros_interfaces/msg/detail/handforce__type_support.c
-- Up-to-date: /home/a4x/hezixiang/ws_rm_robot/install/rm_ros_interfaces/include/rm_ros_interfaces/rm_ros_interfaces/msg/detail/getallframe__type_support.c
-- Up-to-date: /home/a4x/hezixiang/ws_rm_robot/install/rm_ros_interfaces/include/rm_ros_interfaces/rm_ros_interfaces/msg/detail/forcepositionmovejoint__type_support.c
-- Up-to-date: /home/a4x/hezixiang/ws_rm_robot/install/rm_ros_interfaces/include/rm_ros_interfaces/rm_ros_interfaces/msg/detail/handseq__rosidl_typesupport_introspection_c.h
-- Up-to-date: /home/a4x/hezixiang/ws_rm_robot/install/rm_ros_interfaces/include/rm_ros_interfaces/rm_ros_interfaces/msg/detail/handforce__rosidl_typesupport_introspection_c.h
-- Up-to-date: /home/a4x/hezixiang/ws_rm_robot/install/rm_ros_interfaces/include/rm_ros_interfaces/rm_ros_interfaces/msg/detail/sixforce__type_support.c
-- Up-to-date: /home/a4x/hezixiang/ws_rm_robot/install/rm_ros_interfaces/include/rm_ros_interfaces/rm_ros_interfaces/msg/detail/setrealtimepush__type_support.c
-- Up-to-date: /home/a4x/hezixiang/ws_rm_robot/install/rm_ros_interfaces/include/rm_ros_interfaces/rm_ros_interfaces/msg/detail/movec__type_support.c
-- Up-to-date: /home/a4x/hezixiang/ws_rm_robot/install/rm_ros_interfaces/include/rm_ros_interfaces/rm_ros_interfaces/msg/detail/liftheight__type_support.c
-- Up-to-date: /home/a4x/hezixiang/ws_rm_robot/install/rm_ros_interfaces/include/rm_ros_interfaces/rm_ros_interfaces/msg/detail/liftspeed__rosidl_typesupport_introspection_c.h
-- Up-to-date: /home/a4x/hezixiang/ws_rm_robot/install/rm_ros_interfaces/include/rm_ros_interfaces/rm_ros_interfaces/msg/detail/movec__rosidl_typesupport_introspection_c.h
-- Up-to-date: /home/a4x/hezixiang/ws_rm_robot/install/rm_ros_interfaces/include/rm_ros_interfaces/rm_ros_interfaces/msg/detail/jointerrclear__type_support.c
-- Up-to-date: /home/a4x/hezixiang/ws_rm_robot/install/rm_ros_interfaces/include/rm_ros_interfaces/rm_ros_interfaces/msg/detail/movel__type_support.c
-- Up-to-date: /home/a4x/hezixiang/ws_rm_robot/install/rm_ros_interfaces/include/rm_ros_interfaces/rm_ros_interfaces/msg/detail/liftstate__rosidl_typesupport_introspection_c.h
-- Up-to-date: /home/a4x/hezixiang/ws_rm_robot/install/rm_ros_interfaces/include/rm_ros_interfaces/rm_ros_interfaces/msg/detail/gripperpick__rosidl_typesupport_introspection_c.h
-- Up-to-date: /home/a4x/hezixiang/ws_rm_robot/install/rm_ros_interfaces/include/rm_ros_interfaces/rm_ros_interfaces/msg/detail/jointerrclear__rosidl_typesupport_introspection_c.h
-- Up-to-date: /home/a4x/hezixiang/ws_rm_robot/install/rm_ros_interfaces/include/rm_ros_interfaces/rm_ros_interfaces/msg/detail/gripperset__type_support.c
-- Up-to-date: /home/a4x/hezixiang/ws_rm_robot/install/rm_ros_interfaces/include/rm_ros_interfaces/rm_ros_interfaces/msg/detail/getallframe__rosidl_typesupport_introspection_c.h
-- Up-to-date: /home/a4x/hezixiang/ws_rm_robot/install/rm_ros_interfaces/include/rm_ros_interfaces/rm_ros_interfaces/msg/detail/jointerrorcode__type_support.c
-- Up-to-date: /home/a4x/hezixiang/ws_rm_robot/install/rm_ros_interfaces/include/rm_ros_interfaces/rm_ros_interfaces/msg/detail/armoriginalstate__rosidl_typesupport_introspection_c.h
-- Up-to-date: /home/a4x/hezixiang/ws_rm_robot/install/rm_ros_interfaces/include/rm_ros_interfaces/rm_ros_interfaces/msg/rosidl_typesupport_introspection_c__visibility_control.h
-- Up-to-date: /home/a4x/hezixiang/ws_rm_robot/install/rm_ros_interfaces/lib/librm_ros_interfaces__rosidl_typesupport_introspection_c.so
-- Up-to-date: /home/a4x/hezixiang/ws_rm_robot/install/rm_ros_interfaces/lib/librm_ros_interfaces__rosidl_typesupport_c.so
-- Up-to-date: /home/a4x/hezixiang/ws_rm_robot/install/rm_ros_interfaces/include/rm_ros_interfaces/rm_ros_interfaces
-- Up-to-date: /home/a4x/hezixiang/ws_rm_robot/install/rm_ros_interfaces/include/rm_ros_interfaces/rm_ros_interfaces/msg
-- Up-to-date: /home/a4x/hezixiang/ws_rm_robot/install/rm_ros_interfaces/include/rm_ros_interfaces/rm_ros_interfaces/msg/jointerrorcode.hpp
-- Up-to-date: /home/a4x/hezixiang/ws_rm_robot/install/rm_ros_interfaces/include/rm_ros_interfaces/rm_ros_interfaces/msg/sixforce.hpp
-- Up-to-date: /home/a4x/hezixiang/ws_rm_robot/install/rm_ros_interfaces/include/rm_ros_interfaces/rm_ros_interfaces/msg/detail
-- Up-to-date: /home/a4x/hezixiang/ws_rm_robot/install/rm_ros_interfaces/include/rm_ros_interfaces/rm_ros_interfaces/msg/detail/sixforce__traits.hpp
-- Up-to-date: /home/a4x/hezixiang/ws_rm_robot/install/rm_ros_interfaces/include/rm_ros_interfaces/rm_ros_interfaces/msg/detail/cartepos__struct.hpp
-- Up-to-date: /home/a4x/hezixiang/ws_rm_robot/install/rm_ros_interfaces/include/rm_ros_interfaces/rm_ros_interfaces/msg/detail/movel__traits.hpp
-- Up-to-date: /home/a4x/hezixiang/ws_rm_robot/install/rm_ros_interfaces/include/rm_ros_interfaces/rm_ros_interfaces/msg/detail/movel__builder.hpp
-- Up-to-date: /home/a4x/hezixiang/ws_rm_robot/install/rm_ros_interfaces/include/rm_ros_interfaces/rm_ros_interfaces/msg/detail/handposture__struct.hpp
-- Up-to-date: /home/a4x/hezixiang/ws_rm_robot/install/rm_ros_interfaces/include/rm_ros_interfaces/rm_ros_interfaces/msg/detail/jointerrorcode__builder.hpp
-- Up-to-date: /home/a4x/hezixiang/ws_rm_robot/install/rm_ros_interfaces/include/rm_ros_interfaces/rm_ros_interfaces/msg/detail/handangle__builder.hpp
-- Up-to-date: /home/a4x/hezixiang/ws_rm_robot/install/rm_ros_interfaces/include/rm_ros_interfaces/rm_ros_interfaces/msg/detail/sixforce__builder.hpp
-- Up-to-date: /home/a4x/hezixiang/ws_rm_robot/install/rm_ros_interfaces/include/rm_ros_interfaces/rm_ros_interfaces/msg/detail/handseq__builder.hpp
-- Up-to-date: /home/a4x/hezixiang/ws_rm_robot/install/rm_ros_interfaces/include/rm_ros_interfaces/rm_ros_interfaces/msg/detail/handposture__builder.hpp
-- Up-to-date: /home/a4x/hezixiang/ws_rm_robot/install/rm_ros_interfaces/include/rm_ros_interfaces/rm_ros_interfaces/msg/detail/jointerrorcode__struct.hpp
-- Up-to-date: /home/a4x/hezixiang/ws_rm_robot/install/rm_ros_interfaces/include/rm_ros_interfaces/rm_ros_interfaces/msg/detail/cartepos__builder.hpp
-- Up-to-date: /home/a4x/hezixiang/ws_rm_robot/install/rm_ros_interfaces/include/rm_ros_interfaces/rm_ros_interfaces/msg/detail/movej__builder.hpp
-- Up-to-date: /home/a4x/hezixiang/ws_rm_robot/install/rm_ros_interfaces/include/rm_ros_interfaces/rm_ros_interfaces/msg/detail/forcepositionmovejoint__struct.hpp
-- Up-to-date: /home/a4x/hezixiang/ws_rm_robot/install/rm_ros_interfaces/include/rm_ros_interfaces/rm_ros_interfaces/msg/detail/forcepositionmovepose__builder.hpp
-- Up-to-date: /home/a4x/hezixiang/ws_rm_robot/install/rm_ros_interfaces/include/rm_ros_interfaces/rm_ros_interfaces/msg/detail/jointerrorcode__traits.hpp
-- Up-to-date: /home/a4x/hezixiang/ws_rm_robot/install/rm_ros_interfaces/include/rm_ros_interfaces/rm_ros_interfaces/msg/detail/forcepositionmovepose__traits.hpp
-- Up-to-date: /home/a4x/hezixiang/ws_rm_robot/install/rm_ros_interfaces/include/rm_ros_interfaces/rm_ros_interfaces/msg/detail/handforce__struct.hpp
-- Up-to-date: /home/a4x/hezixiang/ws_rm_robot/install/rm_ros_interfaces/include/rm_ros_interfaces/rm_ros_interfaces/msg/detail/liftstate__struct.hpp
-- Up-to-date: /home/a4x/hezixiang/ws_rm_robot/install/rm_ros_interfaces/include/rm_ros_interfaces/rm_ros_interfaces/msg/detail/movej__struct.hpp
-- Up-to-date: /home/a4x/hezixiang/ws_rm_robot/install/rm_ros_interfaces/include/rm_ros_interfaces/rm_ros_interfaces/msg/detail/handspeed__traits.hpp
-- Up-to-date: /home/a4x/hezixiang/ws_rm_robot/install/rm_ros_interfaces/include/rm_ros_interfaces/rm_ros_interfaces/msg/detail/setrealtimepush__traits.hpp
-- Up-to-date: /home/a4x/hezixiang/ws_rm_robot/install/rm_ros_interfaces/include/rm_ros_interfaces/rm_ros_interfaces/msg/detail/liftheight__struct.hpp
-- Up-to-date: /home/a4x/hezixiang/ws_rm_robot/install/rm_ros_interfaces/include/rm_ros_interfaces/rm_ros_interfaces/msg/detail/getallframe__struct.hpp
-- Up-to-date: /home/a4x/hezixiang/ws_rm_robot/install/rm_ros_interfaces/include/rm_ros_interfaces/rm_ros_interfaces/msg/detail/forcepositionmovejoint__traits.hpp
-- Up-to-date: /home/a4x/hezixiang/ws_rm_robot/install/rm_ros_interfaces/include/rm_ros_interfaces/rm_ros_interfaces/msg/detail/armsoftversion__struct.hpp
-- Up-to-date: /home/a4x/hezixiang/ws_rm_robot/install/rm_ros_interfaces/include/rm_ros_interfaces/rm_ros_interfaces/msg/detail/gripperpick__builder.hpp
-- Up-to-date: /home/a4x/hezixiang/ws_rm_robot/install/rm_ros_interfaces/include/rm_ros_interfaces/rm_ros_interfaces/msg/detail/movejp__struct.hpp
-- Up-to-date: /home/a4x/hezixiang/ws_rm_robot/install/rm_ros_interfaces/include/rm_ros_interfaces/rm_ros_interfaces/msg/detail/handspeed__builder.hpp
-- Up-to-date: /home/a4x/hezixiang/ws_rm_robot/install/rm_ros_interfaces/include/rm_ros_interfaces/rm_ros_interfaces/msg/detail/armoriginalstate__traits.hpp
-- Up-to-date: /home/a4x/hezixiang/ws_rm_robot/install/rm_ros_interfaces/include/rm_ros_interfaces/rm_ros_interfaces/msg/detail/movejp__builder.hpp
-- Up-to-date: /home/a4x/hezixiang/ws_rm_robot/install/rm_ros_interfaces/include/rm_ros_interfaces/rm_ros_interfaces/msg/detail/handposture__traits.hpp
-- Up-to-date: /home/a4x/hezixiang/ws_rm_robot/install/rm_ros_interfaces/include/rm_ros_interfaces/rm_ros_interfaces/msg/detail/liftspeed__struct.hpp
-- Up-to-date: /home/a4x/hezixiang/ws_rm_robot/install/rm_ros_interfaces/include/rm_ros_interfaces/rm_ros_interfaces/msg/detail/jointerrclear__traits.hpp
-- Up-to-date: /home/a4x/hezixiang/ws_rm_robot/install/rm_ros_interfaces/include/rm_ros_interfaces/rm_ros_interfaces/msg/detail/getallframe__traits.hpp
-- Up-to-date: /home/a4x/hezixiang/ws_rm_robot/install/rm_ros_interfaces/include/rm_ros_interfaces/rm_ros_interfaces/msg/detail/movejp__traits.hpp
-- Up-to-date: /home/a4x/hezixiang/ws_rm_robot/install/rm_ros_interfaces/include/rm_ros_interfaces/rm_ros_interfaces/msg/detail/handangle__traits.hpp
-- Up-to-date: /home/a4x/hezixiang/ws_rm_robot/install/rm_ros_interfaces/include/rm_ros_interfaces/rm_ros_interfaces/msg/detail/sixforce__struct.hpp
-- Up-to-date: /home/a4x/hezixiang/ws_rm_robot/install/rm_ros_interfaces/include/rm_ros_interfaces/rm_ros_interfaces/msg/detail/jointpos__struct.hpp
-- Up-to-date: /home/a4x/hezixiang/ws_rm_robot/install/rm_ros_interfaces/include/rm_ros_interfaces/rm_ros_interfaces/msg/detail/gripperpick__struct.hpp
-- Up-to-date: /home/a4x/hezixiang/ws_rm_robot/install/rm_ros_interfaces/include/rm_ros_interfaces/rm_ros_interfaces/msg/detail/gripperset__traits.hpp
-- Up-to-date: /home/a4x/hezixiang/ws_rm_robot/install/rm_ros_interfaces/include/rm_ros_interfaces/rm_ros_interfaces/msg/detail/liftspeed__builder.hpp
-- Up-to-date: /home/a4x/hezixiang/ws_rm_robot/install/rm_ros_interfaces/include/rm_ros_interfaces/rm_ros_interfaces/msg/detail/forcepositionmovejoint__builder.hpp
-- Up-to-date: /home/a4x/hezixiang/ws_rm_robot/install/rm_ros_interfaces/include/rm_ros_interfaces/rm_ros_interfaces/msg/detail/liftspeed__traits.hpp
-- Up-to-date: /home/a4x/hezixiang/ws_rm_robot/install/rm_ros_interfaces/include/rm_ros_interfaces/rm_ros_interfaces/msg/detail/liftheight__builder.hpp
-- Up-to-date: /home/a4x/hezixiang/ws_rm_robot/install/rm_ros_interfaces/include/rm_ros_interfaces/rm_ros_interfaces/msg/detail/setrealtimepush__builder.hpp
-- Up-to-date: /home/a4x/hezixiang/ws_rm_robot/install/rm_ros_interfaces/include/rm_ros_interfaces/rm_ros_interfaces/msg/detail/liftstate__traits.hpp
-- Up-to-date: /home/a4x/hezixiang/ws_rm_robot/install/rm_ros_interfaces/include/rm_ros_interfaces/rm_ros_interfaces/msg/detail/jointpos__builder.hpp
-- Up-to-date: /home/a4x/hezixiang/ws_rm_robot/install/rm_ros_interfaces/include/rm_ros_interfaces/rm_ros_interfaces/msg/detail/movel__struct.hpp
-- Up-to-date: /home/a4x/hezixiang/ws_rm_robot/install/rm_ros_interfaces/include/rm_ros_interfaces/rm_ros_interfaces/msg/detail/liftstate__builder.hpp
-- Up-to-date: /home/a4x/hezixiang/ws_rm_robot/install/rm_ros_interfaces/include/rm_ros_interfaces/rm_ros_interfaces/msg/detail/jointpos__traits.hpp
-- Up-to-date: /home/a4x/hezixiang/ws_rm_robot/install/rm_ros_interfaces/include/rm_ros_interfaces/rm_ros_interfaces/msg/detail/gripperset__struct.hpp
-- Up-to-date: /home/a4x/hezixiang/ws_rm_robot/install/rm_ros_interfaces/include/rm_ros_interfaces/rm_ros_interfaces/msg/detail/gripperset__builder.hpp
-- Up-to-date: /home/a4x/hezixiang/ws_rm_robot/install/rm_ros_interfaces/include/rm_ros_interfaces/rm_ros_interfaces/msg/detail/handseq__struct.hpp
-- Up-to-date: /home/a4x/hezixiang/ws_rm_robot/install/rm_ros_interfaces/include/rm_ros_interfaces/rm_ros_interfaces/msg/detail/handseq__traits.hpp
-- Up-to-date: /home/a4x/hezixiang/ws_rm_robot/install/rm_ros_interfaces/include/rm_ros_interfaces/rm_ros_interfaces/msg/detail/handforce__builder.hpp
-- Up-to-date: /home/a4x/hezixiang/ws_rm_robot/install/rm_ros_interfaces/include/rm_ros_interfaces/rm_ros_interfaces/msg/detail/handspeed__struct.hpp
-- Up-to-date: /home/a4x/hezixiang/ws_rm_robot/install/rm_ros_interfaces/include/rm_ros_interfaces/rm_ros_interfaces/msg/detail/jointerrclear__struct.hpp
-- Up-to-date: /home/a4x/hezixiang/ws_rm_robot/install/rm_ros_interfaces/include/rm_ros_interfaces/rm_ros_interfaces/msg/detail/liftheight__traits.hpp
-- Up-to-date: /home/a4x/hezixiang/ws_rm_robot/install/rm_ros_interfaces/include/rm_ros_interfaces/rm_ros_interfaces/msg/detail/movej__traits.hpp
-- Up-to-date: /home/a4x/hezixiang/ws_rm_robot/install/rm_ros_interfaces/include/rm_ros_interfaces/rm_ros_interfaces/msg/detail/gripperpick__traits.hpp
-- Up-to-date: /home/a4x/hezixiang/ws_rm_robot/install/rm_ros_interfaces/include/rm_ros_interfaces/rm_ros_interfaces/msg/detail/armsoftversion__traits.hpp
-- Up-to-date: /home/a4x/hezixiang/ws_rm_robot/install/rm_ros_interfaces/include/rm_ros_interfaces/rm_ros_interfaces/msg/detail/movec__struct.hpp
-- Up-to-date: /home/a4x/hezixiang/ws_rm_robot/install/rm_ros_interfaces/include/rm_ros_interfaces/rm_ros_interfaces/msg/detail/armoriginalstate__builder.hpp
-- Up-to-date: /home/a4x/hezixiang/ws_rm_robot/install/rm_ros_interfaces/include/rm_ros_interfaces/rm_ros_interfaces/msg/detail/handforce__traits.hpp
-- Up-to-date: /home/a4x/hezixiang/ws_rm_robot/install/rm_ros_interfaces/include/rm_ros_interfaces/rm_ros_interfaces/msg/detail/armstate__struct.hpp
-- Up-to-date: /home/a4x/hezixiang/ws_rm_robot/install/rm_ros_interfaces/include/rm_ros_interfaces/rm_ros_interfaces/msg/detail/setforceposition__struct.hpp
-- Up-to-date: /home/a4x/hezixiang/ws_rm_robot/install/rm_ros_interfaces/include/rm_ros_interfaces/rm_ros_interfaces/msg/detail/armoriginalstate__struct.hpp
-- Up-to-date: /home/a4x/hezixiang/ws_rm_robot/install/rm_ros_interfaces/include/rm_ros_interfaces/rm_ros_interfaces/msg/detail/setforceposition__builder.hpp
-- Up-to-date: /home/a4x/hezixiang/ws_rm_robot/install/rm_ros_interfaces/include/rm_ros_interfaces/rm_ros_interfaces/msg/detail/cartepos__traits.hpp
-- Up-to-date: /home/a4x/hezixiang/ws_rm_robot/install/rm_ros_interfaces/include/rm_ros_interfaces/rm_ros_interfaces/msg/detail/setforceposition__traits.hpp
-- Up-to-date: /home/a4x/hezixiang/ws_rm_robot/install/rm_ros_interfaces/include/rm_ros_interfaces/rm_ros_interfaces/msg/detail/handangle__struct.hpp
-- Up-to-date: /home/a4x/hezixiang/ws_rm_robot/install/rm_ros_interfaces/include/rm_ros_interfaces/rm_ros_interfaces/msg/detail/armsoftversion__builder.hpp
-- Up-to-date: /home/a4x/hezixiang/ws_rm_robot/install/rm_ros_interfaces/include/rm_ros_interfaces/rm_ros_interfaces/msg/detail/armstate__traits.hpp
-- Up-to-date: /home/a4x/hezixiang/ws_rm_robot/install/rm_ros_interfaces/include/rm_ros_interfaces/rm_ros_interfaces/msg/detail/jointerrclear__builder.hpp
-- Up-to-date: /home/a4x/hezixiang/ws_rm_robot/install/rm_ros_interfaces/include/rm_ros_interfaces/rm_ros_interfaces/msg/detail/movec__traits.hpp
-- Up-to-date: /home/a4x/hezixiang/ws_rm_robot/install/rm_ros_interfaces/include/rm_ros_interfaces/rm_ros_interfaces/msg/detail/getallframe__builder.hpp
-- Up-to-date: /home/a4x/hezixiang/ws_rm_robot/install/rm_ros_interfaces/include/rm_ros_interfaces/rm_ros_interfaces/msg/detail/setrealtimepush__struct.hpp
-- Up-to-date: /home/a4x/hezixiang/ws_rm_robot/install/rm_ros_interfaces/include/rm_ros_interfaces/rm_ros_interfaces/msg/detail/armstate__builder.hpp
-- Up-to-date: /home/a4x/hezixiang/ws_rm_robot/install/rm_ros_interfaces/include/rm_ros_interfaces/rm_ros_interfaces/msg/detail/forcepositionmovepose__struct.hpp
-- Up-to-date: /home/a4x/hezixiang/ws_rm_robot/install/rm_ros_interfaces/include/rm_ros_interfaces/rm_ros_interfaces/msg/detail/movec__builder.hpp
-- Up-to-date: /home/a4x/hezixiang/ws_rm_robot/install/rm_ros_interfaces/include/rm_ros_interfaces/rm_ros_interfaces/msg/setrealtimepush.hpp
-- Up-to-date: /home/a4x/hezixiang/ws_rm_robot/install/rm_ros_interfaces/include/rm_ros_interfaces/rm_ros_interfaces/msg/setforceposition.hpp
-- Up-to-date: /home/a4x/hezixiang/ws_rm_robot/install/rm_ros_interfaces/include/rm_ros_interfaces/rm_ros_interfaces/msg/armstate.hpp
-- Up-to-date: /home/a4x/hezixiang/ws_rm_robot/install/rm_ros_interfaces/include/rm_ros_interfaces/rm_ros_interfaces/msg/jointerrclear.hpp
-- Up-to-date: /home/a4x/hezixiang/ws_rm_robot/install/rm_ros_interfaces/include/rm_ros_interfaces/rm_ros_interfaces/msg/movec.hpp
-- Up-to-date: /home/a4x/hezixiang/ws_rm_robot/install/rm_ros_interfaces/include/rm_ros_interfaces/rm_ros_interfaces/msg/gripperset.hpp
-- Up-to-date: /home/a4x/hezixiang/ws_rm_robot/install/rm_ros_interfaces/include/rm_ros_interfaces/rm_ros_interfaces/msg/handforce.hpp
-- Up-to-date: /home/a4x/hezixiang/ws_rm_robot/install/rm_ros_interfaces/include/rm_ros_interfaces/rm_ros_interfaces/msg/movel.hpp
-- Up-to-date: /home/a4x/hezixiang/ws_rm_robot/install/rm_ros_interfaces/include/rm_ros_interfaces/rm_ros_interfaces/msg/handseq.hpp
-- Up-to-date: /home/a4x/hezixiang/ws_rm_robot/install/rm_ros_interfaces/include/rm_ros_interfaces/rm_ros_interfaces/msg/forcepositionmovepose.hpp
-- Up-to-date: /home/a4x/hezixiang/ws_rm_robot/install/rm_ros_interfaces/include/rm_ros_interfaces/rm_ros_interfaces/msg/armoriginalstate.hpp
-- Up-to-date: /home/a4x/hezixiang/ws_rm_robot/install/rm_ros_interfaces/include/rm_ros_interfaces/rm_ros_interfaces/msg/gripperpick.hpp
-- Up-to-date: /home/a4x/hezixiang/ws_rm_robot/install/rm_ros_interfaces/include/rm_ros_interfaces/rm_ros_interfaces/msg/handspeed.hpp
-- Up-to-date: /home/a4x/hezixiang/ws_rm_robot/install/rm_ros_interfaces/include/rm_ros_interfaces/rm_ros_interfaces/msg/liftstate.hpp
-- Up-to-date: /home/a4x/hezixiang/ws_rm_robot/install/rm_ros_interfaces/include/rm_ros_interfaces/rm_ros_interfaces/msg/liftheight.hpp
-- Up-to-date: /home/a4x/hezixiang/ws_rm_robot/install/rm_ros_interfaces/include/rm_ros_interfaces/rm_ros_interfaces/msg/movejp.hpp
-- Up-to-date: /home/a4x/hezixiang/ws_rm_robot/install/rm_ros_interfaces/include/rm_ros_interfaces/rm_ros_interfaces/msg/liftspeed.hpp
-- Up-to-date: /home/a4x/hezixiang/ws_rm_robot/install/rm_ros_interfaces/include/rm_ros_interfaces/rm_ros_interfaces/msg/forcepositionmovejoint.hpp
-- Up-to-date: /home/a4x/hezixiang/ws_rm_robot/install/rm_ros_interfaces/include/rm_ros_interfaces/rm_ros_interfaces/msg/jointpos.hpp
-- Up-to-date: /home/a4x/hezixiang/ws_rm_robot/install/rm_ros_interfaces/include/rm_ros_interfaces/rm_ros_interfaces/msg/cartepos.hpp
-- Up-to-date: /home/a4x/hezixiang/ws_rm_robot/install/rm_ros_interfaces/include/rm_ros_interfaces/rm_ros_interfaces/msg/handposture.hpp
-- Up-to-date: /home/a4x/hezixiang/ws_rm_robot/install/rm_ros_interfaces/include/rm_ros_interfaces/rm_ros_interfaces/msg/movej.hpp
-- Up-to-date: /home/a4x/hezixiang/ws_rm_robot/install/rm_ros_interfaces/include/rm_ros_interfaces/rm_ros_interfaces/msg/handangle.hpp
-- Up-to-date: /home/a4x/hezixiang/ws_rm_robot/install/rm_ros_interfaces/include/rm_ros_interfaces/rm_ros_interfaces/msg/getallframe.hpp
-- Up-to-date: /home/a4x/hezixiang/ws_rm_robot/install/rm_ros_interfaces/include/rm_ros_interfaces/rm_ros_interfaces/msg/armsoftversion.hpp
-- Up-to-date: /home/a4x/hezixiang/ws_rm_robot/install/rm_ros_interfaces/include/rm_ros_interfaces/rm_ros_interfaces
-- Up-to-date: /home/a4x/hezixiang/ws_rm_robot/install/rm_ros_interfaces/include/rm_ros_interfaces/rm_ros_interfaces/msg
-- Up-to-date: /home/a4x/hezixiang/ws_rm_robot/install/rm_ros_interfaces/include/rm_ros_interfaces/rm_ros_interfaces/msg/detail
-- Up-to-date: /home/a4x/hezixiang/ws_rm_robot/install/rm_ros_interfaces/include/rm_ros_interfaces/rm_ros_interfaces/msg/detail/setrealtimepush__rosidl_typesupport_fastrtps_cpp.hpp
-- Up-to-date: /home/a4x/hezixiang/ws_rm_robot/install/rm_ros_interfaces/include/rm_ros_interfaces/rm_ros_interfaces/msg/detail/sixforce__rosidl_typesupport_fastrtps_cpp.hpp
-- Up-to-date: /home/a4x/hezixiang/ws_rm_robot/install/rm_ros_interfaces/include/rm_ros_interfaces/rm_ros_interfaces/msg/detail/liftstate__rosidl_typesupport_fastrtps_cpp.hpp
-- Up-to-date: /home/a4x/hezixiang/ws_rm_robot/install/rm_ros_interfaces/include/rm_ros_interfaces/rm_ros_interfaces/msg/detail/dds_fastrtps
-- Up-to-date: /home/a4x/hezixiang/ws_rm_robot/install/rm_ros_interfaces/include/rm_ros_interfaces/rm_ros_interfaces/msg/detail/gripperpick__rosidl_typesupport_fastrtps_cpp.hpp
-- Up-to-date: /home/a4x/hezixiang/ws_rm_robot/install/rm_ros_interfaces/include/rm_ros_interfaces/rm_ros_interfaces/msg/detail/getallframe__rosidl_typesupport_fastrtps_cpp.hpp
-- Up-to-date: /home/a4x/hezixiang/ws_rm_robot/install/rm_ros_interfaces/include/rm_ros_interfaces/rm_ros_interfaces/msg/detail/armoriginalstate__rosidl_typesupport_fastrtps_cpp.hpp
-- Up-to-date: /home/a4x/hezixiang/ws_rm_robot/install/rm_ros_interfaces/include/rm_ros_interfaces/rm_ros_interfaces/msg/detail/handspeed__rosidl_typesupport_fastrtps_cpp.hpp
-- Up-to-date: /home/a4x/hezixiang/ws_rm_robot/install/rm_ros_interfaces/include/rm_ros_interfaces/rm_ros_interfaces/msg/detail/jointerrclear__rosidl_typesupport_fastrtps_cpp.hpp
-- Up-to-date: /home/a4x/hezixiang/ws_rm_robot/install/rm_ros_interfaces/include/rm_ros_interfaces/rm_ros_interfaces/msg/detail/handseq__rosidl_typesupport_fastrtps_cpp.hpp
-- Up-to-date: /home/a4x/hezixiang/ws_rm_robot/install/rm_ros_interfaces/include/rm_ros_interfaces/rm_ros_interfaces/msg/detail/handposture__rosidl_typesupport_fastrtps_cpp.hpp
-- Up-to-date: /home/a4x/hezixiang/ws_rm_robot/install/rm_ros_interfaces/include/rm_ros_interfaces/rm_ros_interfaces/msg/detail/liftspeed__rosidl_typesupport_fastrtps_cpp.hpp
-- Up-to-date: /home/a4x/hezixiang/ws_rm_robot/install/rm_ros_interfaces/include/rm_ros_interfaces/rm_ros_interfaces/msg/detail/movej__rosidl_typesupport_fastrtps_cpp.hpp
-- Up-to-date: /home/a4x/hezixiang/ws_rm_robot/install/rm_ros_interfaces/include/rm_ros_interfaces/rm_ros_interfaces/msg/detail/gripperset__rosidl_typesupport_fastrtps_cpp.hpp
-- Up-to-date: /home/a4x/hezixiang/ws_rm_robot/install/rm_ros_interfaces/include/rm_ros_interfaces/rm_ros_interfaces/msg/detail/handforce__rosidl_typesupport_fastrtps_cpp.hpp
-- Up-to-date: /home/a4x/hezixiang/ws_rm_robot/install/rm_ros_interfaces/include/rm_ros_interfaces/rm_ros_interfaces/msg/detail/handangle__rosidl_typesupport_fastrtps_cpp.hpp
-- Up-to-date: /home/a4x/hezixiang/ws_rm_robot/install/rm_ros_interfaces/include/rm_ros_interfaces/rm_ros_interfaces/msg/detail/armstate__rosidl_typesupport_fastrtps_cpp.hpp
-- Up-to-date: /home/a4x/hezixiang/ws_rm_robot/install/rm_ros_interfaces/include/rm_ros_interfaces/rm_ros_interfaces/msg/detail/movel__rosidl_typesupport_fastrtps_cpp.hpp
-- Up-to-date: /home/a4x/hezixiang/ws_rm_robot/install/rm_ros_interfaces/include/rm_ros_interfaces/rm_ros_interfaces/msg/detail/movejp__rosidl_typesupport_fastrtps_cpp.hpp
-- Up-to-date: /home/a4x/hezixiang/ws_rm_robot/install/rm_ros_interfaces/include/rm_ros_interfaces/rm_ros_interfaces/msg/detail/jointerrorcode__rosidl_typesupport_fastrtps_cpp.hpp
-- Up-to-date: /home/a4x/hezixiang/ws_rm_robot/install/rm_ros_interfaces/include/rm_ros_interfaces/rm_ros_interfaces/msg/detail/setforceposition__rosidl_typesupport_fastrtps_cpp.hpp
-- Up-to-date: /home/a4x/hezixiang/ws_rm_robot/install/rm_ros_interfaces/include/rm_ros_interfaces/rm_ros_interfaces/msg/detail/cartepos__rosidl_typesupport_fastrtps_cpp.hpp
-- Up-to-date: /home/a4x/hezixiang/ws_rm_robot/install/rm_ros_interfaces/include/rm_ros_interfaces/rm_ros_interfaces/msg/detail/movec__rosidl_typesupport_fastrtps_cpp.hpp
-- Up-to-date: /home/a4x/hezixiang/ws_rm_robot/install/rm_ros_interfaces/include/rm_ros_interfaces/rm_ros_interfaces/msg/detail/jointpos__rosidl_typesupport_fastrtps_cpp.hpp
-- Up-to-date: /home/a4x/hezixiang/ws_rm_robot/install/rm_ros_interfaces/include/rm_ros_interfaces/rm_ros_interfaces/msg/detail/forcepositionmovepose__rosidl_typesupport_fastrtps_cpp.hpp
-- Up-to-date: /home/a4x/hezixiang/ws_rm_robot/install/rm_ros_interfaces/include/rm_ros_interfaces/rm_ros_interfaces/msg/detail/armsoftversion__rosidl_typesupport_fastrtps_cpp.hpp
-- Up-to-date: /home/a4x/hezixiang/ws_rm_robot/install/rm_ros_interfaces/include/rm_ros_interfaces/rm_ros_interfaces/msg/detail/liftheight__rosidl_typesupport_fastrtps_cpp.hpp
-- Up-to-date: /home/a4x/hezixiang/ws_rm_robot/install/rm_ros_interfaces/include/rm_ros_interfaces/rm_ros_interfaces/msg/detail/forcepositionmovejoint__rosidl_typesupport_fastrtps_cpp.hpp
-- Up-to-date: /home/a4x/hezixiang/ws_rm_robot/install/rm_ros_interfaces/include/rm_ros_interfaces/rm_ros_interfaces/msg/rosidl_typesupport_fastrtps_cpp__visibility_control.h
-- Up-to-date: /home/a4x/hezixiang/ws_rm_robot/install/rm_ros_interfaces/lib/librm_ros_interfaces__rosidl_typesupport_fastrtps_cpp.so
-- Up-to-date: /home/a4x/hezixiang/ws_rm_robot/install/rm_ros_interfaces/include/rm_ros_interfaces/rm_ros_interfaces
-- Up-to-date: /home/a4x/hezixiang/ws_rm_robot/install/rm_ros_interfaces/include/rm_ros_interfaces/rm_ros_interfaces/msg
-- Up-to-date: /home/a4x/hezixiang/ws_rm_robot/install/rm_ros_interfaces/include/rm_ros_interfaces/rm_ros_interfaces/msg/detail
-- Up-to-date: /home/a4x/hezixiang/ws_rm_robot/install/rm_ros_interfaces/include/rm_ros_interfaces/rm_ros_interfaces/msg/detail/liftheight__type_support.cpp
-- Up-to-date: /home/a4x/hezixiang/ws_rm_robot/install/rm_ros_interfaces/include/rm_ros_interfaces/rm_ros_interfaces/msg/detail/handspeed__rosidl_typesupport_introspection_cpp.hpp
-- Up-to-date: /home/a4x/hezixiang/ws_rm_robot/install/rm_ros_interfaces/include/rm_ros_interfaces/rm_ros_interfaces/msg/detail/forcepositionmovejoint__rosidl_typesupport_introspection_cpp.hpp
-- Up-to-date: /home/a4x/hezixiang/ws_rm_robot/install/rm_ros_interfaces/include/rm_ros_interfaces/rm_ros_interfaces/msg/detail/armsoftversion__rosidl_typesupport_introspection_cpp.hpp
-- Up-to-date: /home/a4x/hezixiang/ws_rm_robot/install/rm_ros_interfaces/include/rm_ros_interfaces/rm_ros_interfaces/msg/detail/sixforce__rosidl_typesupport_introspection_cpp.hpp
-- Up-to-date: /home/a4x/hezixiang/ws_rm_robot/install/rm_ros_interfaces/include/rm_ros_interfaces/rm_ros_interfaces/msg/detail/getallframe__type_support.cpp
-- Up-to-date: /home/a4x/hezixiang/ws_rm_robot/install/rm_ros_interfaces/include/rm_ros_interfaces/rm_ros_interfaces/msg/detail/armsoftversion__type_support.cpp
-- Up-to-date: /home/a4x/hezixiang/ws_rm_robot/install/rm_ros_interfaces/include/rm_ros_interfaces/rm_ros_interfaces/msg/detail/forcepositionmovejoint__type_support.cpp
-- Up-to-date: /home/a4x/hezixiang/ws_rm_robot/install/rm_ros_interfaces/include/rm_ros_interfaces/rm_ros_interfaces/msg/detail/setforceposition__rosidl_typesupport_introspection_cpp.hpp
-- Up-to-date: /home/a4x/hezixiang/ws_rm_robot/install/rm_ros_interfaces/include/rm_ros_interfaces/rm_ros_interfaces/msg/detail/cartepos__rosidl_typesupport_introspection_cpp.hpp
-- Up-to-date: /home/a4x/hezixiang/ws_rm_robot/install/rm_ros_interfaces/include/rm_ros_interfaces/rm_ros_interfaces/msg/detail/liftstate__type_support.cpp
-- Up-to-date: /home/a4x/hezixiang/ws_rm_robot/install/rm_ros_interfaces/include/rm_ros_interfaces/rm_ros_interfaces/msg/detail/movejp__rosidl_typesupport_introspection_cpp.hpp
-- Up-to-date: /home/a4x/hezixiang/ws_rm_robot/install/rm_ros_interfaces/include/rm_ros_interfaces/rm_ros_interfaces/msg/detail/handseq__type_support.cpp
-- Up-to-date: /home/a4x/hezixiang/ws_rm_robot/install/rm_ros_interfaces/include/rm_ros_interfaces/rm_ros_interfaces/msg/detail/getallframe__rosidl_typesupport_introspection_cpp.hpp
-- Up-to-date: /home/a4x/hezixiang/ws_rm_robot/install/rm_ros_interfaces/include/rm_ros_interfaces/rm_ros_interfaces/msg/detail/armoriginalstate__rosidl_typesupport_introspection_cpp.hpp
-- Up-to-date: /home/a4x/hezixiang/ws_rm_robot/install/rm_ros_interfaces/include/rm_ros_interfaces/rm_ros_interfaces/msg/detail/setrealtimepush__type_support.cpp
-- Up-to-date: /home/a4x/hezixiang/ws_rm_robot/install/rm_ros_interfaces/include/rm_ros_interfaces/rm_ros_interfaces/msg/detail/cartepos__type_support.cpp
-- Up-to-date: /home/a4x/hezixiang/ws_rm_robot/install/rm_ros_interfaces/include/rm_ros_interfaces/rm_ros_interfaces/msg/detail/armstate__type_support.cpp
-- Up-to-date: /home/a4x/hezixiang/ws_rm_robot/install/rm_ros_interfaces/include/rm_ros_interfaces/rm_ros_interfaces/msg/detail/liftstate__rosidl_typesupport_introspection_cpp.hpp
-- Up-to-date: /home/a4x/hezixiang/ws_rm_robot/install/rm_ros_interfaces/include/rm_ros_interfaces/rm_ros_interfaces/msg/detail/jointerrclear__rosidl_typesupport_introspection_cpp.hpp
-- Up-to-date: /home/a4x/hezixiang/ws_rm_robot/install/rm_ros_interfaces/include/rm_ros_interfaces/rm_ros_interfaces/msg/detail/jointerrorcode__type_support.cpp
-- Up-to-date: /home/a4x/hezixiang/ws_rm_robot/install/rm_ros_interfaces/include/rm_ros_interfaces/rm_ros_interfaces/msg/detail/handseq__rosidl_typesupport_introspection_cpp.hpp
-- Up-to-date: /home/a4x/hezixiang/ws_rm_robot/install/rm_ros_interfaces/include/rm_ros_interfaces/rm_ros_interfaces/msg/detail/gripperset__rosidl_typesupport_introspection_cpp.hpp
-- Up-to-date: /home/a4x/hezixiang/ws_rm_robot/install/rm_ros_interfaces/include/rm_ros_interfaces/rm_ros_interfaces/msg/detail/setforceposition__type_support.cpp
-- Up-to-date: /home/a4x/hezixiang/ws_rm_robot/install/rm_ros_interfaces/include/rm_ros_interfaces/rm_ros_interfaces/msg/detail/gripperpick__rosidl_typesupport_introspection_cpp.hpp
-- Up-to-date: /home/a4x/hezixiang/ws_rm_robot/install/rm_ros_interfaces/include/rm_ros_interfaces/rm_ros_interfaces/msg/detail/movec__rosidl_typesupport_introspection_cpp.hpp
-- Up-to-date: /home/a4x/hezixiang/ws_rm_robot/install/rm_ros_interfaces/include/rm_ros_interfaces/rm_ros_interfaces/msg/detail/movej__rosidl_typesupport_introspection_cpp.hpp
-- Up-to-date: /home/a4x/hezixiang/ws_rm_robot/install/rm_ros_interfaces/include/rm_ros_interfaces/rm_ros_interfaces/msg/detail/sixforce__type_support.cpp
-- Up-to-date: /home/a4x/hezixiang/ws_rm_robot/install/rm_ros_interfaces/include/rm_ros_interfaces/rm_ros_interfaces/msg/detail/handspeed__type_support.cpp
-- Up-to-date: /home/a4x/hezixiang/ws_rm_robot/install/rm_ros_interfaces/include/rm_ros_interfaces/rm_ros_interfaces/msg/detail/forcepositionmovepose__type_support.cpp
-- Up-to-date: /home/a4x/hezixiang/ws_rm_robot/install/rm_ros_interfaces/include/rm_ros_interfaces/rm_ros_interfaces/msg/detail/gripperpick__type_support.cpp
-- Up-to-date: /home/a4x/hezixiang/ws_rm_robot/install/rm_ros_interfaces/include/rm_ros_interfaces/rm_ros_interfaces/msg/detail/armoriginalstate__type_support.cpp
-- Up-to-date: /home/a4x/hezixiang/ws_rm_robot/install/rm_ros_interfaces/include/rm_ros_interfaces/rm_ros_interfaces/msg/detail/liftspeed__rosidl_typesupport_introspection_cpp.hpp
-- Up-to-date: /home/a4x/hezixiang/ws_rm_robot/install/rm_ros_interfaces/include/rm_ros_interfaces/rm_ros_interfaces/msg/detail/forcepositionmovepose__rosidl_typesupport_introspection_cpp.hpp
-- Up-to-date: /home/a4x/hezixiang/ws_rm_robot/install/rm_ros_interfaces/include/rm_ros_interfaces/rm_ros_interfaces/msg/detail/handangle__rosidl_typesupport_introspection_cpp.hpp
-- Up-to-date: /home/a4x/hezixiang/ws_rm_robot/install/rm_ros_interfaces/include/rm_ros_interfaces/rm_ros_interfaces/msg/detail/handangle__type_support.cpp
-- Up-to-date: /home/a4x/hezixiang/ws_rm_robot/install/rm_ros_interfaces/include/rm_ros_interfaces/rm_ros_interfaces/msg/detail/movec__type_support.cpp
-- Up-to-date: /home/a4x/hezixiang/ws_rm_robot/install/rm_ros_interfaces/include/rm_ros_interfaces/rm_ros_interfaces/msg/detail/liftspeed__type_support.cpp
-- Up-to-date: /home/a4x/hezixiang/ws_rm_robot/install/rm_ros_interfaces/include/rm_ros_interfaces/rm_ros_interfaces/msg/detail/setrealtimepush__rosidl_typesupport_introspection_cpp.hpp
-- Up-to-date: /home/a4x/hezixiang/ws_rm_robot/install/rm_ros_interfaces/include/rm_ros_interfaces/rm_ros_interfaces/msg/detail/handforce__rosidl_typesupport_introspection_cpp.hpp
-- Up-to-date: /home/a4x/hezixiang/ws_rm_robot/install/rm_ros_interfaces/include/rm_ros_interfaces/rm_ros_interfaces/msg/detail/movej__type_support.cpp
-- Up-to-date: /home/a4x/hezixiang/ws_rm_robot/install/rm_ros_interfaces/include/rm_ros_interfaces/rm_ros_interfaces/msg/detail/gripperset__type_support.cpp
-- Up-to-date: /home/a4x/hezixiang/ws_rm_robot/install/rm_ros_interfaces/include/rm_ros_interfaces/rm_ros_interfaces/msg/detail/jointerrorcode__rosidl_typesupport_introspection_cpp.hpp
-- Up-to-date: /home/a4x/hezixiang/ws_rm_robot/install/rm_ros_interfaces/include/rm_ros_interfaces/rm_ros_interfaces/msg/detail/jointerrclear__type_support.cpp
-- Up-to-date: /home/a4x/hezixiang/ws_rm_robot/install/rm_ros_interfaces/include/rm_ros_interfaces/rm_ros_interfaces/msg/detail/jointpos__rosidl_typesupport_introspection_cpp.hpp
-- Up-to-date: /home/a4x/hezixiang/ws_rm_robot/install/rm_ros_interfaces/include/rm_ros_interfaces/rm_ros_interfaces/msg/detail/handposture__type_support.cpp
-- Up-to-date: /home/a4x/hezixiang/ws_rm_robot/install/rm_ros_interfaces/include/rm_ros_interfaces/rm_ros_interfaces/msg/detail/handforce__type_support.cpp
-- Up-to-date: /home/a4x/hezixiang/ws_rm_robot/install/rm_ros_interfaces/include/rm_ros_interfaces/rm_ros_interfaces/msg/detail/armstate__rosidl_typesupport_introspection_cpp.hpp
-- Up-to-date: /home/a4x/hezixiang/ws_rm_robot/install/rm_ros_interfaces/include/rm_ros_interfaces/rm_ros_interfaces/msg/detail/liftheight__rosidl_typesupport_introspection_cpp.hpp
-- Up-to-date: /home/a4x/hezixiang/ws_rm_robot/install/rm_ros_interfaces/include/rm_ros_interfaces/rm_ros_interfaces/msg/detail/handposture__rosidl_typesupport_introspection_cpp.hpp
-- Up-to-date: /home/a4x/hezixiang/ws_rm_robot/install/rm_ros_interfaces/include/rm_ros_interfaces/rm_ros_interfaces/msg/detail/movel__type_support.cpp
-- Up-to-date: /home/a4x/hezixiang/ws_rm_robot/install/rm_ros_interfaces/include/rm_ros_interfaces/rm_ros_interfaces/msg/detail/jointpos__type_support.cpp
-- Up-to-date: /home/a4x/hezixiang/ws_rm_robot/install/rm_ros_interfaces/include/rm_ros_interfaces/rm_ros_interfaces/msg/detail/movel__rosidl_typesupport_introspection_cpp.hpp
-- Up-to-date: /home/a4x/hezixiang/ws_rm_robot/install/rm_ros_interfaces/include/rm_ros_interfaces/rm_ros_interfaces/msg/detail/movejp__type_support.cpp
-- Up-to-date: /home/a4x/hezixiang/ws_rm_robot/install/rm_ros_interfaces/lib/librm_ros_interfaces__rosidl_typesupport_introspection_cpp.so
-- Up-to-date: /home/a4x/hezixiang/ws_rm_robot/install/rm_ros_interfaces/lib/librm_ros_interfaces__rosidl_typesupport_cpp.so
-- Up-to-date: /home/a4x/hezixiang/ws_rm_robot/install/rm_ros_interfaces/share/rm_ros_interfaces/environment/pythonpath.sh
-- Up-to-date: /home/a4x/hezixiang/ws_rm_robot/install/rm_ros_interfaces/share/rm_ros_interfaces/environment/pythonpath.dsv
-- Up-to-date: /home/a4x/hezixiang/ws_rm_robot/install/rm_ros_interfaces/local/lib/python3.10/dist-packages/rm_ros_interfaces-0.0.0-py3.10.egg-info
-- Installing: /home/a4x/hezixiang/ws_rm_robot/install/rm_ros_interfaces/local/lib/python3.10/dist-packages/rm_ros_interfaces-0.0.0-py3.10.egg-info/PKG-INFO
-- Installing: /home/a4x/hezixiang/ws_rm_robot/install/rm_ros_interfaces/local/lib/python3.10/dist-packages/rm_ros_interfaces-0.0.0-py3.10.egg-info/SOURCES.txt
-- Installing: /home/a4x/hezixiang/ws_rm_robot/install/rm_ros_interfaces/local/lib/python3.10/dist-packages/rm_ros_interfaces-0.0.0-py3.10.egg-info/dependency_links.txt
-- Installing: /home/a4x/hezixiang/ws_rm_robot/install/rm_ros_interfaces/local/lib/python3.10/dist-packages/rm_ros_interfaces-0.0.0-py3.10.egg-info/top_level.txt
-- Up-to-date: /home/a4x/hezixiang/ws_rm_robot/install/rm_ros_interfaces/local/lib/python3.10/dist-packages/rm_ros_interfaces
-- Up-to-date: /home/a4x/hezixiang/ws_rm_robot/install/rm_ros_interfaces/local/lib/python3.10/dist-packages/rm_ros_interfaces/msg
-- Up-to-date: /home/a4x/hezixiang/ws_rm_robot/install/rm_ros_interfaces/local/lib/python3.10/dist-packages/rm_ros_interfaces/msg/_armsoftversion.py
-- Up-to-date: /home/a4x/hezixiang/ws_rm_robot/install/rm_ros_interfaces/local/lib/python3.10/dist-packages/rm_ros_interfaces/msg/_armsoftversion_s.c
-- Up-to-date: /home/a4x/hezixiang/ws_rm_robot/install/rm_ros_interfaces/local/lib/python3.10/dist-packages/rm_ros_interfaces/msg/_handforce.py
-- Up-to-date: /home/a4x/hezixiang/ws_rm_robot/install/rm_ros_interfaces/local/lib/python3.10/dist-packages/rm_ros_interfaces/msg/_jointerrclear_s.c
-- Up-to-date: /home/a4x/hezixiang/ws_rm_robot/install/rm_ros_interfaces/local/lib/python3.10/dist-packages/rm_ros_interfaces/msg/_handspeed.py
-- Up-to-date: /home/a4x/hezixiang/ws_rm_robot/install/rm_ros_interfaces/local/lib/python3.10/dist-packages/rm_ros_interfaces/msg/_forcepositionmovejoint_s.c
-- Up-to-date: /home/a4x/hezixiang/ws_rm_robot/install/rm_ros_interfaces/local/lib/python3.10/dist-packages/rm_ros_interfaces/msg/_movejp.py
-- Up-to-date: /home/a4x/hezixiang/ws_rm_robot/install/rm_ros_interfaces/local/lib/python3.10/dist-packages/rm_ros_interfaces/msg/_jointerrclear.py
-- Up-to-date: /home/a4x/hezixiang/ws_rm_robot/install/rm_ros_interfaces/local/lib/python3.10/dist-packages/rm_ros_interfaces/msg/_forcepositionmovejoint.py
-- Up-to-date: /home/a4x/hezixiang/ws_rm_robot/install/rm_ros_interfaces/local/lib/python3.10/dist-packages/rm_ros_interfaces/msg/_armstate.py
-- Up-to-date: /home/a4x/hezixiang/ws_rm_robot/install/rm_ros_interfaces/local/lib/python3.10/dist-packages/rm_ros_interfaces/msg/_getallframe.py
-- Up-to-date: /home/a4x/hezixiang/ws_rm_robot/install/rm_ros_interfaces/local/lib/python3.10/dist-packages/rm_ros_interfaces/msg/_movej_s.c
-- Up-to-date: /home/a4x/hezixiang/ws_rm_robot/install/rm_ros_interfaces/local/lib/python3.10/dist-packages/rm_ros_interfaces/msg/_liftstate.py
-- Up-to-date: /home/a4x/hezixiang/ws_rm_robot/install/rm_ros_interfaces/local/lib/python3.10/dist-packages/rm_ros_interfaces/msg/_gripperset.py
-- Up-to-date: /home/a4x/hezixiang/ws_rm_robot/install/rm_ros_interfaces/local/lib/python3.10/dist-packages/rm_ros_interfaces/msg/_jointpos.py
-- Up-to-date: /home/a4x/hezixiang/ws_rm_robot/install/rm_ros_interfaces/local/lib/python3.10/dist-packages/rm_ros_interfaces/msg/_sixforce.py
-- Up-to-date: /home/a4x/hezixiang/ws_rm_robot/install/rm_ros_interfaces/local/lib/python3.10/dist-packages/rm_ros_interfaces/msg/_forcepositionmovepose_s.c
-- Up-to-date: /home/a4x/hezixiang/ws_rm_robot/install/rm_ros_interfaces/local/lib/python3.10/dist-packages/rm_ros_interfaces/msg/_movel.py
-- Up-to-date: /home/a4x/hezixiang/ws_rm_robot/install/rm_ros_interfaces/local/lib/python3.10/dist-packages/rm_ros_interfaces/msg/_gripperpick_s.c
-- Up-to-date: /home/a4x/hezixiang/ws_rm_robot/install/rm_ros_interfaces/local/lib/python3.10/dist-packages/rm_ros_interfaces/msg/_liftspeed.py
-- Up-to-date: /home/a4x/hezixiang/ws_rm_robot/install/rm_ros_interfaces/local/lib/python3.10/dist-packages/rm_ros_interfaces/msg/_movec_s.c
-- Up-to-date: /home/a4x/hezixiang/ws_rm_robot/install/rm_ros_interfaces/local/lib/python3.10/dist-packages/rm_ros_interfaces/msg/_movel_s.c
-- Up-to-date: /home/a4x/hezixiang/ws_rm_robot/install/rm_ros_interfaces/local/lib/python3.10/dist-packages/rm_ros_interfaces/msg/_setrealtimepush.py
-- Up-to-date: /home/a4x/hezixiang/ws_rm_robot/install/rm_ros_interfaces/local/lib/python3.10/dist-packages/rm_ros_interfaces/msg/_sixforce_s.c
-- Up-to-date: /home/a4x/hezixiang/ws_rm_robot/install/rm_ros_interfaces/local/lib/python3.10/dist-packages/rm_ros_interfaces/msg/__init__.py
-- Up-to-date: /home/a4x/hezixiang/ws_rm_robot/install/rm_ros_interfaces/local/lib/python3.10/dist-packages/rm_ros_interfaces/msg/_jointerrorcode.py
-- Up-to-date: /home/a4x/hezixiang/ws_rm_robot/install/rm_ros_interfaces/local/lib/python3.10/dist-packages/rm_ros_interfaces/msg/_armoriginalstate.py
-- Up-to-date: /home/a4x/hezixiang/ws_rm_robot/install/rm_ros_interfaces/local/lib/python3.10/dist-packages/rm_ros_interfaces/msg/_handangle_s.c
-- Up-to-date: /home/a4x/hezixiang/ws_rm_robot/install/rm_ros_interfaces/local/lib/python3.10/dist-packages/rm_ros_interfaces/msg/_handspeed_s.c
-- Up-to-date: /home/a4x/hezixiang/ws_rm_robot/install/rm_ros_interfaces/local/lib/python3.10/dist-packages/rm_ros_interfaces/msg/_handseq_s.c
-- Up-to-date: /home/a4x/hezixiang/ws_rm_robot/install/rm_ros_interfaces/local/lib/python3.10/dist-packages/rm_ros_interfaces/msg/_forcepositionmovepose.py
-- Up-to-date: /home/a4x/hezixiang/ws_rm_robot/install/rm_ros_interfaces/local/lib/python3.10/dist-packages/rm_ros_interfaces/msg/_liftspeed_s.c
-- Up-to-date: /home/a4x/hezixiang/ws_rm_robot/install/rm_ros_interfaces/local/lib/python3.10/dist-packages/rm_ros_interfaces/msg/_handseq.py
-- Up-to-date: /home/a4x/hezixiang/ws_rm_robot/install/rm_ros_interfaces/local/lib/python3.10/dist-packages/rm_ros_interfaces/msg/_getallframe_s.c
-- Up-to-date: /home/a4x/hezixiang/ws_rm_robot/install/rm_ros_interfaces/local/lib/python3.10/dist-packages/rm_ros_interfaces/msg/_movej.py
-- Up-to-date: /home/a4x/hezixiang/ws_rm_robot/install/rm_ros_interfaces/local/lib/python3.10/dist-packages/rm_ros_interfaces/msg/_movejp_s.c
-- Up-to-date: /home/a4x/hezixiang/ws_rm_robot/install/rm_ros_interfaces/local/lib/python3.10/dist-packages/rm_ros_interfaces/msg/_gripperset_s.c
-- Up-to-date: /home/a4x/hezixiang/ws_rm_robot/install/rm_ros_interfaces/local/lib/python3.10/dist-packages/rm_ros_interfaces/msg/_handangle.py
-- Up-to-date: /home/a4x/hezixiang/ws_rm_robot/install/rm_ros_interfaces/local/lib/python3.10/dist-packages/rm_ros_interfaces/msg/_handposture.py
-- Up-to-date: /home/a4x/hezixiang/ws_rm_robot/install/rm_ros_interfaces/local/lib/python3.10/dist-packages/rm_ros_interfaces/msg/_cartepos.py
-- Up-to-date: /home/a4x/hezixiang/ws_rm_robot/install/rm_ros_interfaces/local/lib/python3.10/dist-packages/rm_ros_interfaces/msg/_setrealtimepush_s.c
-- Up-to-date: /home/a4x/hezixiang/ws_rm_robot/install/rm_ros_interfaces/local/lib/python3.10/dist-packages/rm_ros_interfaces/msg/_liftheight_s.c
-- Up-to-date: /home/a4x/hezixiang/ws_rm_robot/install/rm_ros_interfaces/local/lib/python3.10/dist-packages/rm_ros_interfaces/msg/_movec.py
-- Up-to-date: /home/a4x/hezixiang/ws_rm_robot/install/rm_ros_interfaces/local/lib/python3.10/dist-packages/rm_ros_interfaces/msg/_setforceposition.py
-- Up-to-date: /home/a4x/hezixiang/ws_rm_robot/install/rm_ros_interfaces/local/lib/python3.10/dist-packages/rm_ros_interfaces/msg/_jointpos_s.c
-- Up-to-date: /home/a4x/hezixiang/ws_rm_robot/install/rm_ros_interfaces/local/lib/python3.10/dist-packages/rm_ros_interfaces/msg/_handforce_s.c
-- Up-to-date: /home/a4x/hezixiang/ws_rm_robot/install/rm_ros_interfaces/local/lib/python3.10/dist-packages/rm_ros_interfaces/msg/_jointerrorcode_s.c
-- Up-to-date: /home/a4x/hezixiang/ws_rm_robot/install/rm_ros_interfaces/local/lib/python3.10/dist-packages/rm_ros_interfaces/msg/_liftstate_s.c
-- Up-to-date: /home/a4x/hezixiang/ws_rm_robot/install/rm_ros_interfaces/local/lib/python3.10/dist-packages/rm_ros_interfaces/msg/_setforceposition_s.c
-- Up-to-date: /home/a4x/hezixiang/ws_rm_robot/install/rm_ros_interfaces/local/lib/python3.10/dist-packages/rm_ros_interfaces/msg/_gripperpick.py
-- Up-to-date: /home/a4x/hezixiang/ws_rm_robot/install/rm_ros_interfaces/local/lib/python3.10/dist-packages/rm_ros_interfaces/msg/_handposture_s.c
-- Up-to-date: /home/a4x/hezixiang/ws_rm_robot/install/rm_ros_interfaces/local/lib/python3.10/dist-packages/rm_ros_interfaces/msg/_liftheight.py
-- Up-to-date: /home/a4x/hezixiang/ws_rm_robot/install/rm_ros_interfaces/local/lib/python3.10/dist-packages/rm_ros_interfaces/msg/_armstate_s.c
-- Up-to-date: /home/a4x/hezixiang/ws_rm_robot/install/rm_ros_interfaces/local/lib/python3.10/dist-packages/rm_ros_interfaces/msg/_cartepos_s.c
-- Up-to-date: /home/a4x/hezixiang/ws_rm_robot/install/rm_ros_interfaces/local/lib/python3.10/dist-packages/rm_ros_interfaces/msg/_armoriginalstate_s.c
-- Up-to-date: /home/a4x/hezixiang/ws_rm_robot/install/rm_ros_interfaces/local/lib/python3.10/dist-packages/rm_ros_interfaces/rm_ros_interfaces_s__rosidl_typesupport_introspection_c.cpython-310-x86_64-linux-gnu.so
-- Up-to-date: /home/a4x/hezixiang/ws_rm_robot/install/rm_ros_interfaces/local/lib/python3.10/dist-packages/rm_ros_interfaces/rm_ros_interfaces_s__rosidl_typesupport_fastrtps_c.cpython-310-x86_64-linux-gnu.so
-- Up-to-date: /home/a4x/hezixiang/ws_rm_robot/install/rm_ros_interfaces/local/lib/python3.10/dist-packages/rm_ros_interfaces/librm_ros_interfaces__rosidl_generator_py.so
-- Up-to-date: /home/a4x/hezixiang/ws_rm_robot/install/rm_ros_interfaces/local/lib/python3.10/dist-packages/rm_ros_interfaces/__init__.py
-- Up-to-date: /home/a4x/hezixiang/ws_rm_robot/install/rm_ros_interfaces/local/lib/python3.10/dist-packages/rm_ros_interfaces/_rm_ros_interfaces_s.ep.rosidl_typesupport_introspection_c.c
-- Up-to-date: /home/a4x/hezixiang/ws_rm_robot/install/rm_ros_interfaces/local/lib/python3.10/dist-packages/rm_ros_interfaces/_rm_ros_interfaces_s.ep.rosidl_typesupport_c.c
-- Up-to-date: /home/a4x/hezixiang/ws_rm_robot/install/rm_ros_interfaces/local/lib/python3.10/dist-packages/rm_ros_interfaces/_rm_ros_interfaces_s.ep.rosidl_typesupport_fastrtps_c.c
-- Up-to-date: /home/a4x/hezixiang/ws_rm_robot/install/rm_ros_interfaces/local/lib/python3.10/dist-packages/rm_ros_interfaces/rm_ros_interfaces_s__rosidl_typesupport_c.cpython-310-x86_64-linux-gnu.so
Listing '/home/a4x/hezixiang/ws_rm_robot/install/rm_ros_interfaces/local/lib/python3.10/dist-packages/rm_ros_interfaces'...
Listing '/home/a4x/hezixiang/ws_rm_robot/install/rm_ros_interfaces/local/lib/python3.10/dist-packages/rm_ros_interfaces/msg'...
-- Up-to-date: /home/a4x/hezixiang/ws_rm_robot/install/rm_ros_interfaces/local/lib/python3.10/dist-packages/rm_ros_interfaces/rm_ros_interfaces_s__rosidl_typesupport_fastrtps_c.cpython-310-x86_64-linux-gnu.so
-- Up-to-date: /home/a4x/hezixiang/ws_rm_robot/install/rm_ros_interfaces/local/lib/python3.10/dist-packages/rm_ros_interfaces/rm_ros_interfaces_s__rosidl_typesupport_introspection_c.cpython-310-x86_64-linux-gnu.so
-- Up-to-date: /home/a4x/hezixiang/ws_rm_robot/install/rm_ros_interfaces/local/lib/python3.10/dist-packages/rm_ros_interfaces/rm_ros_interfaces_s__rosidl_typesupport_c.cpython-310-x86_64-linux-gnu.so
-- Up-to-date: /home/a4x/hezixiang/ws_rm_robot/install/rm_ros_interfaces/lib/librm_ros_interfaces__rosidl_generator_py.so
-- Up-to-date: /home/a4x/hezixiang/ws_rm_robot/install/rm_ros_interfaces/share/rm_ros_interfaces/msg/Movej.idl
-- Up-to-date: /home/a4x/hezixiang/ws_rm_robot/install/rm_ros_interfaces/share/rm_ros_interfaces/msg/Movejp.idl
-- Up-to-date: /home/a4x/hezixiang/ws_rm_robot/install/rm_ros_interfaces/share/rm_ros_interfaces/msg/Movel.idl
-- Up-to-date: /home/a4x/hezixiang/ws_rm_robot/install/rm_ros_interfaces/share/rm_ros_interfaces/msg/Movec.idl
-- Up-to-date: /home/a4x/hezixiang/ws_rm_robot/install/rm_ros_interfaces/share/rm_ros_interfaces/msg/Setrealtimepush.idl
-- Up-to-date: /home/a4x/hezixiang/ws_rm_robot/install/rm_ros_interfaces/share/rm_ros_interfaces/msg/Armsoftversion.idl
-- Up-to-date: /home/a4x/hezixiang/ws_rm_robot/install/rm_ros_interfaces/share/rm_ros_interfaces/msg/Sixforce.idl
-- Up-to-date: /home/a4x/hezixiang/ws_rm_robot/install/rm_ros_interfaces/share/rm_ros_interfaces/msg/Jointerrorcode.idl
-- Up-to-date: /home/a4x/hezixiang/ws_rm_robot/install/rm_ros_interfaces/share/rm_ros_interfaces/msg/Forcepositionmovejoint.idl
-- Up-to-date: /home/a4x/hezixiang/ws_rm_robot/install/rm_ros_interfaces/share/rm_ros_interfaces/msg/Forcepositionmovepose.idl
-- Up-to-date: /home/a4x/hezixiang/ws_rm_robot/install/rm_ros_interfaces/share/rm_ros_interfaces/msg/Setforceposition.idl
-- Up-to-date: /home/a4x/hezixiang/ws_rm_robot/install/rm_ros_interfaces/share/rm_ros_interfaces/msg/Getallframe.idl
-- Up-to-date: /home/a4x/hezixiang/ws_rm_robot/install/rm_ros_interfaces/share/rm_ros_interfaces/msg/Jointpos.idl
-- Up-to-date: /home/a4x/hezixiang/ws_rm_robot/install/rm_ros_interfaces/share/rm_ros_interfaces/msg/Cartepos.idl
-- Up-to-date: /home/a4x/hezixiang/ws_rm_robot/install/rm_ros_interfaces/share/rm_ros_interfaces/msg/Jointerrclear.idl
-- Up-to-date: /home/a4x/hezixiang/ws_rm_robot/install/rm_ros_interfaces/share/rm_ros_interfaces/msg/Gripperpick.idl
-- Up-to-date: /home/a4x/hezixiang/ws_rm_robot/install/rm_ros_interfaces/share/rm_ros_interfaces/msg/Gripperset.idl
-- Up-to-date: /home/a4x/hezixiang/ws_rm_robot/install/rm_ros_interfaces/share/rm_ros_interfaces/msg/Handangle.idl
-- Up-to-date: /home/a4x/hezixiang/ws_rm_robot/install/rm_ros_interfaces/share/rm_ros_interfaces/msg/Handforce.idl
-- Up-to-date: /home/a4x/hezixiang/ws_rm_robot/install/rm_ros_interfaces/share/rm_ros_interfaces/msg/Handposture.idl
-- Up-to-date: /home/a4x/hezixiang/ws_rm_robot/install/rm_ros_interfaces/share/rm_ros_interfaces/msg/Handseq.idl
-- Up-to-date: /home/a4x/hezixiang/ws_rm_robot/install/rm_ros_interfaces/share/rm_ros_interfaces/msg/Handspeed.idl
-- Up-to-date: /home/a4x/hezixiang/ws_rm_robot/install/rm_ros_interfaces/share/rm_ros_interfaces/msg/Armoriginalstate.idl
-- Up-to-date: /home/a4x/hezixiang/ws_rm_robot/install/rm_ros_interfaces/share/rm_ros_interfaces/msg/Armstate.idl
-- Up-to-date: /home/a4x/hezixiang/ws_rm_robot/install/rm_ros_interfaces/share/rm_ros_interfaces/msg/Liftspeed.idl
-- Up-to-date: /home/a4x/hezixiang/ws_rm_robot/install/rm_ros_interfaces/share/rm_ros_interfaces/msg/Liftheight.idl
-- Up-to-date: /home/a4x/hezixiang/ws_rm_robot/install/rm_ros_interfaces/share/rm_ros_interfaces/msg/Liftstate.idl
-- Up-to-date: /home/a4x/hezixiang/ws_rm_robot/install/rm_ros_interfaces/share/rm_ros_interfaces/msg/Movej.msg
-- Up-to-date: /home/a4x/hezixiang/ws_rm_robot/install/rm_ros_interfaces/share/rm_ros_interfaces/msg/Movejp.msg
-- Up-to-date: /home/a4x/hezixiang/ws_rm_robot/install/rm_ros_interfaces/share/rm_ros_interfaces/msg/Movel.msg
-- Up-to-date: /home/a4x/hezixiang/ws_rm_robot/install/rm_ros_interfaces/share/rm_ros_interfaces/msg/Movec.msg
-- Up-to-date: /home/a4x/hezixiang/ws_rm_robot/install/rm_ros_interfaces/share/rm_ros_interfaces/msg/Setrealtimepush.msg
-- Up-to-date: /home/a4x/hezixiang/ws_rm_robot/install/rm_ros_interfaces/share/rm_ros_interfaces/msg/Armsoftversion.msg
-- Up-to-date: /home/a4x/hezixiang/ws_rm_robot/install/rm_ros_interfaces/share/rm_ros_interfaces/msg/Sixforce.msg
-- Up-to-date: /home/a4x/hezixiang/ws_rm_robot/install/rm_ros_interfaces/share/rm_ros_interfaces/msg/Jointerrorcode.msg
-- Up-to-date: /home/a4x/hezixiang/ws_rm_robot/install/rm_ros_interfaces/share/rm_ros_interfaces/msg/Forcepositionmovejoint.msg
-- Up-to-date: /home/a4x/hezixiang/ws_rm_robot/install/rm_ros_interfaces/share/rm_ros_interfaces/msg/Forcepositionmovepose.msg
-- Up-to-date: /home/a4x/hezixiang/ws_rm_robot/install/rm_ros_interfaces/share/rm_ros_interfaces/msg/Setforceposition.msg
-- Up-to-date: /home/a4x/hezixiang/ws_rm_robot/install/rm_ros_interfaces/share/rm_ros_interfaces/msg/Getallframe.msg
-- Up-to-date: /home/a4x/hezixiang/ws_rm_robot/install/rm_ros_interfaces/share/rm_ros_interfaces/msg/Jointpos.msg
-- Up-to-date: /home/a4x/hezixiang/ws_rm_robot/install/rm_ros_interfaces/share/rm_ros_interfaces/msg/Cartepos.msg
-- Up-to-date: /home/a4x/hezixiang/ws_rm_robot/install/rm_ros_interfaces/share/rm_ros_interfaces/msg/Jointerrclear.msg
-- Up-to-date: /home/a4x/hezixiang/ws_rm_robot/install/rm_ros_interfaces/share/rm_ros_interfaces/msg/Gripperpick.msg
-- Up-to-date: /home/a4x/hezixiang/ws_rm_robot/install/rm_ros_interfaces/share/rm_ros_interfaces/msg/Gripperset.msg
-- Up-to-date: /home/a4x/hezixiang/ws_rm_robot/install/rm_ros_interfaces/share/rm_ros_interfaces/msg/Handangle.msg
-- Up-to-date: /home/a4x/hezixiang/ws_rm_robot/install/rm_ros_interfaces/share/rm_ros_interfaces/msg/Handforce.msg
-- Up-to-date: /home/a4x/hezixiang/ws_rm_robot/install/rm_ros_interfaces/share/rm_ros_interfaces/msg/Handposture.msg
-- Up-to-date: /home/a4x/hezixiang/ws_rm_robot/install/rm_ros_interfaces/share/rm_ros_interfaces/msg/Handseq.msg
-- Up-to-date: /home/a4x/hezixiang/ws_rm_robot/install/rm_ros_interfaces/share/rm_ros_interfaces/msg/Handspeed.msg
-- Up-to-date: /home/a4x/hezixiang/ws_rm_robot/install/rm_ros_interfaces/share/rm_ros_interfaces/msg/Armoriginalstate.msg
-- Up-to-date: /home/a4x/hezixiang/ws_rm_robot/install/rm_ros_interfaces/share/rm_ros_interfaces/msg/Armstate.msg
-- Up-to-date: /home/a4x/hezixiang/ws_rm_robot/install/rm_ros_interfaces/share/rm_ros_interfaces/msg/Liftspeed.msg
-- Up-to-date: /home/a4x/hezixiang/ws_rm_robot/install/rm_ros_interfaces/share/rm_ros_interfaces/msg/Liftheight.msg
-- Up-to-date: /home/a4x/hezixiang/ws_rm_robot/install/rm_ros_interfaces/share/rm_ros_interfaces/msg/Liftstate.msg
-- Up-to-date: /home/a4x/hezixiang/ws_rm_robot/install/rm_ros_interfaces/share/ament_index/resource_index/package_run_dependencies/rm_ros_interfaces
-- Up-to-date: /home/a4x/hezixiang/ws_rm_robot/install/rm_ros_interfaces/share/ament_index/resource_index/parent_prefix_path/rm_ros_interfaces
-- Up-to-date: /home/a4x/hezixiang/ws_rm_robot/install/rm_ros_interfaces/share/rm_ros_interfaces/environment/ament_prefix_path.sh
-- Up-to-date: /home/a4x/hezixiang/ws_rm_robot/install/rm_ros_interfaces/share/rm_ros_interfaces/environment/ament_prefix_path.dsv
-- Up-to-date: /home/a4x/hezixiang/ws_rm_robot/install/rm_ros_interfaces/share/rm_ros_interfaces/environment/path.sh
-- Up-to-date: /home/a4x/hezixiang/ws_rm_robot/install/rm_ros_interfaces/share/rm_ros_interfaces/environment/path.dsv
-- Up-to-date: /home/a4x/hezixiang/ws_rm_robot/install/rm_ros_interfaces/share/rm_ros_interfaces/local_setup.bash
-- Up-to-date: /home/a4x/hezixiang/ws_rm_robot/install/rm_ros_interfaces/share/rm_ros_interfaces/local_setup.sh
-- Up-to-date: /home/a4x/hezixiang/ws_rm_robot/install/rm_ros_interfaces/share/rm_ros_interfaces/local_setup.zsh
-- Up-to-date: /home/a4x/hezixiang/ws_rm_robot/install/rm_ros_interfaces/share/rm_ros_interfaces/local_setup.dsv
-- Installing: /home/a4x/hezixiang/ws_rm_robot/install/rm_ros_interfaces/share/rm_ros_interfaces/package.dsv
-- Up-to-date: /home/a4x/hezixiang/ws_rm_robot/install/rm_ros_interfaces/share/ament_index/resource_index/packages/rm_ros_interfaces
-- Up-to-date: /home/a4x/hezixiang/ws_rm_robot/install/rm_ros_interfaces/share/rm_ros_interfaces/cmake/export_rm_ros_interfaces__rosidl_generator_cExport.cmake
-- Up-to-date: /home/a4x/hezixiang/ws_rm_robot/install/rm_ros_interfaces/share/rm_ros_interfaces/cmake/export_rm_ros_interfaces__rosidl_generator_cExport-noconfig.cmake
-- Up-to-date: /home/a4x/hezixiang/ws_rm_robot/install/rm_ros_interfaces/share/rm_ros_interfaces/cmake/export_rm_ros_interfaces__rosidl_typesupport_fastrtps_cExport.cmake
-- Up-to-date: /home/a4x/hezixiang/ws_rm_robot/install/rm_ros_interfaces/share/rm_ros_interfaces/cmake/export_rm_ros_interfaces__rosidl_typesupport_fastrtps_cExport-noconfig.cmake
-- Up-to-date: /home/a4x/hezixiang/ws_rm_robot/install/rm_ros_interfaces/share/rm_ros_interfaces/cmake/rm_ros_interfaces__rosidl_typesupport_introspection_cExport.cmake
-- Up-to-date: /home/a4x/hezixiang/ws_rm_robot/install/rm_ros_interfaces/share/rm_ros_interfaces/cmake/rm_ros_interfaces__rosidl_typesupport_introspection_cExport-noconfig.cmake
-- Up-to-date: /home/a4x/hezixiang/ws_rm_robot/install/rm_ros_interfaces/share/rm_ros_interfaces/cmake/rm_ros_interfaces__rosidl_typesupport_cExport.cmake
-- Up-to-date: /home/a4x/hezixiang/ws_rm_robot/install/rm_ros_interfaces/share/rm_ros_interfaces/cmake/rm_ros_interfaces__rosidl_typesupport_cExport-noconfig.cmake
-- Up-to-date: /home/a4x/hezixiang/ws_rm_robot/install/rm_ros_interfaces/share/rm_ros_interfaces/cmake/export_rm_ros_interfaces__rosidl_generator_cppExport.cmake
-- Up-to-date: /home/a4x/hezixiang/ws_rm_robot/install/rm_ros_interfaces/share/rm_ros_interfaces/cmake/export_rm_ros_interfaces__rosidl_typesupport_fastrtps_cppExport.cmake
-- Up-to-date: /home/a4x/hezixiang/ws_rm_robot/install/rm_ros_interfaces/share/rm_ros_interfaces/cmake/export_rm_ros_interfaces__rosidl_typesupport_fastrtps_cppExport-noconfig.cmake
-- Up-to-date: /home/a4x/hezixiang/ws_rm_robot/install/rm_ros_interfaces/share/rm_ros_interfaces/cmake/rm_ros_interfaces__rosidl_typesupport_introspection_cppExport.cmake
-- Up-to-date: /home/a4x/hezixiang/ws_rm_robot/install/rm_ros_interfaces/share/rm_ros_interfaces/cmake/rm_ros_interfaces__rosidl_typesupport_introspection_cppExport-noconfig.cmake
-- Up-to-date: /home/a4x/hezixiang/ws_rm_robot/install/rm_ros_interfaces/share/rm_ros_interfaces/cmake/rm_ros_interfaces__rosidl_typesupport_cppExport.cmake
-- Up-to-date: /home/a4x/hezixiang/ws_rm_robot/install/rm_ros_interfaces/share/rm_ros_interfaces/cmake/rm_ros_interfaces__rosidl_typesupport_cppExport-noconfig.cmake
-- Up-to-date: /home/a4x/hezixiang/ws_rm_robot/install/rm_ros_interfaces/share/rm_ros_interfaces/cmake/export_rm_ros_interfaces__rosidl_generator_pyExport.cmake
-- Up-to-date: /home/a4x/hezixiang/ws_rm_robot/install/rm_ros_interfaces/share/rm_ros_interfaces/cmake/export_rm_ros_interfaces__rosidl_generator_pyExport-noconfig.cmake
-- Up-to-date: /home/a4x/hezixiang/ws_rm_robot/install/rm_ros_interfaces/share/rm_ros_interfaces/cmake/rosidl_cmake-extras.cmake
-- Up-to-date: /home/a4x/hezixiang/ws_rm_robot/install/rm_ros_interfaces/share/rm_ros_interfaces/cmake/ament_cmake_export_dependencies-extras.cmake
-- Up-to-date: /home/a4x/hezixiang/ws_rm_robot/install/rm_ros_interfaces/share/rm_ros_interfaces/cmake/ament_cmake_export_include_directories-extras.cmake
-- Up-to-date: /home/a4x/hezixiang/ws_rm_robot/install/rm_ros_interfaces/share/rm_ros_interfaces/cmake/ament_cmake_export_libraries-extras.cmake
-- Up-to-date: /home/a4x/hezixiang/ws_rm_robot/install/rm_ros_interfaces/share/rm_ros_interfaces/cmake/ament_cmake_export_targets-extras.cmake
-- Up-to-date: /home/a4x/hezixiang/ws_rm_robot/install/rm_ros_interfaces/share/rm_ros_interfaces/cmake/rosidl_cmake_export_typesupport_targets-extras.cmake
-- Up-to-date: /home/a4x/hezixiang/ws_rm_robot/install/rm_ros_interfaces/share/rm_ros_interfaces/cmake/rosidl_cmake_export_typesupport_libraries-extras.cmake
-- Up-to-date: /home/a4x/hezixiang/ws_rm_robot/install/rm_ros_interfaces/share/rm_ros_interfaces/cmake/rm_ros_interfacesConfig.cmake
-- Up-to-date: /home/a4x/hezixiang/ws_rm_robot/install/rm_ros_interfaces/share/rm_ros_interfaces/cmake/rm_ros_interfacesConfig-version.cmake
-- Up-to-date: /home/a4x/hezixiang/ws_rm_robot/install/rm_ros_interfaces/share/rm_ros_interfaces/package.xml
