[1.332s] Invoking command in '/home/a4x/hezixiang/ws_rm_robot/src/moveit2/moveit_configs_utils': PYTHONPATH=/home/a4x/hezixiang/ws_rm_robot/build/moveit_configs_utils/prefix_override:/home/a4x/hezixiang/ws_rm_robot/install/moveit_configs_utils/lib/python3.10/site-packages:${PYTHONPATH} /usr/bin/python3 -W ignore:setup.py install is deprecated setup.py egg_info --egg-base ../../../build/moveit_configs_utils build --build-base /home/a4x/hezixiang/ws_rm_robot/build/moveit_configs_utils/build install --record /home/a4x/hezixiang/ws_rm_robot/build/moveit_configs_utils/install.log --single-version-externally-managed install_data
[1.581s] running egg_info
[1.581s] creating ../../../build/moveit_configs_utils/moveit_configs_utils.egg-info
[1.582s] writing ../../../build/moveit_configs_utils/moveit_configs_utils.egg-info/PKG-INFO
[1.582s] writing dependency_links to ../../../build/moveit_configs_utils/moveit_configs_utils.egg-info/dependency_links.txt
[1.582s] writing entry points to ../../../build/moveit_configs_utils/moveit_configs_utils.egg-info/entry_points.txt
[1.582s] writing requirements to ../../../build/moveit_configs_utils/moveit_configs_utils.egg-info/requires.txt
[1.582s] writing top-level names to ../../../build/moveit_configs_utils/moveit_configs_utils.egg-info/top_level.txt
[1.583s] writing manifest file '../../../build/moveit_configs_utils/moveit_configs_utils.egg-info/SOURCES.txt'
[1.584s] reading manifest file '../../../build/moveit_configs_utils/moveit_configs_utils.egg-info/SOURCES.txt'
[1.585s] writing manifest file '../../../build/moveit_configs_utils/moveit_configs_utils.egg-info/SOURCES.txt'
[1.585s] running build
[1.585s] running build_py
[1.585s] creating /home/a4x/hezixiang/ws_rm_robot/build/moveit_configs_utils/build
[1.585s] creating /home/a4x/hezixiang/ws_rm_robot/build/moveit_configs_utils/build/lib
[1.585s] creating /home/a4x/hezixiang/ws_rm_robot/build/moveit_configs_utils/build/lib/moveit_configs_utils
[1.585s] copying moveit_configs_utils/launch_utils.py -> /home/a4x/hezixiang/ws_rm_robot/build/moveit_configs_utils/build/lib/moveit_configs_utils
[1.585s] copying moveit_configs_utils/__init__.py -> /home/a4x/hezixiang/ws_rm_robot/build/moveit_configs_utils/build/lib/moveit_configs_utils
[1.585s] copying moveit_configs_utils/launches.py -> /home/a4x/hezixiang/ws_rm_robot/build/moveit_configs_utils/build/lib/moveit_configs_utils
[1.585s] copying moveit_configs_utils/moveit_configs_builder.py -> /home/a4x/hezixiang/ws_rm_robot/build/moveit_configs_utils/build/lib/moveit_configs_utils
[1.586s] creating /home/a4x/hezixiang/ws_rm_robot/build/moveit_configs_utils/build/lib/moveit_configs_utils/substitutions
[1.586s] copying moveit_configs_utils/substitutions/xacro.py -> /home/a4x/hezixiang/ws_rm_robot/build/moveit_configs_utils/build/lib/moveit_configs_utils/substitutions
[1.586s] copying moveit_configs_utils/substitutions/__init__.py -> /home/a4x/hezixiang/ws_rm_robot/build/moveit_configs_utils/build/lib/moveit_configs_utils/substitutions
[1.586s] running install
[1.586s] running install_lib
[1.589s] creating /home/a4x/hezixiang/ws_rm_robot/install/moveit_configs_utils/lib/python3.10/site-packages/moveit_configs_utils
[1.589s] copying /home/a4x/hezixiang/ws_rm_robot/build/moveit_configs_utils/build/lib/moveit_configs_utils/launch_utils.py -> /home/a4x/hezixiang/ws_rm_robot/install/moveit_configs_utils/lib/python3.10/site-packages/moveit_configs_utils
[1.589s] copying /home/a4x/hezixiang/ws_rm_robot/build/moveit_configs_utils/build/lib/moveit_configs_utils/__init__.py -> /home/a4x/hezixiang/ws_rm_robot/install/moveit_configs_utils/lib/python3.10/site-packages/moveit_configs_utils
[1.589s] copying /home/a4x/hezixiang/ws_rm_robot/build/moveit_configs_utils/build/lib/moveit_configs_utils/launches.py -> /home/a4x/hezixiang/ws_rm_robot/install/moveit_configs_utils/lib/python3.10/site-packages/moveit_configs_utils
[1.589s] creating /home/a4x/hezixiang/ws_rm_robot/install/moveit_configs_utils/lib/python3.10/site-packages/moveit_configs_utils/substitutions
[1.589s] copying /home/a4x/hezixiang/ws_rm_robot/build/moveit_configs_utils/build/lib/moveit_configs_utils/substitutions/xacro.py -> /home/a4x/hezixiang/ws_rm_robot/install/moveit_configs_utils/lib/python3.10/site-packages/moveit_configs_utils/substitutions
[1.589s] copying /home/a4x/hezixiang/ws_rm_robot/build/moveit_configs_utils/build/lib/moveit_configs_utils/substitutions/__init__.py -> /home/a4x/hezixiang/ws_rm_robot/install/moveit_configs_utils/lib/python3.10/site-packages/moveit_configs_utils/substitutions
[1.589s] copying /home/a4x/hezixiang/ws_rm_robot/build/moveit_configs_utils/build/lib/moveit_configs_utils/moveit_configs_builder.py -> /home/a4x/hezixiang/ws_rm_robot/install/moveit_configs_utils/lib/python3.10/site-packages/moveit_configs_utils
[1.589s] byte-compiling /home/a4x/hezixiang/ws_rm_robot/install/moveit_configs_utils/lib/python3.10/site-packages/moveit_configs_utils/launch_utils.py to launch_utils.cpython-310.pyc
[1.589s] byte-compiling /home/a4x/hezixiang/ws_rm_robot/install/moveit_configs_utils/lib/python3.10/site-packages/moveit_configs_utils/__init__.py to __init__.cpython-310.pyc
[1.589s] byte-compiling /home/a4x/hezixiang/ws_rm_robot/install/moveit_configs_utils/lib/python3.10/site-packages/moveit_configs_utils/launches.py to launches.cpython-310.pyc
[1.590s] byte-compiling /home/a4x/hezixiang/ws_rm_robot/install/moveit_configs_utils/lib/python3.10/site-packages/moveit_configs_utils/substitutions/xacro.py to xacro.cpython-310.pyc
[1.591s] byte-compiling /home/a4x/hezixiang/ws_rm_robot/install/moveit_configs_utils/lib/python3.10/site-packages/moveit_configs_utils/substitutions/__init__.py to __init__.cpython-310.pyc
[1.591s] byte-compiling /home/a4x/hezixiang/ws_rm_robot/install/moveit_configs_utils/lib/python3.10/site-packages/moveit_configs_utils/moveit_configs_builder.py to moveit_configs_builder.cpython-310.pyc
[1.593s] running install_data
[1.593s] creating /home/a4x/hezixiang/ws_rm_robot/install/moveit_configs_utils/share/ament_index
[1.593s] creating /home/a4x/hezixiang/ws_rm_robot/install/moveit_configs_utils/share/ament_index/resource_index
[1.593s] creating /home/a4x/hezixiang/ws_rm_robot/install/moveit_configs_utils/share/ament_index/resource_index/packages
[1.593s] copying resource/moveit_configs_utils -> /home/a4x/hezixiang/ws_rm_robot/install/moveit_configs_utils/share/ament_index/resource_index/packages
[1.594s] copying package.xml -> /home/a4x/hezixiang/ws_rm_robot/install/moveit_configs_utils/share/moveit_configs_utils
[1.594s] creating /home/a4x/hezixiang/ws_rm_robot/install/moveit_configs_utils/share/moveit_configs_utils/default_configs
[1.594s] copying default_configs/pilz_industrial_motion_planner_planning.yaml -> /home/a4x/hezixiang/ws_rm_robot/install/moveit_configs_utils/share/moveit_configs_utils/default_configs
[1.594s] copying default_configs/ompl_defaults.yaml -> /home/a4x/hezixiang/ws_rm_robot/install/moveit_configs_utils/share/moveit_configs_utils/default_configs
[1.594s] copying default_configs/ompl_planning.yaml -> /home/a4x/hezixiang/ws_rm_robot/install/moveit_configs_utils/share/moveit_configs_utils/default_configs
[1.594s] copying default_configs/chomp_planning.yaml -> /home/a4x/hezixiang/ws_rm_robot/install/moveit_configs_utils/share/moveit_configs_utils/default_configs
[1.594s] running install_egg_info
[1.596s] Copying ../../../build/moveit_configs_utils/moveit_configs_utils.egg-info to /home/a4x/hezixiang/ws_rm_robot/install/moveit_configs_utils/lib/python3.10/site-packages/moveit_configs_utils-2.5.5-py3.10.egg-info
[1.596s] running install_scripts
[1.616s] writing list of installed files to '/home/a4x/hezixiang/ws_rm_robot/build/moveit_configs_utils/install.log'
[1.642s] Invoked command in '/home/a4x/hezixiang/ws_rm_robot/src/moveit2/moveit_configs_utils' returned '0': PYTHONPATH=/home/a4x/hezixiang/ws_rm_robot/build/moveit_configs_utils/prefix_override:/home/a4x/hezixiang/ws_rm_robot/install/moveit_configs_utils/lib/python3.10/site-packages:${PYTHONPATH} /usr/bin/python3 -W ignore:setup.py install is deprecated setup.py egg_info --egg-base ../../../build/moveit_configs_utils build --build-base /home/a4x/hezixiang/ws_rm_robot/build/moveit_configs_utils/build install --record /home/a4x/hezixiang/ws_rm_robot/build/moveit_configs_utils/install.log --single-version-externally-managed install_data
