running egg_info
creating ../../build/image_sender/image_sender.egg-info
writing ../../build/image_sender/image_sender.egg-info/PKG-INFO
writing dependency_links to ../../build/image_sender/image_sender.egg-info/dependency_links.txt
writing entry points to ../../build/image_sender/image_sender.egg-info/entry_points.txt
writing requirements to ../../build/image_sender/image_sender.egg-info/requires.txt
writing top-level names to ../../build/image_sender/image_sender.egg-info/top_level.txt
writing manifest file '../../build/image_sender/image_sender.egg-info/SOURCES.txt'
reading manifest file '../../build/image_sender/image_sender.egg-info/SOURCES.txt'
writing manifest file '../../build/image_sender/image_sender.egg-info/SOURCES.txt'
running build
running build_py
creating /home/a4x/hezixiang/ws_rm_robot/build/image_sender/build
creating /home/a4x/hezixiang/ws_rm_robot/build/image_sender/build/lib
creating /home/a4x/hezixiang/ws_rm_robot/build/image_sender/build/lib/image_sender
copying image_sender/image_sender.py -> /home/a4x/hezixiang/ws_rm_robot/build/image_sender/build/lib/image_sender
copying image_sender/image_sender copy.py -> /home/a4x/hezixiang/ws_rm_robot/build/image_sender/build/lib/image_sender
copying image_sender/Utils.py -> /home/a4x/hezixiang/ws_rm_robot/build/image_sender/build/lib/image_sender
copying image_sender/__init__.py -> /home/a4x/hezixiang/ws_rm_robot/build/image_sender/build/lib/image_sender
copying image_sender/myUtils.py -> /home/a4x/hezixiang/ws_rm_robot/build/image_sender/build/lib/image_sender
running install
running install_lib
creating /home/a4x/hezixiang/ws_rm_robot/install/image_sender/lib/python3.10/site-packages/image_sender
copying /home/a4x/hezixiang/ws_rm_robot/build/image_sender/build/lib/image_sender/image_sender.py -> /home/a4x/hezixiang/ws_rm_robot/install/image_sender/lib/python3.10/site-packages/image_sender
copying /home/a4x/hezixiang/ws_rm_robot/build/image_sender/build/lib/image_sender/image_sender copy.py -> /home/a4x/hezixiang/ws_rm_robot/install/image_sender/lib/python3.10/site-packages/image_sender
copying /home/a4x/hezixiang/ws_rm_robot/build/image_sender/build/lib/image_sender/Utils.py -> /home/a4x/hezixiang/ws_rm_robot/install/image_sender/lib/python3.10/site-packages/image_sender
copying /home/a4x/hezixiang/ws_rm_robot/build/image_sender/build/lib/image_sender/__init__.py -> /home/a4x/hezixiang/ws_rm_robot/install/image_sender/lib/python3.10/site-packages/image_sender
copying /home/a4x/hezixiang/ws_rm_robot/build/image_sender/build/lib/image_sender/myUtils.py -> /home/a4x/hezixiang/ws_rm_robot/install/image_sender/lib/python3.10/site-packages/image_sender
byte-compiling /home/a4x/hezixiang/ws_rm_robot/install/image_sender/lib/python3.10/site-packages/image_sender/image_sender.py to image_sender.cpython-310.pyc
byte-compiling /home/a4x/hezixiang/ws_rm_robot/install/image_sender/lib/python3.10/site-packages/image_sender/image_sender copy.py to image_sender copy.cpython-310.pyc
byte-compiling /home/a4x/hezixiang/ws_rm_robot/install/image_sender/lib/python3.10/site-packages/image_sender/Utils.py to Utils.cpython-310.pyc
byte-compiling /home/a4x/hezixiang/ws_rm_robot/install/image_sender/lib/python3.10/site-packages/image_sender/__init__.py to __init__.cpython-310.pyc
byte-compiling /home/a4x/hezixiang/ws_rm_robot/install/image_sender/lib/python3.10/site-packages/image_sender/myUtils.py to myUtils.cpython-310.pyc
running install_data
creating /home/a4x/hezixiang/ws_rm_robot/install/image_sender/share/ament_index
creating /home/a4x/hezixiang/ws_rm_robot/install/image_sender/share/ament_index/resource_index
creating /home/a4x/hezixiang/ws_rm_robot/install/image_sender/share/ament_index/resource_index/packages
copying resource/image_sender -> /home/a4x/hezixiang/ws_rm_robot/install/image_sender/share/ament_index/resource_index/packages
copying package.xml -> /home/a4x/hezixiang/ws_rm_robot/install/image_sender/share/image_sender
running install_egg_info
Copying ../../build/image_sender/image_sender.egg-info to /home/a4x/hezixiang/ws_rm_robot/install/image_sender/lib/python3.10/site-packages/image_sender-0.0.0-py3.10.egg-info
running install_scripts
Installing image_sender script to /home/a4x/hezixiang/ws_rm_robot/install/image_sender/lib/image_sender
writing list of installed files to '/home/a4x/hezixiang/ws_rm_robot/build/image_sender/install.log'
