[1.214s] Invoking command in '/home/a4x/hezixiang/ws_rm_robot/src/generate_parameter_library/generate_parameter_library_py': PYTHONPATH=/home/a4x/hezixiang/ws_rm_robot/build/generate_parameter_library_py/prefix_override:/home/a4x/hezixiang/ws_rm_robot/install/generate_parameter_library_py/lib/python3.10/site-packages:${PYTHONPATH} /usr/bin/python3 -W ignore:setup.py install is deprecated setup.py egg_info --egg-base ../../../build/generate_parameter_library_py build --build-base /home/a4x/hezixiang/ws_rm_robot/build/generate_parameter_library_py/build install --record /home/a4x/hezixiang/ws_rm_robot/build/generate_parameter_library_py/install.log --single-version-externally-managed install_data
[1.428s] running egg_info
[1.429s] writing ../../../build/generate_parameter_library_py/generate_parameter_library_py.egg-info/PKG-INFO
[1.429s] writing dependency_links to ../../../build/generate_parameter_library_py/generate_parameter_library_py.egg-info/dependency_links.txt
[1.429s] writing entry points to ../../../build/generate_parameter_library_py/generate_parameter_library_py.egg-info/entry_points.txt
[1.429s] writing requirements to ../../../build/generate_parameter_library_py/generate_parameter_library_py.egg-info/requires.txt
[1.429s] writing top-level names to ../../../build/generate_parameter_library_py/generate_parameter_library_py.egg-info/top_level.txt
[1.431s] reading manifest file '../../../build/generate_parameter_library_py/generate_parameter_library_py.egg-info/SOURCES.txt'
[1.432s] writing manifest file '../../../build/generate_parameter_library_py/generate_parameter_library_py.egg-info/SOURCES.txt'
[1.432s] running build
[1.432s] running build_py
[1.433s] running install
[1.433s] running install_lib
[1.434s] running install_data
[1.435s] running install_egg_info
[1.436s] removing '/home/a4x/hezixiang/ws_rm_robot/install/generate_parameter_library_py/lib/python3.10/site-packages/generate_parameter_library_py-0.3.7-py3.10.egg-info' (and everything under it)
[1.436s] Copying ../../../build/generate_parameter_library_py/generate_parameter_library_py.egg-info to /home/a4x/hezixiang/ws_rm_robot/install/generate_parameter_library_py/lib/python3.10/site-packages/generate_parameter_library_py-0.3.7-py3.10.egg-info
[1.436s] running install_scripts
[1.450s] Installing generate_parameter_library_cpp script to /home/a4x/hezixiang/ws_rm_robot/install/generate_parameter_library_py/bin
[1.450s] Installing generate_parameter_library_markdown script to /home/a4x/hezixiang/ws_rm_robot/install/generate_parameter_library_py/bin
[1.451s] Installing generate_parameter_library_python script to /home/a4x/hezixiang/ws_rm_robot/install/generate_parameter_library_py/bin
[1.451s] writing list of installed files to '/home/a4x/hezixiang/ws_rm_robot/build/generate_parameter_library_py/install.log'
[1.469s] Invoked command in '/home/a4x/hezixiang/ws_rm_robot/src/generate_parameter_library/generate_parameter_library_py' returned '0': PYTHONPATH=/home/a4x/hezixiang/ws_rm_robot/build/generate_parameter_library_py/prefix_override:/home/a4x/hezixiang/ws_rm_robot/install/generate_parameter_library_py/lib/python3.10/site-packages:${PYTHONPATH} /usr/bin/python3 -W ignore:setup.py install is deprecated setup.py egg_info --egg-base ../../../build/generate_parameter_library_py build --build-base /home/a4x/hezixiang/ws_rm_robot/build/generate_parameter_library_py/build install --record /home/a4x/hezixiang/ws_rm_robot/build/generate_parameter_library_py/install.log --single-version-externally-managed install_data
