/home/a4x/hezixiang/ws_rm_robot/install/image_sender/lib/python3.10/site-packages/image_sender/image_sender.py
/home/a4x/hezixiang/ws_rm_robot/install/image_sender/lib/python3.10/site-packages/image_sender/image_sender copy.py
/home/a4x/hezixiang/ws_rm_robot/install/image_sender/lib/python3.10/site-packages/image_sender/Utils.py
/home/a4x/hezixiang/ws_rm_robot/install/image_sender/lib/python3.10/site-packages/image_sender/__init__.py
/home/a4x/hezixiang/ws_rm_robot/install/image_sender/lib/python3.10/site-packages/image_sender/myUtils.py
/home/a4x/hezixiang/ws_rm_robot/install/image_sender/lib/python3.10/site-packages/image_sender/__pycache__/image_sender.cpython-310.pyc
/home/a4x/hezixiang/ws_rm_robot/install/image_sender/lib/python3.10/site-packages/image_sender/__pycache__/image_sender copy.cpython-310.pyc
/home/a4x/hezixiang/ws_rm_robot/install/image_sender/lib/python3.10/site-packages/image_sender/__pycache__/Utils.cpython-310.pyc
/home/a4x/hezixiang/ws_rm_robot/install/image_sender/lib/python3.10/site-packages/image_sender/__pycache__/__init__.cpython-310.pyc
/home/a4x/hezixiang/ws_rm_robot/install/image_sender/lib/python3.10/site-packages/image_sender/__pycache__/myUtils.cpython-310.pyc
/home/a4x/hezixiang/ws_rm_robot/install/image_sender/share/ament_index/resource_index/packages/image_sender
/home/a4x/hezixiang/ws_rm_robot/install/image_sender/share/image_sender/package.xml
/home/a4x/hezixiang/ws_rm_robot/install/image_sender/lib/python3.10/site-packages/image_sender-0.0.0-py3.10.egg-info/PKG-INFO
/home/a4x/hezixiang/ws_rm_robot/install/image_sender/lib/python3.10/site-packages/image_sender-0.0.0-py3.10.egg-info/entry_points.txt
/home/a4x/hezixiang/ws_rm_robot/install/image_sender/lib/python3.10/site-packages/image_sender-0.0.0-py3.10.egg-info/SOURCES.txt
/home/a4x/hezixiang/ws_rm_robot/install/image_sender/lib/python3.10/site-packages/image_sender-0.0.0-py3.10.egg-info/zip-safe
/home/a4x/hezixiang/ws_rm_robot/install/image_sender/lib/python3.10/site-packages/image_sender-0.0.0-py3.10.egg-info/dependency_links.txt
/home/a4x/hezixiang/ws_rm_robot/install/image_sender/lib/python3.10/site-packages/image_sender-0.0.0-py3.10.egg-info/requires.txt
/home/a4x/hezixiang/ws_rm_robot/install/image_sender/lib/python3.10/site-packages/image_sender-0.0.0-py3.10.egg-info/top_level.txt
/home/a4x/hezixiang/ws_rm_robot/install/image_sender/lib/image_sender/image_sender
