[1.417s] Invoking command in '/home/a4x/hezixiang/ws_rm_robot/src/generate_parameter_library/generate_parameter_library_py': PYTHONPATH=/home/a4x/hezixiang/ws_rm_robot/build/generate_parameter_library_py/prefix_override:/home/a4x/hezixiang/ws_rm_robot/install/generate_parameter_library_py/lib/python3.10/site-packages:${PYTHONPATH} /usr/bin/python3 -W ignore:setup.py install is deprecated setup.py egg_info --egg-base ../../../build/generate_parameter_library_py build --build-base /home/a4x/hezixiang/ws_rm_robot/build/generate_parameter_library_py/build install --record /home/a4x/hezixiang/ws_rm_robot/build/generate_parameter_library_py/install.log --single-version-externally-managed install_data
[1.672s] running egg_info
[1.672s] creating ../../../build/generate_parameter_library_py/generate_parameter_library_py.egg-info
[1.672s] writing ../../../build/generate_parameter_library_py/generate_parameter_library_py.egg-info/PKG-INFO
[1.672s] writing dependency_links to ../../../build/generate_parameter_library_py/generate_parameter_library_py.egg-info/dependency_links.txt
[1.673s] writing entry points to ../../../build/generate_parameter_library_py/generate_parameter_library_py.egg-info/entry_points.txt
[1.673s] writing requirements to ../../../build/generate_parameter_library_py/generate_parameter_library_py.egg-info/requires.txt
[1.673s] writing top-level names to ../../../build/generate_parameter_library_py/generate_parameter_library_py.egg-info/top_level.txt
[1.673s] writing manifest file '../../../build/generate_parameter_library_py/generate_parameter_library_py.egg-info/SOURCES.txt'
[1.675s] reading manifest file '../../../build/generate_parameter_library_py/generate_parameter_library_py.egg-info/SOURCES.txt'
[1.676s] writing manifest file '../../../build/generate_parameter_library_py/generate_parameter_library_py.egg-info/SOURCES.txt'
[1.676s] running build
[1.676s] running build_py
[1.676s] creating /home/a4x/hezixiang/ws_rm_robot/build/generate_parameter_library_py/build
[1.676s] creating /home/a4x/hezixiang/ws_rm_robot/build/generate_parameter_library_py/build/lib
[1.676s] creating /home/a4x/hezixiang/ws_rm_robot/build/generate_parameter_library_py/build/lib/generate_parameter_library_py
[1.676s] copying generate_parameter_library_py/cpp_convertions.py -> /home/a4x/hezixiang/ws_rm_robot/build/generate_parameter_library_py/build/lib/generate_parameter_library_py
[1.676s] copying generate_parameter_library_py/generate_python_module.py -> /home/a4x/hezixiang/ws_rm_robot/build/generate_parameter_library_py/build/lib/generate_parameter_library_py
[1.676s] copying generate_parameter_library_py/generate_markdown.py -> /home/a4x/hezixiang/ws_rm_robot/build/generate_parameter_library_py/build/lib/generate_parameter_library_py
[1.676s] copying generate_parameter_library_py/__init__.py -> /home/a4x/hezixiang/ws_rm_robot/build/generate_parameter_library_py/build/lib/generate_parameter_library_py
[1.676s] copying generate_parameter_library_py/generate_cpp_header.py -> /home/a4x/hezixiang/ws_rm_robot/build/generate_parameter_library_py/build/lib/generate_parameter_library_py
[1.677s] copying generate_parameter_library_py/parse_yaml.py -> /home/a4x/hezixiang/ws_rm_robot/build/generate_parameter_library_py/build/lib/generate_parameter_library_py
[1.677s] copying generate_parameter_library_py/python_validators.py -> /home/a4x/hezixiang/ws_rm_robot/build/generate_parameter_library_py/build/lib/generate_parameter_library_py
[1.677s] copying generate_parameter_library_py/string_filters_cpp.py -> /home/a4x/hezixiang/ws_rm_robot/build/generate_parameter_library_py/build/lib/generate_parameter_library_py
[1.677s] copying generate_parameter_library_py/python_convertions.py -> /home/a4x/hezixiang/ws_rm_robot/build/generate_parameter_library_py/build/lib/generate_parameter_library_py
[1.677s] copying generate_parameter_library_py/setup_helper.py -> /home/a4x/hezixiang/ws_rm_robot/build/generate_parameter_library_py/build/lib/generate_parameter_library_py
[1.677s] creating /home/a4x/hezixiang/ws_rm_robot/build/generate_parameter_library_py/build/lib/generate_parameter_library_py/jinja_templates
[1.677s] creating /home/a4x/hezixiang/ws_rm_robot/build/generate_parameter_library_py/build/lib/generate_parameter_library_py/jinja_templates/cpp
[1.678s] copying generate_parameter_library_py/jinja_templates/cpp/declare_parameter -> /home/a4x/hezixiang/ws_rm_robot/build/generate_parameter_library_py/build/lib/generate_parameter_library_py/jinja_templates/cpp
[1.678s] copying generate_parameter_library_py/jinja_templates/cpp/declare_runtime_parameter -> /home/a4x/hezixiang/ws_rm_robot/build/generate_parameter_library_py/build/lib/generate_parameter_library_py/jinja_templates/cpp
[1.678s] copying generate_parameter_library_py/jinja_templates/cpp/declare_struct -> /home/a4x/hezixiang/ws_rm_robot/build/generate_parameter_library_py/build/lib/generate_parameter_library_py/jinja_templates/cpp
[1.678s] copying generate_parameter_library_py/jinja_templates/cpp/declare_variable -> /home/a4x/hezixiang/ws_rm_robot/build/generate_parameter_library_py/build/lib/generate_parameter_library_py/jinja_templates/cpp
[1.678s] copying generate_parameter_library_py/jinja_templates/cpp/parameter_library_header -> /home/a4x/hezixiang/ws_rm_robot/build/generate_parameter_library_py/build/lib/generate_parameter_library_py/jinja_templates/cpp
[1.678s] copying generate_parameter_library_py/jinja_templates/cpp/parameter_validation -> /home/a4x/hezixiang/ws_rm_robot/build/generate_parameter_library_py/build/lib/generate_parameter_library_py/jinja_templates/cpp
[1.678s] copying generate_parameter_library_py/jinja_templates/cpp/remove_runtime_parameter -> /home/a4x/hezixiang/ws_rm_robot/build/generate_parameter_library_py/build/lib/generate_parameter_library_py/jinja_templates/cpp
[1.678s] copying generate_parameter_library_py/jinja_templates/cpp/set_parameter -> /home/a4x/hezixiang/ws_rm_robot/build/generate_parameter_library_py/build/lib/generate_parameter_library_py/jinja_templates/cpp
[1.678s] copying generate_parameter_library_py/jinja_templates/cpp/set_runtime_parameter -> /home/a4x/hezixiang/ws_rm_robot/build/generate_parameter_library_py/build/lib/generate_parameter_library_py/jinja_templates/cpp
[1.678s] copying generate_parameter_library_py/jinja_templates/cpp/set_stack_params -> /home/a4x/hezixiang/ws_rm_robot/build/generate_parameter_library_py/build/lib/generate_parameter_library_py/jinja_templates/cpp
[1.679s] copying generate_parameter_library_py/jinja_templates/cpp/update_parameter -> /home/a4x/hezixiang/ws_rm_robot/build/generate_parameter_library_py/build/lib/generate_parameter_library_py/jinja_templates/cpp
[1.679s] copying generate_parameter_library_py/jinja_templates/cpp/update_runtime_parameter -> /home/a4x/hezixiang/ws_rm_robot/build/generate_parameter_library_py/build/lib/generate_parameter_library_py/jinja_templates/cpp
[1.679s] creating /home/a4x/hezixiang/ws_rm_robot/build/generate_parameter_library_py/build/lib/generate_parameter_library_py/jinja_templates/markdown
[1.679s] copying generate_parameter_library_py/jinja_templates/markdown/default_config -> /home/a4x/hezixiang/ws_rm_robot/build/generate_parameter_library_py/build/lib/generate_parameter_library_py/jinja_templates/markdown
[1.679s] copying generate_parameter_library_py/jinja_templates/markdown/documentation -> /home/a4x/hezixiang/ws_rm_robot/build/generate_parameter_library_py/build/lib/generate_parameter_library_py/jinja_templates/markdown
[1.679s] copying generate_parameter_library_py/jinja_templates/markdown/parameter_detail -> /home/a4x/hezixiang/ws_rm_robot/build/generate_parameter_library_py/build/lib/generate_parameter_library_py/jinja_templates/markdown
[1.679s] creating /home/a4x/hezixiang/ws_rm_robot/build/generate_parameter_library_py/build/lib/generate_parameter_library_py/jinja_templates/rst
[1.680s] copying generate_parameter_library_py/jinja_templates/rst/default_config -> /home/a4x/hezixiang/ws_rm_robot/build/generate_parameter_library_py/build/lib/generate_parameter_library_py/jinja_templates/rst
[1.680s] copying generate_parameter_library_py/jinja_templates/rst/documentation -> /home/a4x/hezixiang/ws_rm_robot/build/generate_parameter_library_py/build/lib/generate_parameter_library_py/jinja_templates/rst
[1.680s] copying generate_parameter_library_py/jinja_templates/rst/parameter_detail -> /home/a4x/hezixiang/ws_rm_robot/build/generate_parameter_library_py/build/lib/generate_parameter_library_py/jinja_templates/rst
[1.680s] creating /home/a4x/hezixiang/ws_rm_robot/build/generate_parameter_library_py/build/lib/generate_parameter_library_py/jinja_templates/python
[1.680s] copying generate_parameter_library_py/jinja_templates/python/declare_parameter -> /home/a4x/hezixiang/ws_rm_robot/build/generate_parameter_library_py/build/lib/generate_parameter_library_py/jinja_templates/python
[1.680s] copying generate_parameter_library_py/jinja_templates/python/declare_runtime_parameter -> /home/a4x/hezixiang/ws_rm_robot/build/generate_parameter_library_py/build/lib/generate_parameter_library_py/jinja_templates/python
[1.680s] copying generate_parameter_library_py/jinja_templates/python/declare_struct -> /home/a4x/hezixiang/ws_rm_robot/build/generate_parameter_library_py/build/lib/generate_parameter_library_py/jinja_templates/python
[1.680s] copying generate_parameter_library_py/jinja_templates/python/declare_variable -> /home/a4x/hezixiang/ws_rm_robot/build/generate_parameter_library_py/build/lib/generate_parameter_library_py/jinja_templates/python
[1.680s] copying generate_parameter_library_py/jinja_templates/python/parameter_library_header -> /home/a4x/hezixiang/ws_rm_robot/build/generate_parameter_library_py/build/lib/generate_parameter_library_py/jinja_templates/python
[1.680s] copying generate_parameter_library_py/jinja_templates/python/parameter_validation -> /home/a4x/hezixiang/ws_rm_robot/build/generate_parameter_library_py/build/lib/generate_parameter_library_py/jinja_templates/python
[1.680s] copying generate_parameter_library_py/jinja_templates/python/remove_runtime_parameter -> /home/a4x/hezixiang/ws_rm_robot/build/generate_parameter_library_py/build/lib/generate_parameter_library_py/jinja_templates/python
[1.680s] copying generate_parameter_library_py/jinja_templates/python/set_parameter -> /home/a4x/hezixiang/ws_rm_robot/build/generate_parameter_library_py/build/lib/generate_parameter_library_py/jinja_templates/python
[1.680s] copying generate_parameter_library_py/jinja_templates/python/set_runtime_parameter -> /home/a4x/hezixiang/ws_rm_robot/build/generate_parameter_library_py/build/lib/generate_parameter_library_py/jinja_templates/python
[1.680s] copying generate_parameter_library_py/jinja_templates/python/set_stack_params -> /home/a4x/hezixiang/ws_rm_robot/build/generate_parameter_library_py/build/lib/generate_parameter_library_py/jinja_templates/python
[1.681s] copying generate_parameter_library_py/jinja_templates/python/update_parameter -> /home/a4x/hezixiang/ws_rm_robot/build/generate_parameter_library_py/build/lib/generate_parameter_library_py/jinja_templates/python
[1.681s] copying generate_parameter_library_py/jinja_templates/python/update_runtime_parameter -> /home/a4x/hezixiang/ws_rm_robot/build/generate_parameter_library_py/build/lib/generate_parameter_library_py/jinja_templates/python
[1.681s] running install
[1.681s] running install_lib
[1.681s] creating /home/a4x/hezixiang/ws_rm_robot/install/generate_parameter_library_py/lib/python3.10/site-packages/generate_parameter_library_py
[1.681s] copying /home/a4x/hezixiang/ws_rm_robot/build/generate_parameter_library_py/build/lib/generate_parameter_library_py/cpp_convertions.py -> /home/a4x/hezixiang/ws_rm_robot/install/generate_parameter_library_py/lib/python3.10/site-packages/generate_parameter_library_py
[1.681s] creating /home/a4x/hezixiang/ws_rm_robot/install/generate_parameter_library_py/lib/python3.10/site-packages/generate_parameter_library_py/jinja_templates
[1.681s] creating /home/a4x/hezixiang/ws_rm_robot/install/generate_parameter_library_py/lib/python3.10/site-packages/generate_parameter_library_py/jinja_templates/python
[1.681s] copying /home/a4x/hezixiang/ws_rm_robot/build/generate_parameter_library_py/build/lib/generate_parameter_library_py/jinja_templates/python/declare_runtime_parameter -> /home/a4x/hezixiang/ws_rm_robot/install/generate_parameter_library_py/lib/python3.10/site-packages/generate_parameter_library_py/jinja_templates/python
[1.681s] copying /home/a4x/hezixiang/ws_rm_robot/build/generate_parameter_library_py/build/lib/generate_parameter_library_py/jinja_templates/python/update_parameter -> /home/a4x/hezixiang/ws_rm_robot/install/generate_parameter_library_py/lib/python3.10/site-packages/generate_parameter_library_py/jinja_templates/python
[1.681s] copying /home/a4x/hezixiang/ws_rm_robot/build/generate_parameter_library_py/build/lib/generate_parameter_library_py/jinja_templates/python/parameter_validation -> /home/a4x/hezixiang/ws_rm_robot/install/generate_parameter_library_py/lib/python3.10/site-packages/generate_parameter_library_py/jinja_templates/python
[1.681s] copying /home/a4x/hezixiang/ws_rm_robot/build/generate_parameter_library_py/build/lib/generate_parameter_library_py/jinja_templates/python/declare_struct -> /home/a4x/hezixiang/ws_rm_robot/install/generate_parameter_library_py/lib/python3.10/site-packages/generate_parameter_library_py/jinja_templates/python
[1.681s] copying /home/a4x/hezixiang/ws_rm_robot/build/generate_parameter_library_py/build/lib/generate_parameter_library_py/jinja_templates/python/parameter_library_header -> /home/a4x/hezixiang/ws_rm_robot/install/generate_parameter_library_py/lib/python3.10/site-packages/generate_parameter_library_py/jinja_templates/python
[1.681s] copying /home/a4x/hezixiang/ws_rm_robot/build/generate_parameter_library_py/build/lib/generate_parameter_library_py/jinja_templates/python/remove_runtime_parameter -> /home/a4x/hezixiang/ws_rm_robot/install/generate_parameter_library_py/lib/python3.10/site-packages/generate_parameter_library_py/jinja_templates/python
[1.681s] copying /home/a4x/hezixiang/ws_rm_robot/build/generate_parameter_library_py/build/lib/generate_parameter_library_py/jinja_templates/python/declare_variable -> /home/a4x/hezixiang/ws_rm_robot/install/generate_parameter_library_py/lib/python3.10/site-packages/generate_parameter_library_py/jinja_templates/python
[1.681s] copying /home/a4x/hezixiang/ws_rm_robot/build/generate_parameter_library_py/build/lib/generate_parameter_library_py/jinja_templates/python/update_runtime_parameter -> /home/a4x/hezixiang/ws_rm_robot/install/generate_parameter_library_py/lib/python3.10/site-packages/generate_parameter_library_py/jinja_templates/python
[1.681s] copying /home/a4x/hezixiang/ws_rm_robot/build/generate_parameter_library_py/build/lib/generate_parameter_library_py/jinja_templates/python/declare_parameter -> /home/a4x/hezixiang/ws_rm_robot/install/generate_parameter_library_py/lib/python3.10/site-packages/generate_parameter_library_py/jinja_templates/python
[1.681s] copying /home/a4x/hezixiang/ws_rm_robot/build/generate_parameter_library_py/build/lib/generate_parameter_library_py/jinja_templates/python/set_runtime_parameter -> /home/a4x/hezixiang/ws_rm_robot/install/generate_parameter_library_py/lib/python3.10/site-packages/generate_parameter_library_py/jinja_templates/python
[1.681s] copying /home/a4x/hezixiang/ws_rm_robot/build/generate_parameter_library_py/build/lib/generate_parameter_library_py/jinja_templates/python/set_parameter -> /home/a4x/hezixiang/ws_rm_robot/install/generate_parameter_library_py/lib/python3.10/site-packages/generate_parameter_library_py/jinja_templates/python
[1.682s] copying /home/a4x/hezixiang/ws_rm_robot/build/generate_parameter_library_py/build/lib/generate_parameter_library_py/jinja_templates/python/set_stack_params -> /home/a4x/hezixiang/ws_rm_robot/install/generate_parameter_library_py/lib/python3.10/site-packages/generate_parameter_library_py/jinja_templates/python
[1.682s] creating /home/a4x/hezixiang/ws_rm_robot/install/generate_parameter_library_py/lib/python3.10/site-packages/generate_parameter_library_py/jinja_templates/cpp
[1.682s] copying /home/a4x/hezixiang/ws_rm_robot/build/generate_parameter_library_py/build/lib/generate_parameter_library_py/jinja_templates/cpp/declare_runtime_parameter -> /home/a4x/hezixiang/ws_rm_robot/install/generate_parameter_library_py/lib/python3.10/site-packages/generate_parameter_library_py/jinja_templates/cpp
[1.682s] copying /home/a4x/hezixiang/ws_rm_robot/build/generate_parameter_library_py/build/lib/generate_parameter_library_py/jinja_templates/cpp/update_parameter -> /home/a4x/hezixiang/ws_rm_robot/install/generate_parameter_library_py/lib/python3.10/site-packages/generate_parameter_library_py/jinja_templates/cpp
[1.682s] copying /home/a4x/hezixiang/ws_rm_robot/build/generate_parameter_library_py/build/lib/generate_parameter_library_py/jinja_templates/cpp/parameter_validation -> /home/a4x/hezixiang/ws_rm_robot/install/generate_parameter_library_py/lib/python3.10/site-packages/generate_parameter_library_py/jinja_templates/cpp
[1.682s] copying /home/a4x/hezixiang/ws_rm_robot/build/generate_parameter_library_py/build/lib/generate_parameter_library_py/jinja_templates/cpp/declare_struct -> /home/a4x/hezixiang/ws_rm_robot/install/generate_parameter_library_py/lib/python3.10/site-packages/generate_parameter_library_py/jinja_templates/cpp
[1.682s] copying /home/a4x/hezixiang/ws_rm_robot/build/generate_parameter_library_py/build/lib/generate_parameter_library_py/jinja_templates/cpp/parameter_library_header -> /home/a4x/hezixiang/ws_rm_robot/install/generate_parameter_library_py/lib/python3.10/site-packages/generate_parameter_library_py/jinja_templates/cpp
[1.682s] copying /home/a4x/hezixiang/ws_rm_robot/build/generate_parameter_library_py/build/lib/generate_parameter_library_py/jinja_templates/cpp/remove_runtime_parameter -> /home/a4x/hezixiang/ws_rm_robot/install/generate_parameter_library_py/lib/python3.10/site-packages/generate_parameter_library_py/jinja_templates/cpp
[1.682s] copying /home/a4x/hezixiang/ws_rm_robot/build/generate_parameter_library_py/build/lib/generate_parameter_library_py/jinja_templates/cpp/declare_variable -> /home/a4x/hezixiang/ws_rm_robot/install/generate_parameter_library_py/lib/python3.10/site-packages/generate_parameter_library_py/jinja_templates/cpp
[1.682s] copying /home/a4x/hezixiang/ws_rm_robot/build/generate_parameter_library_py/build/lib/generate_parameter_library_py/jinja_templates/cpp/update_runtime_parameter -> /home/a4x/hezixiang/ws_rm_robot/install/generate_parameter_library_py/lib/python3.10/site-packages/generate_parameter_library_py/jinja_templates/cpp
[1.682s] copying /home/a4x/hezixiang/ws_rm_robot/build/generate_parameter_library_py/build/lib/generate_parameter_library_py/jinja_templates/cpp/declare_parameter -> /home/a4x/hezixiang/ws_rm_robot/install/generate_parameter_library_py/lib/python3.10/site-packages/generate_parameter_library_py/jinja_templates/cpp
[1.682s] copying /home/a4x/hezixiang/ws_rm_robot/build/generate_parameter_library_py/build/lib/generate_parameter_library_py/jinja_templates/cpp/set_runtime_parameter -> /home/a4x/hezixiang/ws_rm_robot/install/generate_parameter_library_py/lib/python3.10/site-packages/generate_parameter_library_py/jinja_templates/cpp
[1.682s] copying /home/a4x/hezixiang/ws_rm_robot/build/generate_parameter_library_py/build/lib/generate_parameter_library_py/jinja_templates/cpp/set_parameter -> /home/a4x/hezixiang/ws_rm_robot/install/generate_parameter_library_py/lib/python3.10/site-packages/generate_parameter_library_py/jinja_templates/cpp
[1.682s] copying /home/a4x/hezixiang/ws_rm_robot/build/generate_parameter_library_py/build/lib/generate_parameter_library_py/jinja_templates/cpp/set_stack_params -> /home/a4x/hezixiang/ws_rm_robot/install/generate_parameter_library_py/lib/python3.10/site-packages/generate_parameter_library_py/jinja_templates/cpp
[1.682s] creating /home/a4x/hezixiang/ws_rm_robot/install/generate_parameter_library_py/lib/python3.10/site-packages/generate_parameter_library_py/jinja_templates/rst
[1.682s] copying /home/a4x/hezixiang/ws_rm_robot/build/generate_parameter_library_py/build/lib/generate_parameter_library_py/jinja_templates/rst/parameter_detail -> /home/a4x/hezixiang/ws_rm_robot/install/generate_parameter_library_py/lib/python3.10/site-packages/generate_parameter_library_py/jinja_templates/rst
[1.682s] copying /home/a4x/hezixiang/ws_rm_robot/build/generate_parameter_library_py/build/lib/generate_parameter_library_py/jinja_templates/rst/default_config -> /home/a4x/hezixiang/ws_rm_robot/install/generate_parameter_library_py/lib/python3.10/site-packages/generate_parameter_library_py/jinja_templates/rst
[1.683s] copying /home/a4x/hezixiang/ws_rm_robot/build/generate_parameter_library_py/build/lib/generate_parameter_library_py/jinja_templates/rst/documentation -> /home/a4x/hezixiang/ws_rm_robot/install/generate_parameter_library_py/lib/python3.10/site-packages/generate_parameter_library_py/jinja_templates/rst
[1.683s] creating /home/a4x/hezixiang/ws_rm_robot/install/generate_parameter_library_py/lib/python3.10/site-packages/generate_parameter_library_py/jinja_templates/markdown
[1.683s] copying /home/a4x/hezixiang/ws_rm_robot/build/generate_parameter_library_py/build/lib/generate_parameter_library_py/jinja_templates/markdown/parameter_detail -> /home/a4x/hezixiang/ws_rm_robot/install/generate_parameter_library_py/lib/python3.10/site-packages/generate_parameter_library_py/jinja_templates/markdown
[1.683s] copying /home/a4x/hezixiang/ws_rm_robot/build/generate_parameter_library_py/build/lib/generate_parameter_library_py/jinja_templates/markdown/default_config -> /home/a4x/hezixiang/ws_rm_robot/install/generate_parameter_library_py/lib/python3.10/site-packages/generate_parameter_library_py/jinja_templates/markdown
[1.683s] copying /home/a4x/hezixiang/ws_rm_robot/build/generate_parameter_library_py/build/lib/generate_parameter_library_py/jinja_templates/markdown/documentation -> /home/a4x/hezixiang/ws_rm_robot/install/generate_parameter_library_py/lib/python3.10/site-packages/generate_parameter_library_py/jinja_templates/markdown
[1.683s] copying /home/a4x/hezixiang/ws_rm_robot/build/generate_parameter_library_py/build/lib/generate_parameter_library_py/generate_python_module.py -> /home/a4x/hezixiang/ws_rm_robot/install/generate_parameter_library_py/lib/python3.10/site-packages/generate_parameter_library_py
[1.683s] copying /home/a4x/hezixiang/ws_rm_robot/build/generate_parameter_library_py/build/lib/generate_parameter_library_py/generate_markdown.py -> /home/a4x/hezixiang/ws_rm_robot/install/generate_parameter_library_py/lib/python3.10/site-packages/generate_parameter_library_py
[1.683s] copying /home/a4x/hezixiang/ws_rm_robot/build/generate_parameter_library_py/build/lib/generate_parameter_library_py/__init__.py -> /home/a4x/hezixiang/ws_rm_robot/install/generate_parameter_library_py/lib/python3.10/site-packages/generate_parameter_library_py
[1.683s] copying /home/a4x/hezixiang/ws_rm_robot/build/generate_parameter_library_py/build/lib/generate_parameter_library_py/generate_cpp_header.py -> /home/a4x/hezixiang/ws_rm_robot/install/generate_parameter_library_py/lib/python3.10/site-packages/generate_parameter_library_py
[1.683s] copying /home/a4x/hezixiang/ws_rm_robot/build/generate_parameter_library_py/build/lib/generate_parameter_library_py/parse_yaml.py -> /home/a4x/hezixiang/ws_rm_robot/install/generate_parameter_library_py/lib/python3.10/site-packages/generate_parameter_library_py
[1.683s] copying /home/a4x/hezixiang/ws_rm_robot/build/generate_parameter_library_py/build/lib/generate_parameter_library_py/python_validators.py -> /home/a4x/hezixiang/ws_rm_robot/install/generate_parameter_library_py/lib/python3.10/site-packages/generate_parameter_library_py
[1.683s] copying /home/a4x/hezixiang/ws_rm_robot/build/generate_parameter_library_py/build/lib/generate_parameter_library_py/string_filters_cpp.py -> /home/a4x/hezixiang/ws_rm_robot/install/generate_parameter_library_py/lib/python3.10/site-packages/generate_parameter_library_py
[1.683s] copying /home/a4x/hezixiang/ws_rm_robot/build/generate_parameter_library_py/build/lib/generate_parameter_library_py/python_convertions.py -> /home/a4x/hezixiang/ws_rm_robot/install/generate_parameter_library_py/lib/python3.10/site-packages/generate_parameter_library_py
[1.683s] copying /home/a4x/hezixiang/ws_rm_robot/build/generate_parameter_library_py/build/lib/generate_parameter_library_py/setup_helper.py -> /home/a4x/hezixiang/ws_rm_robot/install/generate_parameter_library_py/lib/python3.10/site-packages/generate_parameter_library_py
[1.683s] byte-compiling /home/a4x/hezixiang/ws_rm_robot/install/generate_parameter_library_py/lib/python3.10/site-packages/generate_parameter_library_py/cpp_convertions.py to cpp_convertions.cpython-310.pyc
[1.683s] byte-compiling /home/a4x/hezixiang/ws_rm_robot/install/generate_parameter_library_py/lib/python3.10/site-packages/generate_parameter_library_py/generate_python_module.py to generate_python_module.cpython-310.pyc
[1.683s] byte-compiling /home/a4x/hezixiang/ws_rm_robot/install/generate_parameter_library_py/lib/python3.10/site-packages/generate_parameter_library_py/generate_markdown.py to generate_markdown.cpython-310.pyc
[1.684s] byte-compiling /home/a4x/hezixiang/ws_rm_robot/install/generate_parameter_library_py/lib/python3.10/site-packages/generate_parameter_library_py/__init__.py to __init__.cpython-310.pyc
[1.684s] byte-compiling /home/a4x/hezixiang/ws_rm_robot/install/generate_parameter_library_py/lib/python3.10/site-packages/generate_parameter_library_py/generate_cpp_header.py to generate_cpp_header.cpython-310.pyc
[1.684s] byte-compiling /home/a4x/hezixiang/ws_rm_robot/install/generate_parameter_library_py/lib/python3.10/site-packages/generate_parameter_library_py/parse_yaml.py to parse_yaml.cpython-310.pyc
[1.690s] byte-compiling /home/a4x/hezixiang/ws_rm_robot/install/generate_parameter_library_py/lib/python3.10/site-packages/generate_parameter_library_py/python_validators.py to python_validators.cpython-310.pyc
[1.691s] byte-compiling /home/a4x/hezixiang/ws_rm_robot/install/generate_parameter_library_py/lib/python3.10/site-packages/generate_parameter_library_py/string_filters_cpp.py to string_filters_cpp.cpython-310.pyc
[1.692s] byte-compiling /home/a4x/hezixiang/ws_rm_robot/install/generate_parameter_library_py/lib/python3.10/site-packages/generate_parameter_library_py/python_convertions.py to python_convertions.cpython-310.pyc
[1.692s] byte-compiling /home/a4x/hezixiang/ws_rm_robot/install/generate_parameter_library_py/lib/python3.10/site-packages/generate_parameter_library_py/setup_helper.py to setup_helper.cpython-310.pyc
[1.692s] running install_data
[1.692s] copying package.xml -> /home/a4x/hezixiang/ws_rm_robot/install/generate_parameter_library_py/share/generate_parameter_library_py
[1.692s] creating /home/a4x/hezixiang/ws_rm_robot/install/generate_parameter_library_py/share/generate_parameter_library_py/test
[1.693s] copying generate_parameter_library_py/test/wrong_default_type.yaml -> /home/a4x/hezixiang/ws_rm_robot/install/generate_parameter_library_py/share/generate_parameter_library_py/test
[1.693s] copying generate_parameter_library_py/test/missing_type.yaml -> /home/a4x/hezixiang/ws_rm_robot/install/generate_parameter_library_py/share/generate_parameter_library_py/test
[1.693s] copying generate_parameter_library_py/test/invalid_syntax.yaml -> /home/a4x/hezixiang/ws_rm_robot/install/generate_parameter_library_py/share/generate_parameter_library_py/test
[1.693s] copying generate_parameter_library_py/test/invalid_parameter_type.yaml -> /home/a4x/hezixiang/ws_rm_robot/install/generate_parameter_library_py/share/generate_parameter_library_py/test
[1.693s] copying generate_parameter_library_py/test/valid_parameters.yaml -> /home/a4x/hezixiang/ws_rm_robot/install/generate_parameter_library_py/share/generate_parameter_library_py/test
[1.693s] copying generate_parameter_library_py/test/valid_parameters_with_none_type.yaml -> /home/a4x/hezixiang/ws_rm_robot/install/generate_parameter_library_py/share/generate_parameter_library_py/test
[1.693s] creating /home/a4x/hezixiang/ws_rm_robot/install/generate_parameter_library_py/share/ament_index
[1.693s] creating /home/a4x/hezixiang/ws_rm_robot/install/generate_parameter_library_py/share/ament_index/resource_index
[1.693s] creating /home/a4x/hezixiang/ws_rm_robot/install/generate_parameter_library_py/share/ament_index/resource_index/packages
[1.693s] copying resource/generate_parameter_library_py -> /home/a4x/hezixiang/ws_rm_robot/install/generate_parameter_library_py/share/ament_index/resource_index/packages
[1.693s] running install_egg_info
[1.693s] Copying ../../../build/generate_parameter_library_py/generate_parameter_library_py.egg-info to /home/a4x/hezixiang/ws_rm_robot/install/generate_parameter_library_py/lib/python3.10/site-packages/generate_parameter_library_py-0.3.7-py3.10.egg-info
[1.694s] running install_scripts
[1.710s] Installing generate_parameter_library_cpp script to /home/a4x/hezixiang/ws_rm_robot/install/generate_parameter_library_py/bin
[1.710s] Installing generate_parameter_library_markdown script to /home/a4x/hezixiang/ws_rm_robot/install/generate_parameter_library_py/bin
[1.710s] Installing generate_parameter_library_python script to /home/a4x/hezixiang/ws_rm_robot/install/generate_parameter_library_py/bin
[1.710s] writing list of installed files to '/home/a4x/hezixiang/ws_rm_robot/build/generate_parameter_library_py/install.log'
[1.736s] Invoked command in '/home/a4x/hezixiang/ws_rm_robot/src/generate_parameter_library/generate_parameter_library_py' returned '0': PYTHONPATH=/home/a4x/hezixiang/ws_rm_robot/build/generate_parameter_library_py/prefix_override:/home/a4x/hezixiang/ws_rm_robot/install/generate_parameter_library_py/lib/python3.10/site-packages:${PYTHONPATH} /usr/bin/python3 -W ignore:setup.py install is deprecated setup.py egg_info --egg-base ../../../build/generate_parameter_library_py build --build-base /home/a4x/hezixiang/ws_rm_robot/build/generate_parameter_library_py/build install --record /home/a4x/hezixiang/ws_rm_robot/build/generate_parameter_library_py/install.log --single-version-externally-managed install_data
