-- Install configuration: ""
-- Up-to-date: /home/a4x/hezixiang/ws_rm_robot/install/rm_gazebo/share/rm_gazebo/launch
-- Up-to-date: /home/a4x/hezixiang/ws_rm_robot/install/rm_gazebo/share/rm_gazebo/launch/gazebo_63_demo.launch.py
-- Up-to-date: /home/a4x/hezixiang/ws_rm_robot/install/rm_gazebo/share/rm_gazebo/launch/move_arm.launch.py
-- Up-to-date: /home/a4x/hezixiang/ws_rm_robot/install/rm_gazebo/share/rm_gazebo/launch/gazebo_75_demo.launch.py
-- Up-to-date: /home/a4x/hezixiang/ws_rm_robot/install/rm_gazebo/share/rm_gazebo/launch/gazebo_65_demo.launch.py
-- Up-to-date: /home/a4x/hezixiang/ws_rm_robot/install/rm_gazebo/share/rm_gazebo/launch/my_gazebo_65_demo.launch.py
-- Up-to-date: /home/a4x/hezixiang/ws_rm_robot/install/rm_gazebo/share/rm_gazebo/launch/gazebo_eco65_demo.launch.py
-- Up-to-date: /home/a4x/hezixiang/ws_rm_robot/install/rm_gazebo/share/rm_gazebo/launch/test_gazebo.launch.py
-- Installing: /home/a4x/hezixiang/ws_rm_robot/install/rm_gazebo/share/rm_gazebo/launch/load_urdf_into_gazebo.launch.py
-- Up-to-date: /home/a4x/hezixiang/ws_rm_robot/install/rm_gazebo/share/rm_gazebo/config
-- Up-to-date: /home/a4x/hezixiang/ws_rm_robot/install/rm_gazebo/share/rm_gazebo/config/complete_scene.urdf
-- Up-to-date: /home/a4x/hezixiang/ws_rm_robot/install/rm_gazebo/share/rm_gazebo/config/mbot_gazebo.xacro
-- Up-to-date: /home/a4x/hezixiang/ws_rm_robot/install/rm_gazebo/share/rm_gazebo/config/mbot_base_gazebo.xacro
-- Up-to-date: /home/a4x/hezixiang/ws_rm_robot/install/rm_gazebo/share/rm_gazebo/config/complete_scene.urdf.xacro
-- Up-to-date: /home/a4x/hezixiang/ws_rm_robot/install/rm_gazebo/share/rm_gazebo/config/gazebo_eco65_description.urdf.xacro
-- Up-to-date: /home/a4x/hezixiang/ws_rm_robot/install/rm_gazebo/share/rm_gazebo/config/gazebo_63_description.urdf.xacro
-- Up-to-date: /home/a4x/hezixiang/ws_rm_robot/install/rm_gazebo/share/rm_gazebo/config/gazebo_65_description.urdf
-- Up-to-date: /home/a4x/hezixiang/ws_rm_robot/install/rm_gazebo/share/rm_gazebo/config/gazebo_75_description.urdf.xacro
-- Up-to-date: /home/a4x/hezixiang/ws_rm_robot/install/rm_gazebo/share/rm_gazebo/config/gazebo_65_description.urdf.xacro
-- Up-to-date: /home/a4x/hezixiang/ws_rm_robot/install/rm_gazebo/share/ament_index/resource_index/package_run_dependencies/rm_gazebo
-- Up-to-date: /home/a4x/hezixiang/ws_rm_robot/install/rm_gazebo/share/ament_index/resource_index/parent_prefix_path/rm_gazebo
-- Up-to-date: /home/a4x/hezixiang/ws_rm_robot/install/rm_gazebo/share/rm_gazebo/environment/ament_prefix_path.sh
-- Up-to-date: /home/a4x/hezixiang/ws_rm_robot/install/rm_gazebo/share/rm_gazebo/environment/ament_prefix_path.dsv
-- Up-to-date: /home/a4x/hezixiang/ws_rm_robot/install/rm_gazebo/share/rm_gazebo/environment/path.sh
-- Up-to-date: /home/a4x/hezixiang/ws_rm_robot/install/rm_gazebo/share/rm_gazebo/environment/path.dsv
-- Up-to-date: /home/a4x/hezixiang/ws_rm_robot/install/rm_gazebo/share/rm_gazebo/local_setup.bash
-- Up-to-date: /home/a4x/hezixiang/ws_rm_robot/install/rm_gazebo/share/rm_gazebo/local_setup.sh
-- Up-to-date: /home/a4x/hezixiang/ws_rm_robot/install/rm_gazebo/share/rm_gazebo/local_setup.zsh
-- Up-to-date: /home/a4x/hezixiang/ws_rm_robot/install/rm_gazebo/share/rm_gazebo/local_setup.dsv
-- Installing: /home/a4x/hezixiang/ws_rm_robot/install/rm_gazebo/share/rm_gazebo/package.dsv
-- Up-to-date: /home/a4x/hezixiang/ws_rm_robot/install/rm_gazebo/share/ament_index/resource_index/packages/rm_gazebo
-- Up-to-date: /home/a4x/hezixiang/ws_rm_robot/install/rm_gazebo/share/rm_gazebo/cmake/rm_gazeboConfig.cmake
-- Up-to-date: /home/a4x/hezixiang/ws_rm_robot/install/rm_gazebo/share/rm_gazebo/cmake/rm_gazeboConfig-version.cmake
-- Up-to-date: /home/a4x/hezixiang/ws_rm_robot/install/rm_gazebo/share/rm_gazebo/package.xml
