-- The C compiler identification is GNU 11.4.0
-- The CXX compiler identification is GNU 11.4.0
-- Detecting C compiler ABI info
-- Detecting C compiler ABI info - done
-- Check for working C compiler: /usr/bin/cc - skipped
-- Detecting C compile features
-- Detecting C compile features - done
-- Detecting CXX compiler ABI info
-- Detecting CXX compiler ABI info - done
-- Check for working CXX compiler: /usr/bin/c++ - skipped
-- Detecting CXX compile features
-- Detecting CXX compile features - done
-- Found ament_cmake: 1.3.8 (/opt/ros/humble/share/ament_cmake/cmake)
-- Found Python3: /usr/bin/python3 (found version "3.10.12") found components: Interpreter 
-- Found rclcpp: 16.0.8 (/opt/ros/humble/share/rclcpp/cmake)
-- Found rosidl_generator_c: 3.1.5 (/opt/ros/humble/share/rosidl_generator_c/cmake)
-- Found rosidl_adapter: 3.1.5 (/opt/ros/humble/share/rosidl_adapter/cmake)
-- Found rosidl_generator_cpp: 3.1.5 (/opt/ros/humble/share/rosidl_generator_cpp/cmake)
-- Using all available rosidl_typesupport_c: rosidl_typesupport_fastrtps_c;rosidl_typesupport_introspection_c
-- Using all available rosidl_typesupport_cpp: rosidl_typesupport_fastrtps_cpp;rosidl_typesupport_introspection_cpp
-- Found rmw_implementation_cmake: 6.1.1 (/opt/ros/humble/share/rmw_implementation_cmake/cmake)
-- Found rmw_cyclonedds_cpp: 1.3.4 (/opt/ros/humble/share/rmw_cyclonedds_cpp/cmake)
-- Using RMW implementation 'rmw_cyclonedds_cpp' as default
-- Looking for pthread.h
-- Looking for pthread.h - found
-- Performing Test CMAKE_HAVE_LIBC_PTHREAD
-- Performing Test CMAKE_HAVE_LIBC_PTHREAD - Success
-- Found Threads: TRUE  
-- Found sensor_msgs: 4.2.3 (/opt/ros/humble/share/sensor_msgs/cmake)
-- Found rm_ros_interfaces: 0.0.0 (/home/a4x/qiufangzhou/moveit2_tut/install/rm_ros_interfaces/share/rm_ros_interfaces/cmake)
-- Found ament_lint_auto: 0.12.10 (/opt/ros/humble/share/ament_lint_auto/cmake)
-- Added test 'cppcheck' to perform static code analysis on C / C++ code
-- Configured cppcheck include dirs: 
-- Configured cppcheck exclude dirs and/or files: 
-- Added test 'flake8' to check Python code syntax and style conventions
-- Added test 'lint_cmake' to check CMake code style
-- Added test 'pep257' to check Python code against some of the docstring style conventions in PEP 257
-- Added test 'uncrustify' to check C / C++ code style
-- Configured uncrustify additional arguments: 
-- Added test 'xmllint' to check XML markup files
-- Configuring done
-- Generating done
-- Build files have been written to: /home/a4x/hezixiang/ws_rm_robot/build/rm_example
[ 10%] [32mBuilding CXX object CMakeFiles/rm_change_work_frame.dir/src/api_ChangeWorkFrame_demo.cpp.o[0m
[ 20%] [32mBuilding CXX object CMakeFiles/movel_demo.dir/src/api_MoveL_demo.cpp.o[0m
[ 30%] [32mBuilding CXX object CMakeFiles/rm_get_state.dir/src/api_Get_Arm_State_demo.cpp.o[0m
[ 40%] [32mBuilding CXX object CMakeFiles/movej_demo.dir/src/api_MoveJ_demo.cpp.o[0m
[ 50%] [32mBuilding CXX object CMakeFiles/movejp_demo.dir/src/api_MoveJP_demo.cpp.o[0m
[ 60%] [32m[1mLinking CXX executable rm_get_state[0m
[ 70%] [32m[1mLinking CXX executable rm_change_work_frame[0m
[ 80%] [32m[1mLinking CXX executable movej_demo[0m
[ 80%] Built target rm_get_state
[ 80%] Built target movej_demo
[ 80%] Built target rm_change_work_frame
[ 90%] [32m[1mLinking CXX executable movel_demo[0m
[ 90%] Built target movel_demo
[100%] [32m[1mLinking CXX executable movejp_demo[0m
[100%] Built target movejp_demo
-- Install configuration: ""
-- Installing: /home/a4x/hezixiang/ws_rm_robot/install/rm_example/share/rm_example/launch
-- Installing: /home/a4x/hezixiang/ws_rm_robot/install/rm_example/share/rm_example/launch/rm_7dof_movej.launch.py
-- Installing: /home/a4x/hezixiang/ws_rm_robot/install/rm_example/share/rm_example/launch/rm_6dof_movej.launch.py
-- Installing: /home/a4x/hezixiang/ws_rm_robot/install/rm_example/lib/rm_example/rm_change_work_frame
-- Set runtime path of "/home/a4x/hezixiang/ws_rm_robot/install/rm_example/lib/rm_example/rm_change_work_frame" to ""
-- Installing: /home/a4x/hezixiang/ws_rm_robot/install/rm_example/lib/rm_example/rm_get_state
-- Set runtime path of "/home/a4x/hezixiang/ws_rm_robot/install/rm_example/lib/rm_example/rm_get_state" to ""
-- Installing: /home/a4x/hezixiang/ws_rm_robot/install/rm_example/lib/rm_example/movej_demo
-- Set runtime path of "/home/a4x/hezixiang/ws_rm_robot/install/rm_example/lib/rm_example/movej_demo" to ""
-- Installing: /home/a4x/hezixiang/ws_rm_robot/install/rm_example/lib/rm_example/movejp_demo
-- Set runtime path of "/home/a4x/hezixiang/ws_rm_robot/install/rm_example/lib/rm_example/movejp_demo" to ""
-- Installing: /home/a4x/hezixiang/ws_rm_robot/install/rm_example/lib/rm_example/movel_demo
-- Set runtime path of "/home/a4x/hezixiang/ws_rm_robot/install/rm_example/lib/rm_example/movel_demo" to ""
-- Installing: /home/a4x/hezixiang/ws_rm_robot/install/rm_example/share/ament_index/resource_index/package_run_dependencies/rm_example
-- Installing: /home/a4x/hezixiang/ws_rm_robot/install/rm_example/share/ament_index/resource_index/parent_prefix_path/rm_example
-- Installing: /home/a4x/hezixiang/ws_rm_robot/install/rm_example/share/rm_example/environment/ament_prefix_path.sh
-- Installing: /home/a4x/hezixiang/ws_rm_robot/install/rm_example/share/rm_example/environment/ament_prefix_path.dsv
-- Installing: /home/a4x/hezixiang/ws_rm_robot/install/rm_example/share/rm_example/environment/path.sh
-- Installing: /home/a4x/hezixiang/ws_rm_robot/install/rm_example/share/rm_example/environment/path.dsv
-- Installing: /home/a4x/hezixiang/ws_rm_robot/install/rm_example/share/rm_example/local_setup.bash
-- Installing: /home/a4x/hezixiang/ws_rm_robot/install/rm_example/share/rm_example/local_setup.sh
-- Installing: /home/a4x/hezixiang/ws_rm_robot/install/rm_example/share/rm_example/local_setup.zsh
-- Installing: /home/a4x/hezixiang/ws_rm_robot/install/rm_example/share/rm_example/local_setup.dsv
-- Installing: /home/a4x/hezixiang/ws_rm_robot/install/rm_example/share/rm_example/package.dsv
-- Installing: /home/a4x/hezixiang/ws_rm_robot/install/rm_example/share/ament_index/resource_index/packages/rm_example
-- Installing: /home/a4x/hezixiang/ws_rm_robot/install/rm_example/share/rm_example/cmake/rm_exampleConfig.cmake
-- Installing: /home/a4x/hezixiang/ws_rm_robot/install/rm_example/share/rm_example/cmake/rm_exampleConfig-version.cmake
-- Installing: /home/a4x/hezixiang/ws_rm_robot/install/rm_example/share/rm_example/package.xml
