[1.142s] Invoking command in '/home/a4x/hezixiang/ws_rm_robot/src/image_sender': PYTHONPATH=/home/a4x/hezixiang/ws_rm_robot/build/image_sender/prefix_override:/home/a4x/hezixiang/ws_rm_robot/install/image_sender/lib/python3.10/site-packages:${PYTHONPATH} /usr/bin/python3 -W ignore:setup.py install is deprecated setup.py egg_info --egg-base ../../build/image_sender build --build-base /home/a4x/hezixiang/ws_rm_robot/build/image_sender/build install --record /home/a4x/hezixiang/ws_rm_robot/build/image_sender/install.log --single-version-externally-managed install_data
[1.364s] running egg_info
[1.365s] writing ../../build/image_sender/image_sender.egg-info/PKG-INFO
[1.365s] writing dependency_links to ../../build/image_sender/image_sender.egg-info/dependency_links.txt
[1.365s] writing entry points to ../../build/image_sender/image_sender.egg-info/entry_points.txt
[1.365s] writing requirements to ../../build/image_sender/image_sender.egg-info/requires.txt
[1.365s] writing top-level names to ../../build/image_sender/image_sender.egg-info/top_level.txt
[1.366s] reading manifest file '../../build/image_sender/image_sender.egg-info/SOURCES.txt'
[1.367s] writing manifest file '../../build/image_sender/image_sender.egg-info/SOURCES.txt'
[1.367s] running build
[1.367s] running build_py
[1.367s] running install
[1.367s] running install_lib
[1.368s] running install_data
[1.369s] running install_egg_info
[1.370s] removing '/home/a4x/hezixiang/ws_rm_robot/install/image_sender/lib/python3.10/site-packages/image_sender-0.0.0-py3.10.egg-info' (and everything under it)
[1.370s] Copying ../../build/image_sender/image_sender.egg-info to /home/a4x/hezixiang/ws_rm_robot/install/image_sender/lib/python3.10/site-packages/image_sender-0.0.0-py3.10.egg-info
[1.370s] running install_scripts
[1.386s] Installing image_sender script to /home/a4x/hezixiang/ws_rm_robot/install/image_sender/lib/image_sender
[1.386s] writing list of installed files to '/home/a4x/hezixiang/ws_rm_robot/build/image_sender/install.log'
[1.406s] Invoked command in '/home/a4x/hezixiang/ws_rm_robot/src/image_sender' returned '0': PYTHONPATH=/home/a4x/hezixiang/ws_rm_robot/build/image_sender/prefix_override:/home/a4x/hezixiang/ws_rm_robot/install/image_sender/lib/python3.10/site-packages:${PYTHONPATH} /usr/bin/python3 -W ignore:setup.py install is deprecated setup.py egg_info --egg-base ../../build/image_sender build --build-base /home/a4x/hezixiang/ws_rm_robot/build/image_sender/build install --record /home/a4x/hezixiang/ws_rm_robot/build/image_sender/install.log --single-version-externally-managed install_data
