[0.000000] (-) TimerEvent: {}
[0.000183] (-) JobUnselected: {'identifier': 'chomp_motion_planner'}
[0.000281] (-) JobUnselected: {'identifier': 'cmake_generate_parameter_module_example'}
[0.000319] (-) JobUnselected: {'identifier': 'generate_parameter_library'}
[0.000333] (-) JobUnselected: {'identifier': 'generate_parameter_library_example'}
[0.000342] (-) JobUnselected: {'identifier': 'generate_parameter_library_py'}
[0.000377] (-) JobUnselected: {'identifier': 'generate_parameter_module_example'}
[0.000386] (-) JobUnselected: {'identifier': 'image_sender'}
[0.000395] (-) JobUnselected: {'identifier': 'moveit'}
[0.000404] (-) JobUnselected: {'identifier': 'moveit_chomp_optimizer_adapter'}
[0.000412] (-) JobUnselected: {'identifier': 'moveit_common'}
[0.000421] (-) JobUnselected: {'identifier': 'moveit_configs_utils'}
[0.000430] (-) JobUnselected: {'identifier': 'moveit_core'}
[0.000438] (-) JobUnselected: {'identifier': 'moveit_hybrid_planning'}
[0.000447] (-) JobUnselected: {'identifier': 'moveit_kinematics'}
[0.000456] (-) JobUnselected: {'identifier': 'moveit_msgs'}
[0.000464] (-) JobUnselected: {'identifier': 'moveit_planners'}
[0.000472] (-) JobUnselected: {'identifier': 'moveit_planners_chomp'}
[0.000480] (-) JobUnselected: {'identifier': 'moveit_planners_ompl'}
[0.000489] (-) JobUnselected: {'identifier': 'moveit_plugins'}
[0.000498] (-) JobUnselected: {'identifier': 'moveit_resources'}
[0.000506] (-) JobUnselected: {'identifier': 'moveit_resources_fanuc_description'}
[0.000514] (-) JobUnselected: {'identifier': 'moveit_resources_fanuc_moveit_config'}
[0.000541] (-) JobUnselected: {'identifier': 'moveit_resources_panda_description'}
[0.000550] (-) JobUnselected: {'identifier': 'moveit_resources_panda_moveit_config'}
[0.000558] (-) JobUnselected: {'identifier': 'moveit_resources_pr2_description'}
[0.000566] (-) JobUnselected: {'identifier': 'moveit_resources_prbt_ikfast_manipulator_plugin'}
[0.000575] (-) JobUnselected: {'identifier': 'moveit_resources_prbt_moveit_config'}
[0.000583] (-) JobUnselected: {'identifier': 'moveit_resources_prbt_pg70_support'}
[0.000592] (-) JobUnselected: {'identifier': 'moveit_resources_prbt_support'}
[0.000601] (-) JobUnselected: {'identifier': 'moveit_ros'}
[0.000609] (-) JobUnselected: {'identifier': 'moveit_ros_benchmarks'}
[0.000617] (-) JobUnselected: {'identifier': 'moveit_ros_control_interface'}
[0.000626] (-) JobUnselected: {'identifier': 'moveit_ros_move_group'}
[0.000634] (-) JobUnselected: {'identifier': 'moveit_ros_occupancy_map_monitor'}
[0.000642] (-) JobUnselected: {'identifier': 'moveit_ros_perception'}
[0.000651] (-) JobUnselected: {'identifier': 'moveit_ros_planning'}
[0.000659] (-) JobUnselected: {'identifier': 'moveit_ros_planning_interface'}
[0.000668] (-) JobUnselected: {'identifier': 'moveit_ros_robot_interaction'}
[0.000676] (-) JobUnselected: {'identifier': 'moveit_ros_visualization'}
[0.000684] (-) JobUnselected: {'identifier': 'moveit_ros_warehouse'}
[0.000692] (-) JobUnselected: {'identifier': 'moveit_runtime'}
[0.000700] (-) JobUnselected: {'identifier': 'moveit_servo'}
[0.000709] (-) JobUnselected: {'identifier': 'moveit_setup_app_plugins'}
[0.000717] (-) JobUnselected: {'identifier': 'moveit_setup_assistant'}
[0.000726] (-) JobUnselected: {'identifier': 'moveit_setup_controllers'}
[0.000734] (-) JobUnselected: {'identifier': 'moveit_setup_core_plugins'}
[0.000742] (-) JobUnselected: {'identifier': 'moveit_setup_framework'}
[0.000751] (-) JobUnselected: {'identifier': 'moveit_setup_srdf_plugins'}
[0.000759] (-) JobUnselected: {'identifier': 'moveit_simple_controller_manager'}
[0.000767] (-) JobUnselected: {'identifier': 'parameter_traits'}
[0.000776] (-) JobUnselected: {'identifier': 'pilz_industrial_motion_planner'}
[0.000784] (-) JobUnselected: {'identifier': 'pilz_industrial_motion_planner_testutils'}
[0.000793] (-) JobUnselected: {'identifier': 'rm_63_config'}
[0.000801] (-) JobUnselected: {'identifier': 'rm_65_config'}
[0.000809] (-) JobUnselected: {'identifier': 'rm_75_config'}
[0.000818] (-) JobUnselected: {'identifier': 'rm_bringup'}
[0.000826] (-) JobUnselected: {'identifier': 'rm_control'}
[0.000931] (-) JobUnselected: {'identifier': 'rm_description'}
[0.000954] (-) JobUnselected: {'identifier': 'rm_doc'}
[0.000964] (-) JobUnselected: {'identifier': 'rm_driver'}
[0.000973] (-) JobUnselected: {'identifier': 'rm_eco65_config'}
[0.000981] (-) JobUnselected: {'identifier': 'rm_example'}
[0.000989] (-) JobUnselected: {'identifier': 'rm_gazebo'}
[0.000997] (-) JobUnselected: {'identifier': 'rm_install'}
[0.001005] (-) JobUnselected: {'identifier': 'rm_ros_interfaces'}
[0.001014] (-) EventReactorShutdown: {}
