[1.220s] Invoking command in '/home/a4x/hezixiang/ws_rm_robot/src/moveit2/moveit_configs_utils': PYTHONPATH=/home/a4x/hezixiang/ws_rm_robot/build/moveit_configs_utils/prefix_override:/home/a4x/hezixiang/ws_rm_robot/install/moveit_configs_utils/lib/python3.10/site-packages:${PYTHONPATH} /usr/bin/python3 -W ignore:setup.py install is deprecated setup.py egg_info --egg-base ../../../build/moveit_configs_utils build --build-base /home/a4x/hezixiang/ws_rm_robot/build/moveit_configs_utils/build install --record /home/a4x/hezixiang/ws_rm_robot/build/moveit_configs_utils/install.log --single-version-externally-managed install_data
[1.428s] running egg_info
[1.429s] writing ../../../build/moveit_configs_utils/moveit_configs_utils.egg-info/PKG-INFO
[1.429s] writing dependency_links to ../../../build/moveit_configs_utils/moveit_configs_utils.egg-info/dependency_links.txt
[1.429s] writing entry points to ../../../build/moveit_configs_utils/moveit_configs_utils.egg-info/entry_points.txt
[1.429s] writing requirements to ../../../build/moveit_configs_utils/moveit_configs_utils.egg-info/requires.txt
[1.429s] writing top-level names to ../../../build/moveit_configs_utils/moveit_configs_utils.egg-info/top_level.txt
[1.430s] reading manifest file '../../../build/moveit_configs_utils/moveit_configs_utils.egg-info/SOURCES.txt'
[1.431s] writing manifest file '../../../build/moveit_configs_utils/moveit_configs_utils.egg-info/SOURCES.txt'
[1.431s] running build
[1.431s] running build_py
[1.431s] running install
[1.432s] running install_lib
[1.432s] running install_data
[1.432s] running install_egg_info
[1.434s] removing '/home/a4x/hezixiang/ws_rm_robot/install/moveit_configs_utils/lib/python3.10/site-packages/moveit_configs_utils-2.5.5-py3.10.egg-info' (and everything under it)
[1.434s] Copying ../../../build/moveit_configs_utils/moveit_configs_utils.egg-info to /home/a4x/hezixiang/ws_rm_robot/install/moveit_configs_utils/lib/python3.10/site-packages/moveit_configs_utils-2.5.5-py3.10.egg-info
[1.434s] running install_scripts
[1.449s] writing list of installed files to '/home/a4x/hezixiang/ws_rm_robot/build/moveit_configs_utils/install.log'
[1.469s] Invoked command in '/home/a4x/hezixiang/ws_rm_robot/src/moveit2/moveit_configs_utils' returned '0': PYTHONPATH=/home/a4x/hezixiang/ws_rm_robot/build/moveit_configs_utils/prefix_override:/home/a4x/hezixiang/ws_rm_robot/install/moveit_configs_utils/lib/python3.10/site-packages:${PYTHONPATH} /usr/bin/python3 -W ignore:setup.py install is deprecated setup.py egg_info --egg-base ../../../build/moveit_configs_utils build --build-base /home/a4x/hezixiang/ws_rm_robot/build/moveit_configs_utils/build install --record /home/a4x/hezixiang/ws_rm_robot/build/moveit_configs_utils/install.log --single-version-externally-managed install_data
