-- Install configuration: ""
-- Up-to-date: /home/a4x/hezixiang/ws_rm_robot/install/rm_description/share/rm_description/launch
-- Up-to-date: /home/a4x/hezixiang/ws_rm_robot/install/rm_description/share/rm_description/launch/rm_eco65_display.launch.py
-- Up-to-date: /home/a4x/hezixiang/ws_rm_robot/install/rm_description/share/rm_description/launch/rm_63_display.launch.py
-- Up-to-date: /home/a4x/hezixiang/ws_rm_robot/install/rm_description/share/rm_description/launch/rm_75_display.launch.py
-- Up-to-date: /home/a4x/hezixiang/ws_rm_robot/install/rm_description/share/rm_description/launch/rm_65_display.launch.py
-- Up-to-date: /home/a4x/hezixiang/ws_rm_robot/install/rm_description/share/rm_description/urdf
-- Up-to-date: /home/a4x/hezixiang/ws_rm_robot/install/rm_description/share/rm_description/urdf/sensors
-- Up-to-date: /home/a4x/hezixiang/ws_rm_robot/install/rm_description/share/rm_description/urdf/sensors/rgbd_gazebo.xacro
-- Up-to-date: /home/a4x/hezixiang/ws_rm_robot/install/rm_description/share/rm_description/urdf/sensors/lidar_gazebo.xacro
-- Up-to-date: /home/a4x/hezixiang/ws_rm_robot/install/rm_description/share/rm_description/urdf/sensors/kinect_gazebo.xacro
-- Up-to-date: /home/a4x/hezixiang/ws_rm_robot/install/rm_description/share/rm_description/urdf/sensors/camera_gazebo.xacro
-- Up-to-date: /home/a4x/hezixiang/ws_rm_robot/install/rm_description/share/rm_description/urdf/sensors/segmentation_camera_gazebo.xacro
-- Up-to-date: /home/a4x/hezixiang/ws_rm_robot/install/rm_description/share/rm_description/urdf/rm_75.urdf
-- Up-to-date: /home/a4x/hezixiang/ws_rm_robot/install/rm_description/share/rm_description/urdf/rm_75_gazebo.urdf
-- Up-to-date: /home/a4x/hezixiang/ws_rm_robot/install/rm_description/share/rm_description/urdf/rm_65_description.csv
-- Up-to-date: /home/a4x/hezixiang/ws_rm_robot/install/rm_description/share/rm_description/urdf/rm_65_gazebo.urdf
-- Up-to-date: /home/a4x/hezixiang/ws_rm_robot/install/rm_description/share/rm_description/urdf/rm_eco65_gazebo.urdf
-- Up-to-date: /home/a4x/hezixiang/ws_rm_robot/install/rm_description/share/rm_description/urdf/rm_75_description.csv
-- Up-to-date: /home/a4x/hezixiang/ws_rm_robot/install/rm_description/share/rm_description/urdf/rm_eco65.urdf
-- Up-to-date: /home/a4x/hezixiang/ws_rm_robot/install/rm_description/share/rm_description/urdf/rm_65.urdf
-- Up-to-date: /home/a4x/hezixiang/ws_rm_robot/install/rm_description/share/rm_description/urdf/rm_eco65.csv
-- Up-to-date: /home/a4x/hezixiang/ws_rm_robot/install/rm_description/share/rm_description/urdf/rml_63.urdf
-- Up-to-date: /home/a4x/hezixiang/ws_rm_robot/install/rm_description/share/rm_description/urdf/rml_63_gazebo.urdf
-- Up-to-date: /home/a4x/hezixiang/ws_rm_robot/install/rm_description/share/rm_description/urdf/display_arm.rviz
-- Up-to-date: /home/a4x/hezixiang/ws_rm_robot/install/rm_description/share/rm_description/urdf/rml_63_description.csv
-- Up-to-date: /home/a4x/hezixiang/ws_rm_robot/install/rm_description/share/rm_description/urdf/gripper
-- Up-to-date: /home/a4x/hezixiang/ws_rm_robot/install/rm_description/share/rm_description/urdf/gripper/gripper_gazebo.xacro.bak
-- Up-to-date: /home/a4x/hezixiang/ws_rm_robot/install/rm_description/share/rm_description/urdf/gripper/gripper_gazebo.xacro
-- Up-to-date: /home/a4x/hezixiang/ws_rm_robot/install/rm_description/share/rm_description/urdf/gripper/camera_connect.xacro
-- Up-to-date: /home/a4x/hezixiang/ws_rm_robot/install/rm_description/share/rm_description/meshes
-- Up-to-date: /home/a4x/hezixiang/ws_rm_robot/install/rm_description/share/rm_description/meshes/rm_65_arm
-- Up-to-date: /home/a4x/hezixiang/ws_rm_robot/install/rm_description/share/rm_description/meshes/rm_65_arm/link1.STL
-- Up-to-date: /home/a4x/hezixiang/ws_rm_robot/install/rm_description/share/rm_description/meshes/rm_65_arm/link5.STL
-- Up-to-date: /home/a4x/hezixiang/ws_rm_robot/install/rm_description/share/rm_description/meshes/rm_65_arm/link6.STL
-- Up-to-date: /home/a4x/hezixiang/ws_rm_robot/install/rm_description/share/rm_description/meshes/rm_65_arm/base_link.STL
-- Up-to-date: /home/a4x/hezixiang/ws_rm_robot/install/rm_description/share/rm_description/meshes/rm_65_arm/link3.STL
-- Up-to-date: /home/a4x/hezixiang/ws_rm_robot/install/rm_description/share/rm_description/meshes/rm_65_arm/link4.STL
-- Up-to-date: /home/a4x/hezixiang/ws_rm_robot/install/rm_description/share/rm_description/meshes/rm_65_arm/link2.STL
-- Up-to-date: /home/a4x/hezixiang/ws_rm_robot/install/rm_description/share/rm_description/meshes/rm_75_arm
-- Up-to-date: /home/a4x/hezixiang/ws_rm_robot/install/rm_description/share/rm_description/meshes/rm_75_arm/link1.STL
-- Up-to-date: /home/a4x/hezixiang/ws_rm_robot/install/rm_description/share/rm_description/meshes/rm_75_arm/link7.STL
-- Up-to-date: /home/a4x/hezixiang/ws_rm_robot/install/rm_description/share/rm_description/meshes/rm_75_arm/link5.STL
-- Up-to-date: /home/a4x/hezixiang/ws_rm_robot/install/rm_description/share/rm_description/meshes/rm_75_arm/link6.STL
-- Up-to-date: /home/a4x/hezixiang/ws_rm_robot/install/rm_description/share/rm_description/meshes/rm_75_arm/base_link.STL
-- Up-to-date: /home/a4x/hezixiang/ws_rm_robot/install/rm_description/share/rm_description/meshes/rm_75_arm/link3.STL
-- Up-to-date: /home/a4x/hezixiang/ws_rm_robot/install/rm_description/share/rm_description/meshes/rm_75_arm/link4.STL
-- Up-to-date: /home/a4x/hezixiang/ws_rm_robot/install/rm_description/share/rm_description/meshes/rm_75_arm/link2.STL
-- Up-to-date: /home/a4x/hezixiang/ws_rm_robot/install/rm_description/share/rm_description/meshes/rm_eco65_arm
-- Up-to-date: /home/a4x/hezixiang/ws_rm_robot/install/rm_description/share/rm_description/meshes/rm_eco65_arm/Link6.STL
-- Up-to-date: /home/a4x/hezixiang/ws_rm_robot/install/rm_description/share/rm_description/meshes/rm_eco65_arm/baselink.STL
-- Up-to-date: /home/a4x/hezixiang/ws_rm_robot/install/rm_description/share/rm_description/meshes/rm_eco65_arm/Link1.STL
-- Up-to-date: /home/a4x/hezixiang/ws_rm_robot/install/rm_description/share/rm_description/meshes/rm_eco65_arm/Link4.STL
-- Up-to-date: /home/a4x/hezixiang/ws_rm_robot/install/rm_description/share/rm_description/meshes/rm_eco65_arm/Link2.STL
-- Up-to-date: /home/a4x/hezixiang/ws_rm_robot/install/rm_description/share/rm_description/meshes/rm_eco65_arm/Link3.STL
-- Up-to-date: /home/a4x/hezixiang/ws_rm_robot/install/rm_description/share/rm_description/meshes/rm_eco65_arm/Link5.STL
-- Up-to-date: /home/a4x/hezixiang/ws_rm_robot/install/rm_description/share/rm_description/meshes/rm_63_arm
-- Up-to-date: /home/a4x/hezixiang/ws_rm_robot/install/rm_description/share/rm_description/meshes/rm_63_arm/link1.STL
-- Up-to-date: /home/a4x/hezixiang/ws_rm_robot/install/rm_description/share/rm_description/meshes/rm_63_arm/link5.STL
-- Up-to-date: /home/a4x/hezixiang/ws_rm_robot/install/rm_description/share/rm_description/meshes/rm_63_arm/link6.STL
-- Up-to-date: /home/a4x/hezixiang/ws_rm_robot/install/rm_description/share/rm_description/meshes/rm_63_arm/base_link.STL
-- Up-to-date: /home/a4x/hezixiang/ws_rm_robot/install/rm_description/share/rm_description/meshes/rm_63_arm/link3.STL
-- Up-to-date: /home/a4x/hezixiang/ws_rm_robot/install/rm_description/share/rm_description/meshes/rm_63_arm/link4.STL
-- Up-to-date: /home/a4x/hezixiang/ws_rm_robot/install/rm_description/share/rm_description/meshes/rm_63_arm/link2.STL
-- Up-to-date: /home/a4x/hezixiang/ws_rm_robot/install/rm_description/share/rm_description/meshes/gripper
-- Up-to-date: /home/a4x/hezixiang/ws_rm_robot/install/rm_description/share/rm_description/meshes/gripper/gripper_Link2.STL
-- Up-to-date: /home/a4x/hezixiang/ws_rm_robot/install/rm_description/share/rm_description/meshes/gripper/camera_connect.STL
-- Up-to-date: /home/a4x/hezixiang/ws_rm_robot/install/rm_description/share/rm_description/meshes/gripper/gripper_Link1.STL
-- Up-to-date: /home/a4x/hezixiang/ws_rm_robot/install/rm_description/share/rm_description/meshes/gripper/gripper_base_link.STL
-- Up-to-date: /home/a4x/hezixiang/ws_rm_robot/install/rm_description/share/rm_description/meshes/gripper/gripper_Link3.STL
-- Up-to-date: /home/a4x/hezixiang/ws_rm_robot/install/rm_description/share/rm_description/meshes/gripper/gripper_Link4.STL
-- Up-to-date: /home/a4x/hezixiang/ws_rm_robot/install/rm_description/share/ament_index/resource_index/package_run_dependencies/rm_description
-- Up-to-date: /home/a4x/hezixiang/ws_rm_robot/install/rm_description/share/ament_index/resource_index/parent_prefix_path/rm_description
-- Up-to-date: /home/a4x/hezixiang/ws_rm_robot/install/rm_description/share/rm_description/environment/ament_prefix_path.sh
-- Up-to-date: /home/a4x/hezixiang/ws_rm_robot/install/rm_description/share/rm_description/environment/ament_prefix_path.dsv
-- Up-to-date: /home/a4x/hezixiang/ws_rm_robot/install/rm_description/share/rm_description/environment/path.sh
-- Up-to-date: /home/a4x/hezixiang/ws_rm_robot/install/rm_description/share/rm_description/environment/path.dsv
-- Up-to-date: /home/a4x/hezixiang/ws_rm_robot/install/rm_description/share/rm_description/local_setup.bash
-- Up-to-date: /home/a4x/hezixiang/ws_rm_robot/install/rm_description/share/rm_description/local_setup.sh
-- Up-to-date: /home/a4x/hezixiang/ws_rm_robot/install/rm_description/share/rm_description/local_setup.zsh
-- Up-to-date: /home/a4x/hezixiang/ws_rm_robot/install/rm_description/share/rm_description/local_setup.dsv
-- Installing: /home/a4x/hezixiang/ws_rm_robot/install/rm_description/share/rm_description/package.dsv
-- Up-to-date: /home/a4x/hezixiang/ws_rm_robot/install/rm_description/share/ament_index/resource_index/packages/rm_description
-- Up-to-date: /home/a4x/hezixiang/ws_rm_robot/install/rm_description/share/rm_description/cmake/rm_descriptionConfig.cmake
-- Up-to-date: /home/a4x/hezixiang/ws_rm_robot/install/rm_description/share/rm_description/cmake/rm_descriptionConfig-version.cmake
-- Up-to-date: /home/a4x/hezixiang/ws_rm_robot/install/rm_description/share/rm_description/package.xml
