[1.125s] Invoking command in '/home/a4x/hezixiang/ws_rm_robot/src/image_sender': PYTHONPATH=/home/a4x/hezixiang/ws_rm_robot/build/image_sender/prefix_override:/home/a4x/hezixiang/ws_rm_robot/install/image_sender/lib/python3.10/site-packages:${PYTHONPATH} /usr/bin/python3 -W ignore:setup.py install is deprecated setup.py egg_info --egg-base ../../build/image_sender build --build-base /home/a4x/hezixiang/ws_rm_robot/build/image_sender/build install --record /home/a4x/hezixiang/ws_rm_robot/build/image_sender/install.log --single-version-externally-managed install_data
[1.387s] running egg_info
[1.388s] writing ../../build/image_sender/image_sender.egg-info/PKG-INFO
[1.388s] writing dependency_links to ../../build/image_sender/image_sender.egg-info/dependency_links.txt
[1.388s] writing entry points to ../../build/image_sender/image_sender.egg-info/entry_points.txt
[1.388s] writing requirements to ../../build/image_sender/image_sender.egg-info/requires.txt
[1.388s] writing top-level names to ../../build/image_sender/image_sender.egg-info/top_level.txt
[1.389s] reading manifest file '../../build/image_sender/image_sender.egg-info/SOURCES.txt'
[1.390s] writing manifest file '../../build/image_sender/image_sender.egg-info/SOURCES.txt'
[1.390s] running build
[1.390s] running build_py
[1.391s] running install
[1.391s] running install_lib
[1.392s] running install_data
[1.392s] running install_egg_info
[1.393s] removing '/home/a4x/hezixiang/ws_rm_robot/install/image_sender/lib/python3.10/site-packages/image_sender-0.0.0-py3.10.egg-info' (and everything under it)
[1.393s] Copying ../../build/image_sender/image_sender.egg-info to /home/a4x/hezixiang/ws_rm_robot/install/image_sender/lib/python3.10/site-packages/image_sender-0.0.0-py3.10.egg-info
[1.393s] running install_scripts
[1.409s] Installing image_sender script to /home/a4x/hezixiang/ws_rm_robot/install/image_sender/lib/image_sender
[1.409s] writing list of installed files to '/home/a4x/hezixiang/ws_rm_robot/build/image_sender/install.log'
[1.436s] Invoked command in '/home/a4x/hezixiang/ws_rm_robot/src/image_sender' returned '0': PYTHONPATH=/home/a4x/hezixiang/ws_rm_robot/build/image_sender/prefix_override:/home/a4x/hezixiang/ws_rm_robot/install/image_sender/lib/python3.10/site-packages:${PYTHONPATH} /usr/bin/python3 -W ignore:setup.py install is deprecated setup.py egg_info --egg-base ../../build/image_sender build --build-base /home/a4x/hezixiang/ws_rm_robot/build/image_sender/build install --record /home/a4x/hezixiang/ws_rm_robot/build/image_sender/install.log --single-version-externally-managed install_data
